[2026-05-16T16:25:13.024+0000] {taskinstance.py:1956} INFO - Dependencies all met for dep_context=non-requeueable deps ti=<TaskInstance: thelook_ecommerce_churn_pipeline.1_extract_bigquery_to_duckdb manual__2026-05-16T16:21:26.846581+00:00 [queued]>
[2026-05-16T16:25:13.052+0000] {taskinstance.py:1956} INFO - Dependencies all met for dep_context=requeueable deps ti=<TaskInstance: thelook_ecommerce_churn_pipeline.1_extract_bigquery_to_duckdb manual__2026-05-16T16:21:26.846581+00:00 [queued]>
[2026-05-16T16:25:13.053+0000] {taskinstance.py:2170} INFO - Starting attempt 2 of 3
[2026-05-16T16:25:13.119+0000] {taskinstance.py:2191} INFO - Executing <Task(BashOperator): 1_extract_bigquery_to_duckdb> on 2026-05-16 16:21:26.846581+00:00
[2026-05-16T16:25:13.128+0000] {standard_task_runner.py:60} INFO - Started process 117 to run task
[2026-05-16T16:25:13.151+0000] {standard_task_runner.py:87} INFO - Running: ['airflow', 'tasks', 'run', 'thelook_ecommerce_churn_pipeline', '1_extract_bigquery_to_duckdb', 'manual__2026-05-16T16:21:26.846581+00:00', '--job-id', '10', '--raw', '--subdir', 'DAGS_FOLDER/churn_pipeline_dag.py', '--cfg-path', '/tmp/tmpsp6ahemx']
[2026-05-16T16:25:13.189+0000] {standard_task_runner.py:88} INFO - Job 10: Subtask 1_extract_bigquery_to_duckdb
[2026-05-16T16:25:13.423+0000] {logging_mixin.py:188} WARNING - /home/airflow/.local/lib/python3.10/site-packages/airflow/settings.py:194 DeprecationWarning: The sql_alchemy_conn option in [core] has been moved to the sql_alchemy_conn option in [database] - the old setting has been used, but please update your config.
[2026-05-16T16:25:13.862+0000] {task_command.py:423} INFO - Running <TaskInstance: thelook_ecommerce_churn_pipeline.1_extract_bigquery_to_duckdb manual__2026-05-16T16:21:26.846581+00:00 [running]> on host 8dcafd7b7b97
[2026-05-16T16:25:14.552+0000] {taskinstance.py:2480} INFO - Exporting env vars: AIRFLOW_CTX_DAG_OWNER='reyhan_mauluddi' AIRFLOW_CTX_DAG_ID='thelook_ecommerce_churn_pipeline' AIRFLOW_CTX_TASK_ID='1_extract_bigquery_to_duckdb' AIRFLOW_CTX_EXECUTION_DATE='2026-05-16T16:21:26.846581+00:00' AIRFLOW_CTX_TRY_NUMBER='2' AIRFLOW_CTX_DAG_RUN_ID='manual__2026-05-16T16:21:26.846581+00:00'
[2026-05-16T16:25:14.557+0000] {subprocess.py:63} INFO - Tmp dir root location: /tmp
[2026-05-16T16:25:14.563+0000] {subprocess.py:75} INFO - Running command: ['/usr/bin/bash', '-c', 'python3 /opt/airflow/scripts/extract.py']
[2026-05-16T16:25:14.604+0000] {subprocess.py:86} INFO - Output:
[2026-05-16T16:26:08.196+0000] {subprocess.py:93} INFO - 🚀 Memulai proses Ingestion dari BigQuery ke DuckDB...
[2026-05-16T16:26:08.198+0000] {subprocess.py:93} INFO - 
[2026-05-16T16:26:08.199+0000] {subprocess.py:93} INFO - 📥 Mengambil tabel: orders...
[2026-05-16T16:26:08.205+0000] {subprocess.py:93} INFO - ✅ raw_orders berhasil dibuat (124838 instance).
[2026-05-16T16:26:08.206+0000] {subprocess.py:93} INFO - 📥 Mengambil tabel: order_items...
[2026-05-16T16:26:08.208+0000] {subprocess.py:93} INFO - ✅ raw_order_items berhasil dibuat (181381 instance).
[2026-05-16T16:26:08.209+0000] {subprocess.py:93} INFO - 📥 Mengambil tabel: products...
[2026-05-16T16:26:08.210+0000] {subprocess.py:93} INFO - ✅ raw_products berhasil dibuat (29120 instance).
[2026-05-16T16:26:08.211+0000] {subprocess.py:93} INFO - 📥 Mengambil tabel: users...
[2026-05-16T16:26:08.212+0000] {subprocess.py:93} INFO - ✅ raw_users berhasil dibuat (100000 instance).
[2026-05-16T16:26:08.213+0000] {subprocess.py:93} INFO - 📥 Mengambil tabel: inventory_items...
[2026-05-16T16:26:08.215+0000] {subprocess.py:93} INFO - ✅ raw_inventory_items berhasil dibuat (489900 instance).
[2026-05-16T16:26:08.216+0000] {subprocess.py:93} INFO - 
[2026-05-16T16:26:08.219+0000] {subprocess.py:93} INFO - ✨ Semua tabel berhasil dipindahkan ke DuckDB!
[2026-05-16T16:26:08.521+0000] {subprocess.py:97} INFO - Command exited with return code 0
[2026-05-16T16:26:08.630+0000] {taskinstance.py:1138} INFO - Marking task as SUCCESS. dag_id=thelook_ecommerce_churn_pipeline, task_id=1_extract_bigquery_to_duckdb, execution_date=20260516T162126, start_date=20260516T162513, end_date=20260516T162608
[2026-05-16T16:26:08.736+0000] {local_task_job_runner.py:234} INFO - Task exited with return code 0
[2026-05-16T16:26:08.855+0000] {taskinstance.py:3280} INFO - 1 downstream tasks scheduled from follow-on schedule check
