[2026-05-17T10:35:51.804+0000] {taskinstance.py:1956} INFO - Dependencies all met for dep_context=non-requeueable deps ti=<TaskInstance: thelook_ecommerce_churn_pipeline.3_ml_retrain_and_predict manual__2026-05-17T10:34:01.917499+00:00 [queued]>
[2026-05-17T10:35:51.845+0000] {taskinstance.py:1956} INFO - Dependencies all met for dep_context=requeueable deps ti=<TaskInstance: thelook_ecommerce_churn_pipeline.3_ml_retrain_and_predict manual__2026-05-17T10:34:01.917499+00:00 [queued]>
[2026-05-17T10:35:51.846+0000] {taskinstance.py:2170} INFO - Starting attempt 1 of 2
[2026-05-17T10:35:51.925+0000] {taskinstance.py:2191} INFO - Executing <Task(BashOperator): 3_ml_retrain_and_predict> on 2026-05-17 10:34:01.917499+00:00
[2026-05-17T10:35:51.944+0000] {standard_task_runner.py:60} INFO - Started process 208 to run task
[2026-05-17T10:35:51.953+0000] {standard_task_runner.py:87} INFO - Running: ['airflow', 'tasks', 'run', 'thelook_ecommerce_churn_pipeline', '3_ml_retrain_and_predict', 'manual__2026-05-17T10:34:01.917499+00:00', '--job-id', '53', '--raw', '--subdir', 'DAGS_FOLDER/churn_pipeline_dag.py', '--cfg-path', '/tmp/tmpbff4mhbh']
[2026-05-17T10:35:51.962+0000] {standard_task_runner.py:88} INFO - Job 53: Subtask 3_ml_retrain_and_predict
[2026-05-17T10:35:52.053+0000] {logging_mixin.py:188} WARNING - /home/airflow/.local/lib/python3.10/site-packages/airflow/settings.py:194 DeprecationWarning: The sql_alchemy_conn option in [core] has been moved to the sql_alchemy_conn option in [database] - the old setting has been used, but please update your config.
[2026-05-17T10:35:52.182+0000] {task_command.py:423} INFO - Running <TaskInstance: thelook_ecommerce_churn_pipeline.3_ml_retrain_and_predict manual__2026-05-17T10:34:01.917499+00:00 [running]> on host b1bece16dd7e
[2026-05-17T10:35:52.402+0000] {taskinstance.py:2480} INFO - Exporting env vars: AIRFLOW_CTX_DAG_OWNER='reyhan_mauluddi' AIRFLOW_CTX_DAG_ID='thelook_ecommerce_churn_pipeline' AIRFLOW_CTX_TASK_ID='3_ml_retrain_and_predict' AIRFLOW_CTX_EXECUTION_DATE='2026-05-17T10:34:01.917499+00:00' AIRFLOW_CTX_TRY_NUMBER='1' AIRFLOW_CTX_DAG_RUN_ID='manual__2026-05-17T10:34:01.917499+00:00'
[2026-05-17T10:35:52.405+0000] {subprocess.py:63} INFO - Tmp dir root location: /tmp
[2026-05-17T10:35:52.407+0000] {subprocess.py:75} INFO - Running command: ['/usr/bin/bash', '-c', 'python3 /opt/airflow/scripts/ml.py']
[2026-05-17T10:35:52.423+0000] {subprocess.py:86} INFO - Output:
[2026-05-17T10:36:03.894+0000] {subprocess.py:93} INFO - Data analytics_cust_churn berhasil dimuat dari DuckDB.
[2026-05-17T10:36:03.899+0000] {subprocess.py:93} INFO - === Outlier Analysis for: age ===
[2026-05-17T10:36:03.904+0000] {subprocess.py:93} INFO - 
[2026-05-17T10:36:03.917+0000] {subprocess.py:93} INFO - ==============================
[2026-05-17T10:36:03.920+0000] {subprocess.py:93} INFO - 
[2026-05-17T10:36:03.933+0000] {subprocess.py:93} INFO - === Outlier Analysis for: date_diff ===
[2026-05-17T10:36:03.945+0000] {subprocess.py:93} INFO - 
[2026-05-17T10:36:03.958+0000] {subprocess.py:93} INFO - ==============================
[2026-05-17T10:36:03.976+0000] {subprocess.py:93} INFO - 
[2026-05-17T10:36:03.979+0000] {subprocess.py:93} INFO - === Outlier Analysis for: total_order ===
[2026-05-17T10:36:03.981+0000] {subprocess.py:93} INFO - 
[2026-05-17T10:36:03.988+0000] {subprocess.py:93} INFO - ==============================
[2026-05-17T10:36:03.990+0000] {subprocess.py:93} INFO - 
[2026-05-17T10:36:03.993+0000] {subprocess.py:93} INFO - === Outlier Analysis for: total_spend ===
[2026-05-17T10:36:03.995+0000] {subprocess.py:93} INFO - 
[2026-05-17T10:36:03.996+0000] {subprocess.py:93} INFO - ==============================
[2026-05-17T10:36:03.998+0000] {subprocess.py:93} INFO - 
[2026-05-17T10:36:04.002+0000] {subprocess.py:93} INFO - === Outlier Analysis for: avg_order_value ===
[2026-05-17T10:36:04.007+0000] {subprocess.py:93} INFO - 
[2026-05-17T10:36:04.010+0000] {subprocess.py:93} INFO - ==============================
[2026-05-17T10:36:04.012+0000] {subprocess.py:93} INFO - 
[2026-05-17T10:36:04.014+0000] {subprocess.py:93} INFO - === Outlier Analysis for: unique_category_count ===
[2026-05-17T10:36:04.015+0000] {subprocess.py:93} INFO - 
[2026-05-17T10:36:04.017+0000] {subprocess.py:93} INFO - ==============================
[2026-05-17T10:36:04.018+0000] {subprocess.py:93} INFO - 
[2026-05-17T10:36:04.020+0000] {subprocess.py:93} INFO - === Outlier Analysis for: is_churn ===
[2026-05-17T10:36:04.021+0000] {subprocess.py:93} INFO - 
[2026-05-17T10:36:04.024+0000] {subprocess.py:93} INFO - ==============================
[2026-05-17T10:36:04.029+0000] {subprocess.py:93} INFO - 
[2026-05-17T10:36:04.044+0000] {subprocess.py:93} INFO - 
[2026-05-17T10:36:04.046+0000] {subprocess.py:93} INFO - --- Memulai proses modeling dengan LightGBM Classifier ---
[2026-05-17T10:36:04.060+0000] {subprocess.py:93} INFO - --- Hasil Evaluasi LightGBM Classifier ---
[2026-05-17T10:36:04.073+0000] {subprocess.py:93} INFO -               precision    recall  f1-score   support
[2026-05-17T10:36:04.075+0000] {subprocess.py:93} INFO - 
[2026-05-17T10:36:04.076+0000] {subprocess.py:93} INFO -            0       0.42      0.44      0.43      4585
[2026-05-17T10:36:04.079+0000] {subprocess.py:93} INFO -            1       0.73      0.72      0.72      9834
[2026-05-17T10:36:04.089+0000] {subprocess.py:93} INFO - 
[2026-05-17T10:36:04.091+0000] {subprocess.py:93} INFO -     accuracy                           0.63     14419
[2026-05-17T10:36:04.093+0000] {subprocess.py:93} INFO -    macro avg       0.58      0.58      0.58     14419
[2026-05-17T10:36:04.094+0000] {subprocess.py:93} INFO - weighted avg       0.63      0.63      0.63     14419
[2026-05-17T10:36:04.095+0000] {subprocess.py:93} INFO - 
[2026-05-17T10:36:04.097+0000] {subprocess.py:93} INFO - ROC-AUC Score: 0.5876
[2026-05-17T10:36:04.099+0000] {subprocess.py:93} INFO -  Asli |  Tebakan  |  Peluang Churn  | Match
[2026-05-17T10:36:04.100+0000] {subprocess.py:93} INFO - ---------------------------------------------
[2026-05-17T10:36:04.101+0000] {subprocess.py:93} INFO -   1   |     1     |      58.03%     | ✅
[2026-05-17T10:36:04.102+0000] {subprocess.py:93} INFO -   1   |     1     |      54.95%     | ✅
[2026-05-17T10:36:04.103+0000] {subprocess.py:93} INFO -   1   |     1     |      56.50%     | ✅
[2026-05-17T10:36:04.106+0000] {subprocess.py:93} INFO -   1   |     1     |      57.02%     | ✅
[2026-05-17T10:36:04.108+0000] {subprocess.py:93} INFO -   1   |     0     |      46.99%     | ❌
[2026-05-17T10:36:04.110+0000] {subprocess.py:93} INFO -   1   |     1     |      60.11%     | ✅
[2026-05-17T10:36:04.111+0000] {subprocess.py:93} INFO -   1   |     1     |      55.01%     | ✅
[2026-05-17T10:36:04.113+0000] {subprocess.py:93} INFO -   1   |     1     |      56.59%     | ✅
[2026-05-17T10:36:04.114+0000] {subprocess.py:93} INFO -   0   |     0     |      36.33%     | ✅
[2026-05-17T10:36:04.115+0000] {subprocess.py:93} INFO -   1   |     0     |      44.61%     | ❌
[2026-05-17T10:36:04.116+0000] {subprocess.py:93} INFO -   1   |     1     |      55.51%     | ✅
[2026-05-17T10:36:04.124+0000] {subprocess.py:93} INFO -   1   |     1     |      53.13%     | ✅
[2026-05-17T10:36:04.130+0000] {subprocess.py:93} INFO -   0   |     1     |      56.68%     | ❌
[2026-05-17T10:36:04.131+0000] {subprocess.py:93} INFO -   1   |     1     |      55.69%     | ✅
[2026-05-17T10:36:04.133+0000] {subprocess.py:93} INFO -   1   |     1     |      56.78%     | ✅
[2026-05-17T10:36:04.135+0000] {subprocess.py:93} INFO -   0   |     1     |      56.47%     | ❌
[2026-05-17T10:36:04.137+0000] {subprocess.py:93} INFO -   0   |     1     |      55.13%     | ❌
[2026-05-17T10:36:04.140+0000] {subprocess.py:93} INFO -   1   |     1     |      56.03%     | ✅
[2026-05-17T10:36:04.142+0000] {subprocess.py:93} INFO -   0   |     0     |      30.17%     | ✅
[2026-05-17T10:36:04.146+0000] {subprocess.py:93} INFO -   0   |     1     |      56.01%     | ❌
[2026-05-17T10:36:04.148+0000] {subprocess.py:93} INFO - ✅ Hasil prediksi probabilitas dan kelas untuk seluruh data berhasil disimpan ke /opt/airflow/multipage_app/model_results.csv.
[2026-05-17T10:36:04.149+0000] {subprocess.py:93} INFO - 
[2026-05-17T10:36:04.151+0000] {subprocess.py:93} INFO - --- Fitur Paling Berpengaruh ---
[2026-05-17T10:36:04.165+0000] {subprocess.py:93} INFO - city               616
[2026-05-17T10:36:04.171+0000] {subprocess.py:93} INFO - age                506
[2026-05-17T10:36:04.176+0000] {subprocess.py:93} INFO - state              490
[2026-05-17T10:36:04.178+0000] {subprocess.py:93} INFO - total_spend        454
[2026-05-17T10:36:04.179+0000] {subprocess.py:93} INFO - avg_order_value    369
[2026-05-17T10:36:04.181+0000] {subprocess.py:93} INFO - dtype: int32
[2026-05-17T10:36:04.182+0000] {subprocess.py:93} INFO - ✅ Model LightGBM dan Label Encoders berhasil disimpan ke /opt/airflow/multipage_app/model.pkl dan /opt/airflow/multipage_app/label_encoder.pkl.
[2026-05-17T10:36:04.183+0000] {subprocess.py:93} INFO - ✅ Proses modeling selesai dengan sukses!
[2026-05-17T10:36:04.562+0000] {subprocess.py:97} INFO - Command exited with return code 0
[2026-05-17T10:36:04.692+0000] {taskinstance.py:1138} INFO - Marking task as SUCCESS. dag_id=thelook_ecommerce_churn_pipeline, task_id=3_ml_retrain_and_predict, execution_date=20260517T103401, start_date=20260517T103551, end_date=20260517T103604
[2026-05-17T10:36:04.801+0000] {local_task_job_runner.py:234} INFO - Task exited with return code 0
[2026-05-17T10:36:04.893+0000] {taskinstance.py:3280} INFO - 1 downstream tasks scheduled from follow-on schedule check
