[2026-05-16T16:43:17.495+0000] {taskinstance.py:1956} INFO - Dependencies all met for dep_context=non-requeueable deps ti=<TaskInstance: thelook_ecommerce_churn_pipeline.3_ml_retrain_and_predict manual__2026-05-16T16:21:26.846581+00:00 [queued]>
[2026-05-16T16:43:17.528+0000] {taskinstance.py:1956} INFO - Dependencies all met for dep_context=requeueable deps ti=<TaskInstance: thelook_ecommerce_churn_pipeline.3_ml_retrain_and_predict manual__2026-05-16T16:21:26.846581+00:00 [queued]>
[2026-05-16T16:43:17.530+0000] {taskinstance.py:2170} INFO - Starting attempt 5 of 6
[2026-05-16T16:43:17.607+0000] {taskinstance.py:2191} INFO - Executing <Task(BashOperator): 3_ml_retrain_and_predict> on 2026-05-16 16:21:26.846581+00:00
[2026-05-16T16:43:17.618+0000] {standard_task_runner.py:60} INFO - Started process 414 to run task
[2026-05-16T16:43:17.628+0000] {standard_task_runner.py:87} INFO - Running: ['airflow', 'tasks', 'run', 'thelook_ecommerce_churn_pipeline', '3_ml_retrain_and_predict', 'manual__2026-05-16T16:21:26.846581+00:00', '--job-id', '18', '--raw', '--subdir', 'DAGS_FOLDER/churn_pipeline_dag.py', '--cfg-path', '/tmp/tmp94boukc_']
[2026-05-16T16:43:17.632+0000] {standard_task_runner.py:88} INFO - Job 18: Subtask 3_ml_retrain_and_predict
[2026-05-16T16:43:17.714+0000] {logging_mixin.py:188} WARNING - /home/airflow/.local/lib/python3.10/site-packages/airflow/settings.py:194 DeprecationWarning: The sql_alchemy_conn option in [core] has been moved to the sql_alchemy_conn option in [database] - the old setting has been used, but please update your config.
[2026-05-16T16:43:17.845+0000] {task_command.py:423} INFO - Running <TaskInstance: thelook_ecommerce_churn_pipeline.3_ml_retrain_and_predict manual__2026-05-16T16:21:26.846581+00:00 [running]> on host 8dcafd7b7b97
[2026-05-16T16:43:18.097+0000] {taskinstance.py:2480} INFO - Exporting env vars: AIRFLOW_CTX_DAG_OWNER='reyhan_mauluddi' AIRFLOW_CTX_DAG_ID='thelook_ecommerce_churn_pipeline' AIRFLOW_CTX_TASK_ID='3_ml_retrain_and_predict' AIRFLOW_CTX_EXECUTION_DATE='2026-05-16T16:21:26.846581+00:00' AIRFLOW_CTX_TRY_NUMBER='5' AIRFLOW_CTX_DAG_RUN_ID='manual__2026-05-16T16:21:26.846581+00:00'
[2026-05-16T16:43:18.101+0000] {subprocess.py:63} INFO - Tmp dir root location: /tmp
[2026-05-16T16:43:18.104+0000] {subprocess.py:75} INFO - Running command: ['/usr/bin/bash', '-c', 'python3 /opt/airflow/scripts/ml.py']
[2026-05-16T16:43:18.125+0000] {subprocess.py:86} INFO - Output:
[2026-05-16T16:43:19.786+0000] {subprocess.py:93} INFO - Traceback (most recent call last):
[2026-05-16T16:43:19.787+0000] {subprocess.py:93} INFO -   File "/opt/airflow/scripts/ml.py", line 2, in <module>
[2026-05-16T16:43:19.793+0000] {subprocess.py:93} INFO -     import seaborn as sns
[2026-05-16T16:43:19.795+0000] {subprocess.py:93} INFO - ModuleNotFoundError: No module named 'seaborn'
[2026-05-16T16:43:19.944+0000] {subprocess.py:97} INFO - Command exited with return code 1
[2026-05-16T16:43:19.976+0000] {taskinstance.py:2698} ERROR - Task failed with exception
Traceback (most recent call last):
  File "/home/airflow/.local/lib/python3.10/site-packages/airflow/models/taskinstance.py", line 433, in _execute_task
    result = execute_callable(context=context, **execute_callable_kwargs)
  File "/home/airflow/.local/lib/python3.10/site-packages/airflow/operators/bash.py", line 212, in execute
    raise AirflowException(
airflow.exceptions.AirflowException: Bash command failed. The command returned a non-zero exit code 1.
[2026-05-16T16:43:19.990+0000] {taskinstance.py:1138} INFO - Marking task as UP_FOR_RETRY. dag_id=thelook_ecommerce_churn_pipeline, task_id=3_ml_retrain_and_predict, execution_date=20260516T162126, start_date=20260516T164317, end_date=20260516T164319
[2026-05-16T16:43:20.109+0000] {standard_task_runner.py:107} ERROR - Failed to execute job 18 for task 3_ml_retrain_and_predict (Bash command failed. The command returned a non-zero exit code 1.; 414)
[2026-05-16T16:43:20.148+0000] {local_task_job_runner.py:234} INFO - Task exited with return code 1
[2026-05-16T16:43:20.221+0000] {taskinstance.py:3280} INFO - 0 downstream tasks scheduled from follow-on schedule check
