[2026-05-16T15:38:56.818+0000] {processor.py:161} INFO - Started process (PID=20) to work on /opt/airflow/dags/churn_pipeline_dag.py
[2026-05-16T15:38:56.836+0000] {processor.py:830} INFO - Processing file /opt/airflow/dags/churn_pipeline_dag.py for tasks to queue
[2026-05-16T15:38:56.848+0000] {logging_mixin.py:188} INFO - [2026-05-16T15:38:56.840+0000] {dagbag.py:538} INFO - Filling up the DagBag from /opt/airflow/dags/churn_pipeline_dag.py
[2026-05-16T15:38:57.714+0000] {processor.py:840} INFO - DAG(s) 'thelook_ecommerce_churn_pipeline' retrieved from /opt/airflow/dags/churn_pipeline_dag.py
[2026-05-16T15:39:01.390+0000] {logging_mixin.py:188} INFO - [2026-05-16T15:39:01.388+0000] {override.py:1769} INFO - Created Permission View: can read on DAG:thelook_ecommerce_churn_pipeline
[2026-05-16T15:39:01.843+0000] {logging_mixin.py:188} INFO - [2026-05-16T15:39:01.842+0000] {override.py:1769} INFO - Created Permission View: can edit on DAG:thelook_ecommerce_churn_pipeline
[2026-05-16T15:39:02.425+0000] {logging_mixin.py:188} INFO - [2026-05-16T15:39:02.414+0000] {override.py:1769} INFO - Created Permission View: can delete on DAG:thelook_ecommerce_churn_pipeline
[2026-05-16T15:39:02.429+0000] {logging_mixin.py:188} INFO - [2026-05-16T15:39:02.428+0000] {dag.py:3036} INFO - Sync 1 DAGs
[2026-05-16T15:39:02.723+0000] {logging_mixin.py:188} INFO - [2026-05-16T15:39:02.722+0000] {dag.py:3058} INFO - Creating ORM DAG for thelook_ecommerce_churn_pipeline
[2026-05-16T15:39:02.727+0000] {logging_mixin.py:188} INFO - [2026-05-16T15:39:02.726+0000] {dag.py:3823} INFO - Setting next_dagrun for thelook_ecommerce_churn_pipeline to None, run_after=None
[2026-05-16T15:39:03.209+0000] {processor.py:183} INFO - Processing /opt/airflow/dags/churn_pipeline_dag.py took 6.451 seconds
[2026-05-16T15:39:35.202+0000] {processor.py:161} INFO - Started process (PID=21) to work on /opt/airflow/dags/churn_pipeline_dag.py
[2026-05-16T15:39:35.209+0000] {processor.py:830} INFO - Processing file /opt/airflow/dags/churn_pipeline_dag.py for tasks to queue
[2026-05-16T15:39:35.215+0000] {logging_mixin.py:188} INFO - [2026-05-16T15:39:35.214+0000] {dagbag.py:538} INFO - Filling up the DagBag from /opt/airflow/dags/churn_pipeline_dag.py
[2026-05-16T15:39:35.340+0000] {processor.py:840} INFO - DAG(s) 'thelook_ecommerce_churn_pipeline' retrieved from /opt/airflow/dags/churn_pipeline_dag.py
[2026-05-16T15:39:35.660+0000] {logging_mixin.py:188} INFO - [2026-05-16T15:39:35.659+0000] {dag.py:3036} INFO - Sync 1 DAGs
[2026-05-16T15:39:35.784+0000] {logging_mixin.py:188} INFO - [2026-05-16T15:39:35.774+0000] {dag.py:3823} INFO - Setting next_dagrun for thelook_ecommerce_churn_pipeline to None, run_after=None
[2026-05-16T15:39:36.362+0000] {processor.py:183} INFO - Processing /opt/airflow/dags/churn_pipeline_dag.py took 1.169 seconds
[2026-05-16T15:40:07.489+0000] {processor.py:161} INFO - Started process (PID=22) to work on /opt/airflow/dags/churn_pipeline_dag.py
[2026-05-16T15:40:07.517+0000] {processor.py:830} INFO - Processing file /opt/airflow/dags/churn_pipeline_dag.py for tasks to queue
[2026-05-16T15:40:07.522+0000] {logging_mixin.py:188} INFO - [2026-05-16T15:40:07.521+0000] {dagbag.py:538} INFO - Filling up the DagBag from /opt/airflow/dags/churn_pipeline_dag.py
[2026-05-16T15:40:07.756+0000] {processor.py:840} INFO - DAG(s) 'thelook_ecommerce_churn_pipeline' retrieved from /opt/airflow/dags/churn_pipeline_dag.py
[2026-05-16T15:40:07.933+0000] {logging_mixin.py:188} INFO - [2026-05-16T15:40:07.933+0000] {dag.py:3036} INFO - Sync 1 DAGs
[2026-05-16T15:40:08.005+0000] {logging_mixin.py:188} INFO - [2026-05-16T15:40:08.004+0000] {dag.py:3823} INFO - Setting next_dagrun for thelook_ecommerce_churn_pipeline to None, run_after=None
[2026-05-16T15:40:08.415+0000] {processor.py:183} INFO - Processing /opt/airflow/dags/churn_pipeline_dag.py took 0.933 seconds
[2026-05-16T15:40:39.190+0000] {processor.py:161} INFO - Started process (PID=23) to work on /opt/airflow/dags/churn_pipeline_dag.py
[2026-05-16T15:40:39.195+0000] {processor.py:830} INFO - Processing file /opt/airflow/dags/churn_pipeline_dag.py for tasks to queue
[2026-05-16T15:40:39.198+0000] {logging_mixin.py:188} INFO - [2026-05-16T15:40:39.197+0000] {dagbag.py:538} INFO - Filling up the DagBag from /opt/airflow/dags/churn_pipeline_dag.py
[2026-05-16T15:40:39.315+0000] {processor.py:840} INFO - DAG(s) 'thelook_ecommerce_churn_pipeline' retrieved from /opt/airflow/dags/churn_pipeline_dag.py
[2026-05-16T15:40:39.442+0000] {logging_mixin.py:188} INFO - [2026-05-16T15:40:39.442+0000] {dag.py:3036} INFO - Sync 1 DAGs
[2026-05-16T15:40:39.490+0000] {logging_mixin.py:188} INFO - [2026-05-16T15:40:39.489+0000] {dag.py:3823} INFO - Setting next_dagrun for thelook_ecommerce_churn_pipeline to None, run_after=None
[2026-05-16T15:40:39.679+0000] {processor.py:183} INFO - Processing /opt/airflow/dags/churn_pipeline_dag.py took 0.507 seconds
[2026-05-16T15:41:10.513+0000] {processor.py:161} INFO - Started process (PID=24) to work on /opt/airflow/dags/churn_pipeline_dag.py
[2026-05-16T15:41:10.526+0000] {processor.py:830} INFO - Processing file /opt/airflow/dags/churn_pipeline_dag.py for tasks to queue
[2026-05-16T15:41:10.529+0000] {logging_mixin.py:188} INFO - [2026-05-16T15:41:10.528+0000] {dagbag.py:538} INFO - Filling up the DagBag from /opt/airflow/dags/churn_pipeline_dag.py
[2026-05-16T15:41:10.700+0000] {processor.py:840} INFO - DAG(s) 'thelook_ecommerce_churn_pipeline' retrieved from /opt/airflow/dags/churn_pipeline_dag.py
[2026-05-16T15:41:10.832+0000] {logging_mixin.py:188} INFO - [2026-05-16T15:41:10.832+0000] {dag.py:3036} INFO - Sync 1 DAGs
[2026-05-16T15:41:10.969+0000] {logging_mixin.py:188} INFO - [2026-05-16T15:41:10.969+0000] {dag.py:3823} INFO - Setting next_dagrun for thelook_ecommerce_churn_pipeline to None, run_after=None
[2026-05-16T15:41:11.440+0000] {processor.py:183} INFO - Processing /opt/airflow/dags/churn_pipeline_dag.py took 0.963 seconds
[2026-05-16T15:41:42.393+0000] {processor.py:161} INFO - Started process (PID=25) to work on /opt/airflow/dags/churn_pipeline_dag.py
[2026-05-16T15:41:42.398+0000] {processor.py:830} INFO - Processing file /opt/airflow/dags/churn_pipeline_dag.py for tasks to queue
[2026-05-16T15:41:42.421+0000] {logging_mixin.py:188} INFO - [2026-05-16T15:41:42.416+0000] {dagbag.py:538} INFO - Filling up the DagBag from /opt/airflow/dags/churn_pipeline_dag.py
[2026-05-16T15:41:42.519+0000] {processor.py:840} INFO - DAG(s) 'thelook_ecommerce_churn_pipeline' retrieved from /opt/airflow/dags/churn_pipeline_dag.py
[2026-05-16T15:41:42.614+0000] {logging_mixin.py:188} INFO - [2026-05-16T15:41:42.613+0000] {dag.py:3036} INFO - Sync 1 DAGs
[2026-05-16T15:41:42.668+0000] {logging_mixin.py:188} INFO - [2026-05-16T15:41:42.667+0000] {dag.py:3823} INFO - Setting next_dagrun for thelook_ecommerce_churn_pipeline to None, run_after=None
[2026-05-16T15:41:43.299+0000] {processor.py:183} INFO - Processing /opt/airflow/dags/churn_pipeline_dag.py took 0.915 seconds
[2026-05-16T15:42:14.912+0000] {processor.py:161} INFO - Started process (PID=26) to work on /opt/airflow/dags/churn_pipeline_dag.py
[2026-05-16T15:42:14.917+0000] {processor.py:830} INFO - Processing file /opt/airflow/dags/churn_pipeline_dag.py for tasks to queue
[2026-05-16T15:42:14.925+0000] {logging_mixin.py:188} INFO - [2026-05-16T15:42:14.922+0000] {dagbag.py:538} INFO - Filling up the DagBag from /opt/airflow/dags/churn_pipeline_dag.py
[2026-05-16T15:42:15.059+0000] {processor.py:840} INFO - DAG(s) 'thelook_ecommerce_churn_pipeline' retrieved from /opt/airflow/dags/churn_pipeline_dag.py
[2026-05-16T15:42:15.297+0000] {logging_mixin.py:188} INFO - [2026-05-16T15:42:15.296+0000] {dag.py:3036} INFO - Sync 1 DAGs
[2026-05-16T15:42:15.487+0000] {logging_mixin.py:188} INFO - [2026-05-16T15:42:15.486+0000] {dag.py:3823} INFO - Setting next_dagrun for thelook_ecommerce_churn_pipeline to None, run_after=None
[2026-05-16T15:42:15.797+0000] {processor.py:183} INFO - Processing /opt/airflow/dags/churn_pipeline_dag.py took 0.919 seconds
[2026-05-16T15:42:46.376+0000] {processor.py:161} INFO - Started process (PID=27) to work on /opt/airflow/dags/churn_pipeline_dag.py
[2026-05-16T15:42:46.379+0000] {processor.py:830} INFO - Processing file /opt/airflow/dags/churn_pipeline_dag.py for tasks to queue
[2026-05-16T15:42:46.381+0000] {logging_mixin.py:188} INFO - [2026-05-16T15:42:46.381+0000] {dagbag.py:538} INFO - Filling up the DagBag from /opt/airflow/dags/churn_pipeline_dag.py
[2026-05-16T15:42:46.477+0000] {processor.py:840} INFO - DAG(s) 'thelook_ecommerce_churn_pipeline' retrieved from /opt/airflow/dags/churn_pipeline_dag.py
[2026-05-16T15:42:46.661+0000] {logging_mixin.py:188} INFO - [2026-05-16T15:42:46.660+0000] {dag.py:3036} INFO - Sync 1 DAGs
[2026-05-16T15:42:46.769+0000] {logging_mixin.py:188} INFO - [2026-05-16T15:42:46.768+0000] {dag.py:3823} INFO - Setting next_dagrun for thelook_ecommerce_churn_pipeline to None, run_after=None
[2026-05-16T15:42:46.947+0000] {processor.py:183} INFO - Processing /opt/airflow/dags/churn_pipeline_dag.py took 0.593 seconds
[2026-05-16T15:43:31.034+0000] {processor.py:161} INFO - Started process (PID=34) to work on /opt/airflow/dags/churn_pipeline_dag.py
[2026-05-16T15:43:31.039+0000] {processor.py:830} INFO - Processing file /opt/airflow/dags/churn_pipeline_dag.py for tasks to queue
[2026-05-16T15:43:31.043+0000] {logging_mixin.py:188} INFO - [2026-05-16T15:43:31.042+0000] {dagbag.py:538} INFO - Filling up the DagBag from /opt/airflow/dags/churn_pipeline_dag.py
[2026-05-16T15:43:31.121+0000] {processor.py:840} INFO - DAG(s) 'thelook_ecommerce_churn_pipeline' retrieved from /opt/airflow/dags/churn_pipeline_dag.py
[2026-05-16T15:43:31.210+0000] {logging_mixin.py:188} INFO - [2026-05-16T15:43:31.209+0000] {dag.py:3036} INFO - Sync 1 DAGs
[2026-05-16T15:43:31.242+0000] {logging_mixin.py:188} INFO - [2026-05-16T15:43:31.242+0000] {dag.py:3823} INFO - Setting next_dagrun for thelook_ecommerce_churn_pipeline to None, run_after=None
[2026-05-16T15:43:31.448+0000] {processor.py:183} INFO - Processing /opt/airflow/dags/churn_pipeline_dag.py took 0.426 seconds
[2026-05-16T15:44:02.671+0000] {processor.py:161} INFO - Started process (PID=35) to work on /opt/airflow/dags/churn_pipeline_dag.py
[2026-05-16T15:44:02.673+0000] {processor.py:830} INFO - Processing file /opt/airflow/dags/churn_pipeline_dag.py for tasks to queue
[2026-05-16T15:44:02.675+0000] {logging_mixin.py:188} INFO - [2026-05-16T15:44:02.674+0000] {dagbag.py:538} INFO - Filling up the DagBag from /opt/airflow/dags/churn_pipeline_dag.py
[2026-05-16T15:44:02.705+0000] {processor.py:840} INFO - DAG(s) 'thelook_ecommerce_churn_pipeline' retrieved from /opt/airflow/dags/churn_pipeline_dag.py
[2026-05-16T15:44:02.745+0000] {logging_mixin.py:188} INFO - [2026-05-16T15:44:02.744+0000] {dag.py:3036} INFO - Sync 1 DAGs
[2026-05-16T15:44:02.764+0000] {logging_mixin.py:188} INFO - [2026-05-16T15:44:02.763+0000] {dag.py:3823} INFO - Setting next_dagrun for thelook_ecommerce_churn_pipeline to None, run_after=None
[2026-05-16T15:44:02.834+0000] {processor.py:183} INFO - Processing /opt/airflow/dags/churn_pipeline_dag.py took 0.168 seconds
[2026-05-16T15:44:34.030+0000] {processor.py:161} INFO - Started process (PID=36) to work on /opt/airflow/dags/churn_pipeline_dag.py
[2026-05-16T15:44:34.033+0000] {processor.py:830} INFO - Processing file /opt/airflow/dags/churn_pipeline_dag.py for tasks to queue
[2026-05-16T15:44:34.036+0000] {logging_mixin.py:188} INFO - [2026-05-16T15:44:34.035+0000] {dagbag.py:538} INFO - Filling up the DagBag from /opt/airflow/dags/churn_pipeline_dag.py
[2026-05-16T15:44:34.072+0000] {processor.py:840} INFO - DAG(s) 'thelook_ecommerce_churn_pipeline' retrieved from /opt/airflow/dags/churn_pipeline_dag.py
[2026-05-16T15:44:34.115+0000] {logging_mixin.py:188} INFO - [2026-05-16T15:44:34.115+0000] {dag.py:3036} INFO - Sync 1 DAGs
[2026-05-16T15:44:34.147+0000] {logging_mixin.py:188} INFO - [2026-05-16T15:44:34.146+0000] {dag.py:3823} INFO - Setting next_dagrun for thelook_ecommerce_churn_pipeline to None, run_after=None
[2026-05-16T15:44:34.250+0000] {processor.py:183} INFO - Processing /opt/airflow/dags/churn_pipeline_dag.py took 0.224 seconds
[2026-05-16T15:45:05.066+0000] {processor.py:161} INFO - Started process (PID=37) to work on /opt/airflow/dags/churn_pipeline_dag.py
[2026-05-16T15:45:05.068+0000] {processor.py:830} INFO - Processing file /opt/airflow/dags/churn_pipeline_dag.py for tasks to queue
[2026-05-16T15:45:05.069+0000] {logging_mixin.py:188} INFO - [2026-05-16T15:45:05.069+0000] {dagbag.py:538} INFO - Filling up the DagBag from /opt/airflow/dags/churn_pipeline_dag.py
[2026-05-16T15:45:05.094+0000] {processor.py:840} INFO - DAG(s) 'thelook_ecommerce_churn_pipeline' retrieved from /opt/airflow/dags/churn_pipeline_dag.py
[2026-05-16T15:45:05.147+0000] {logging_mixin.py:188} INFO - [2026-05-16T15:45:05.147+0000] {dag.py:3036} INFO - Sync 1 DAGs
[2026-05-16T15:45:05.163+0000] {logging_mixin.py:188} INFO - [2026-05-16T15:45:05.162+0000] {dag.py:3823} INFO - Setting next_dagrun for thelook_ecommerce_churn_pipeline to None, run_after=None
[2026-05-16T15:45:05.235+0000] {processor.py:183} INFO - Processing /opt/airflow/dags/churn_pipeline_dag.py took 0.174 seconds
[2026-05-16T15:45:36.206+0000] {processor.py:161} INFO - Started process (PID=38) to work on /opt/airflow/dags/churn_pipeline_dag.py
[2026-05-16T15:45:36.208+0000] {processor.py:830} INFO - Processing file /opt/airflow/dags/churn_pipeline_dag.py for tasks to queue
[2026-05-16T15:45:36.209+0000] {logging_mixin.py:188} INFO - [2026-05-16T15:45:36.209+0000] {dagbag.py:538} INFO - Filling up the DagBag from /opt/airflow/dags/churn_pipeline_dag.py
[2026-05-16T15:45:36.233+0000] {processor.py:840} INFO - DAG(s) 'thelook_ecommerce_churn_pipeline' retrieved from /opt/airflow/dags/churn_pipeline_dag.py
[2026-05-16T15:45:36.267+0000] {logging_mixin.py:188} INFO - [2026-05-16T15:45:36.266+0000] {dag.py:3036} INFO - Sync 1 DAGs
[2026-05-16T15:45:36.281+0000] {logging_mixin.py:188} INFO - [2026-05-16T15:45:36.281+0000] {dag.py:3823} INFO - Setting next_dagrun for thelook_ecommerce_churn_pipeline to None, run_after=None
[2026-05-16T15:45:36.351+0000] {processor.py:183} INFO - Processing /opt/airflow/dags/churn_pipeline_dag.py took 0.148 seconds
[2026-05-16T15:46:06.591+0000] {processor.py:161} INFO - Started process (PID=39) to work on /opt/airflow/dags/churn_pipeline_dag.py
[2026-05-16T15:46:06.592+0000] {processor.py:830} INFO - Processing file /opt/airflow/dags/churn_pipeline_dag.py for tasks to queue
[2026-05-16T15:46:06.594+0000] {logging_mixin.py:188} INFO - [2026-05-16T15:46:06.593+0000] {dagbag.py:538} INFO - Filling up the DagBag from /opt/airflow/dags/churn_pipeline_dag.py
[2026-05-16T15:46:06.618+0000] {processor.py:840} INFO - DAG(s) 'thelook_ecommerce_churn_pipeline' retrieved from /opt/airflow/dags/churn_pipeline_dag.py
[2026-05-16T15:46:06.657+0000] {logging_mixin.py:188} INFO - [2026-05-16T15:46:06.657+0000] {dag.py:3036} INFO - Sync 1 DAGs
[2026-05-16T15:46:06.674+0000] {logging_mixin.py:188} INFO - [2026-05-16T15:46:06.674+0000] {dag.py:3823} INFO - Setting next_dagrun for thelook_ecommerce_churn_pipeline to None, run_after=None
[2026-05-16T15:46:06.745+0000] {processor.py:183} INFO - Processing /opt/airflow/dags/churn_pipeline_dag.py took 0.159 seconds
[2026-05-16T15:46:37.412+0000] {processor.py:161} INFO - Started process (PID=40) to work on /opt/airflow/dags/churn_pipeline_dag.py
[2026-05-16T15:46:37.414+0000] {processor.py:830} INFO - Processing file /opt/airflow/dags/churn_pipeline_dag.py for tasks to queue
[2026-05-16T15:46:37.415+0000] {logging_mixin.py:188} INFO - [2026-05-16T15:46:37.414+0000] {dagbag.py:538} INFO - Filling up the DagBag from /opt/airflow/dags/churn_pipeline_dag.py
[2026-05-16T15:46:37.440+0000] {processor.py:840} INFO - DAG(s) 'thelook_ecommerce_churn_pipeline' retrieved from /opt/airflow/dags/churn_pipeline_dag.py
[2026-05-16T15:46:37.487+0000] {logging_mixin.py:188} INFO - [2026-05-16T15:46:37.487+0000] {dag.py:3036} INFO - Sync 1 DAGs
[2026-05-16T15:46:37.504+0000] {logging_mixin.py:188} INFO - [2026-05-16T15:46:37.504+0000] {dag.py:3823} INFO - Setting next_dagrun for thelook_ecommerce_churn_pipeline to None, run_after=None
[2026-05-16T15:46:37.571+0000] {processor.py:183} INFO - Processing /opt/airflow/dags/churn_pipeline_dag.py took 0.162 seconds
[2026-05-16T15:47:08.828+0000] {processor.py:161} INFO - Started process (PID=41) to work on /opt/airflow/dags/churn_pipeline_dag.py
[2026-05-16T15:47:08.831+0000] {processor.py:830} INFO - Processing file /opt/airflow/dags/churn_pipeline_dag.py for tasks to queue
[2026-05-16T15:47:08.834+0000] {logging_mixin.py:188} INFO - [2026-05-16T15:47:08.833+0000] {dagbag.py:538} INFO - Filling up the DagBag from /opt/airflow/dags/churn_pipeline_dag.py
[2026-05-16T15:47:08.902+0000] {processor.py:840} INFO - DAG(s) 'thelook_ecommerce_churn_pipeline' retrieved from /opt/airflow/dags/churn_pipeline_dag.py
[2026-05-16T15:47:09.003+0000] {logging_mixin.py:188} INFO - [2026-05-16T15:47:09.001+0000] {dag.py:3036} INFO - Sync 1 DAGs
[2026-05-16T15:47:09.048+0000] {logging_mixin.py:188} INFO - [2026-05-16T15:47:09.047+0000] {dag.py:3823} INFO - Setting next_dagrun for thelook_ecommerce_churn_pipeline to None, run_after=None
[2026-05-16T15:47:09.217+0000] {processor.py:183} INFO - Processing /opt/airflow/dags/churn_pipeline_dag.py took 0.402 seconds
[2026-05-16T15:47:40.184+0000] {processor.py:161} INFO - Started process (PID=42) to work on /opt/airflow/dags/churn_pipeline_dag.py
[2026-05-16T15:47:40.186+0000] {processor.py:830} INFO - Processing file /opt/airflow/dags/churn_pipeline_dag.py for tasks to queue
[2026-05-16T15:47:40.187+0000] {logging_mixin.py:188} INFO - [2026-05-16T15:47:40.187+0000] {dagbag.py:538} INFO - Filling up the DagBag from /opt/airflow/dags/churn_pipeline_dag.py
[2026-05-16T15:47:40.215+0000] {processor.py:840} INFO - DAG(s) 'thelook_ecommerce_churn_pipeline' retrieved from /opt/airflow/dags/churn_pipeline_dag.py
[2026-05-16T15:47:40.251+0000] {logging_mixin.py:188} INFO - [2026-05-16T15:47:40.251+0000] {dag.py:3036} INFO - Sync 1 DAGs
[2026-05-16T15:47:40.267+0000] {logging_mixin.py:188} INFO - [2026-05-16T15:47:40.267+0000] {dag.py:3823} INFO - Setting next_dagrun for thelook_ecommerce_churn_pipeline to None, run_after=None
[2026-05-16T15:47:40.363+0000] {processor.py:183} INFO - Processing /opt/airflow/dags/churn_pipeline_dag.py took 0.182 seconds
[2026-05-16T15:47:45.800+0000] {processor.py:161} INFO - Started process (PID=43) to work on /opt/airflow/dags/churn_pipeline_dag.py
[2026-05-16T15:47:45.804+0000] {processor.py:830} INFO - Processing file /opt/airflow/dags/churn_pipeline_dag.py for tasks to queue
[2026-05-16T15:47:45.807+0000] {logging_mixin.py:188} INFO - [2026-05-16T15:47:45.806+0000] {dagbag.py:538} INFO - Filling up the DagBag from /opt/airflow/dags/churn_pipeline_dag.py
[2026-05-16T15:47:45.951+0000] {processor.py:840} INFO - DAG(s) 'thelook_ecommerce_churn_pipeline' retrieved from /opt/airflow/dags/churn_pipeline_dag.py
[2026-05-16T15:47:48.003+0000] {logging_mixin.py:188} INFO - [2026-05-16T15:47:48.002+0000] {dag.py:3036} INFO - Sync 1 DAGs
[2026-05-16T15:47:48.230+0000] {logging_mixin.py:188} INFO - [2026-05-16T15:47:48.230+0000] {dag.py:3823} INFO - Setting next_dagrun for thelook_ecommerce_churn_pipeline to None, run_after=None
[2026-05-16T15:47:48.764+0000] {processor.py:183} INFO - Processing /opt/airflow/dags/churn_pipeline_dag.py took 2.974 seconds
[2026-05-16T15:48:20.147+0000] {processor.py:161} INFO - Started process (PID=52) to work on /opt/airflow/dags/churn_pipeline_dag.py
[2026-05-16T15:48:20.151+0000] {processor.py:830} INFO - Processing file /opt/airflow/dags/churn_pipeline_dag.py for tasks to queue
[2026-05-16T15:48:20.155+0000] {logging_mixin.py:188} INFO - [2026-05-16T15:48:20.153+0000] {dagbag.py:538} INFO - Filling up the DagBag from /opt/airflow/dags/churn_pipeline_dag.py
[2026-05-16T15:48:20.214+0000] {processor.py:840} INFO - DAG(s) 'thelook_ecommerce_churn_pipeline' retrieved from /opt/airflow/dags/churn_pipeline_dag.py
[2026-05-16T15:48:20.365+0000] {logging_mixin.py:188} INFO - [2026-05-16T15:48:20.364+0000] {dag.py:3036} INFO - Sync 1 DAGs
[2026-05-16T15:48:20.424+0000] {logging_mixin.py:188} INFO - [2026-05-16T15:48:20.423+0000] {dag.py:3823} INFO - Setting next_dagrun for thelook_ecommerce_churn_pipeline to None, run_after=None
[2026-05-16T15:48:20.616+0000] {processor.py:183} INFO - Processing /opt/airflow/dags/churn_pipeline_dag.py took 0.476 seconds
[2026-05-16T15:48:51.694+0000] {processor.py:161} INFO - Started process (PID=59) to work on /opt/airflow/dags/churn_pipeline_dag.py
[2026-05-16T15:48:51.696+0000] {processor.py:830} INFO - Processing file /opt/airflow/dags/churn_pipeline_dag.py for tasks to queue
[2026-05-16T15:48:51.697+0000] {logging_mixin.py:188} INFO - [2026-05-16T15:48:51.697+0000] {dagbag.py:538} INFO - Filling up the DagBag from /opt/airflow/dags/churn_pipeline_dag.py
[2026-05-16T15:48:51.731+0000] {processor.py:840} INFO - DAG(s) 'thelook_ecommerce_churn_pipeline' retrieved from /opt/airflow/dags/churn_pipeline_dag.py
[2026-05-16T15:48:51.780+0000] {logging_mixin.py:188} INFO - [2026-05-16T15:48:51.780+0000] {dag.py:3036} INFO - Sync 1 DAGs
[2026-05-16T15:48:51.802+0000] {logging_mixin.py:188} INFO - [2026-05-16T15:48:51.802+0000] {dag.py:3823} INFO - Setting next_dagrun for thelook_ecommerce_churn_pipeline to None, run_after=None
[2026-05-16T15:48:51.885+0000] {processor.py:183} INFO - Processing /opt/airflow/dags/churn_pipeline_dag.py took 0.195 seconds
[2026-05-16T15:49:08.941+0000] {processor.py:161} INFO - Started process (PID=60) to work on /opt/airflow/dags/churn_pipeline_dag.py
[2026-05-16T15:49:08.949+0000] {processor.py:830} INFO - Processing file /opt/airflow/dags/churn_pipeline_dag.py for tasks to queue
[2026-05-16T15:49:08.960+0000] {logging_mixin.py:188} INFO - [2026-05-16T15:49:08.952+0000] {dagbag.py:538} INFO - Filling up the DagBag from /opt/airflow/dags/churn_pipeline_dag.py
[2026-05-16T15:49:09.170+0000] {processor.py:840} INFO - DAG(s) 'thelook_ecommerce_churn_pipeline' retrieved from /opt/airflow/dags/churn_pipeline_dag.py
[2026-05-16T15:49:11.770+0000] {logging_mixin.py:188} INFO - [2026-05-16T15:49:11.769+0000] {dag.py:3036} INFO - Sync 1 DAGs
[2026-05-16T15:49:12.093+0000] {logging_mixin.py:188} INFO - [2026-05-16T15:49:12.088+0000] {dag.py:3823} INFO - Setting next_dagrun for thelook_ecommerce_churn_pipeline to None, run_after=None
[2026-05-16T15:49:12.658+0000] {processor.py:183} INFO - Processing /opt/airflow/dags/churn_pipeline_dag.py took 3.748 seconds
[2026-05-16T15:49:42.923+0000] {processor.py:161} INFO - Started process (PID=61) to work on /opt/airflow/dags/churn_pipeline_dag.py
[2026-05-16T15:49:42.925+0000] {processor.py:830} INFO - Processing file /opt/airflow/dags/churn_pipeline_dag.py for tasks to queue
[2026-05-16T15:49:42.927+0000] {logging_mixin.py:188} INFO - [2026-05-16T15:49:42.926+0000] {dagbag.py:538} INFO - Filling up the DagBag from /opt/airflow/dags/churn_pipeline_dag.py
[2026-05-16T15:49:42.981+0000] {processor.py:840} INFO - DAG(s) 'thelook_ecommerce_churn_pipeline' retrieved from /opt/airflow/dags/churn_pipeline_dag.py
[2026-05-16T15:49:43.026+0000] {logging_mixin.py:188} INFO - [2026-05-16T15:49:43.026+0000] {dag.py:3036} INFO - Sync 1 DAGs
[2026-05-16T15:49:43.044+0000] {logging_mixin.py:188} INFO - [2026-05-16T15:49:43.043+0000] {dag.py:3823} INFO - Setting next_dagrun for thelook_ecommerce_churn_pipeline to None, run_after=None
[2026-05-16T15:49:43.158+0000] {processor.py:183} INFO - Processing /opt/airflow/dags/churn_pipeline_dag.py took 0.238 seconds
[2026-05-16T15:50:13.988+0000] {processor.py:161} INFO - Started process (PID=62) to work on /opt/airflow/dags/churn_pipeline_dag.py
[2026-05-16T15:50:13.989+0000] {processor.py:830} INFO - Processing file /opt/airflow/dags/churn_pipeline_dag.py for tasks to queue
[2026-05-16T15:50:13.991+0000] {logging_mixin.py:188} INFO - [2026-05-16T15:50:13.990+0000] {dagbag.py:538} INFO - Filling up the DagBag from /opt/airflow/dags/churn_pipeline_dag.py
[2026-05-16T15:50:14.028+0000] {processor.py:840} INFO - DAG(s) 'thelook_ecommerce_churn_pipeline' retrieved from /opt/airflow/dags/churn_pipeline_dag.py
[2026-05-16T15:50:14.085+0000] {logging_mixin.py:188} INFO - [2026-05-16T15:50:14.085+0000] {dag.py:3036} INFO - Sync 1 DAGs
[2026-05-16T15:50:14.107+0000] {logging_mixin.py:188} INFO - [2026-05-16T15:50:14.107+0000] {dag.py:3823} INFO - Setting next_dagrun for thelook_ecommerce_churn_pipeline to None, run_after=None
[2026-05-16T15:50:14.179+0000] {processor.py:183} INFO - Processing /opt/airflow/dags/churn_pipeline_dag.py took 0.196 seconds
[2026-05-16T15:50:43.252+0000] {processor.py:161} INFO - Started process (PID=63) to work on /opt/airflow/dags/churn_pipeline_dag.py
[2026-05-16T15:50:43.254+0000] {processor.py:830} INFO - Processing file /opt/airflow/dags/churn_pipeline_dag.py for tasks to queue
[2026-05-16T15:50:43.258+0000] {logging_mixin.py:188} INFO - [2026-05-16T15:50:43.256+0000] {dagbag.py:538} INFO - Filling up the DagBag from /opt/airflow/dags/churn_pipeline_dag.py
[2026-05-16T15:50:43.443+0000] {processor.py:840} INFO - DAG(s) 'thelook_ecommerce_churn_pipeline' retrieved from /opt/airflow/dags/churn_pipeline_dag.py
[2026-05-16T15:50:43.637+0000] {logging_mixin.py:188} INFO - [2026-05-16T15:50:43.637+0000] {dag.py:3036} INFO - Sync 1 DAGs
[2026-05-16T15:50:43.650+0000] {logging_mixin.py:188} INFO - [2026-05-16T15:50:43.650+0000] {dag.py:3823} INFO - Setting next_dagrun for thelook_ecommerce_churn_pipeline to None, run_after=None
[2026-05-16T15:50:43.746+0000] {processor.py:183} INFO - Processing /opt/airflow/dags/churn_pipeline_dag.py took 0.499 seconds
[2026-05-16T15:51:14.023+0000] {processor.py:161} INFO - Started process (PID=64) to work on /opt/airflow/dags/churn_pipeline_dag.py
[2026-05-16T15:51:14.025+0000] {processor.py:830} INFO - Processing file /opt/airflow/dags/churn_pipeline_dag.py for tasks to queue
[2026-05-16T15:51:14.026+0000] {logging_mixin.py:188} INFO - [2026-05-16T15:51:14.026+0000] {dagbag.py:538} INFO - Filling up the DagBag from /opt/airflow/dags/churn_pipeline_dag.py
[2026-05-16T15:51:14.056+0000] {processor.py:840} INFO - DAG(s) 'thelook_ecommerce_churn_pipeline' retrieved from /opt/airflow/dags/churn_pipeline_dag.py
[2026-05-16T15:51:14.089+0000] {logging_mixin.py:188} INFO - [2026-05-16T15:51:14.088+0000] {dag.py:3036} INFO - Sync 1 DAGs
[2026-05-16T15:51:14.103+0000] {logging_mixin.py:188} INFO - [2026-05-16T15:51:14.103+0000] {dag.py:3823} INFO - Setting next_dagrun for thelook_ecommerce_churn_pipeline to None, run_after=None
[2026-05-16T15:51:14.167+0000] {processor.py:183} INFO - Processing /opt/airflow/dags/churn_pipeline_dag.py took 0.149 seconds
[2026-05-16T15:51:45.446+0000] {processor.py:161} INFO - Started process (PID=65) to work on /opt/airflow/dags/churn_pipeline_dag.py
[2026-05-16T15:51:45.448+0000] {processor.py:830} INFO - Processing file /opt/airflow/dags/churn_pipeline_dag.py for tasks to queue
[2026-05-16T15:51:45.451+0000] {logging_mixin.py:188} INFO - [2026-05-16T15:51:45.450+0000] {dagbag.py:538} INFO - Filling up the DagBag from /opt/airflow/dags/churn_pipeline_dag.py
[2026-05-16T15:51:45.534+0000] {processor.py:840} INFO - DAG(s) 'thelook_ecommerce_churn_pipeline' retrieved from /opt/airflow/dags/churn_pipeline_dag.py
[2026-05-16T15:51:45.582+0000] {logging_mixin.py:188} INFO - [2026-05-16T15:51:45.582+0000] {dag.py:3036} INFO - Sync 1 DAGs
[2026-05-16T15:51:45.598+0000] {logging_mixin.py:188} INFO - [2026-05-16T15:51:45.598+0000] {dag.py:3823} INFO - Setting next_dagrun for thelook_ecommerce_churn_pipeline to None, run_after=None
[2026-05-16T15:51:45.671+0000] {processor.py:183} INFO - Processing /opt/airflow/dags/churn_pipeline_dag.py took 0.229 seconds
[2026-05-16T15:52:01.284+0000] {processor.py:161} INFO - Started process (PID=66) to work on /opt/airflow/dags/churn_pipeline_dag.py
[2026-05-16T15:52:01.286+0000] {processor.py:830} INFO - Processing file /opt/airflow/dags/churn_pipeline_dag.py for tasks to queue
[2026-05-16T15:52:01.288+0000] {logging_mixin.py:188} INFO - [2026-05-16T15:52:01.288+0000] {dagbag.py:538} INFO - Filling up the DagBag from /opt/airflow/dags/churn_pipeline_dag.py
[2026-05-16T15:52:01.338+0000] {processor.py:840} INFO - DAG(s) 'thelook_ecommerce_churn_pipeline' retrieved from /opt/airflow/dags/churn_pipeline_dag.py
[2026-05-16T15:52:01.386+0000] {logging_mixin.py:188} INFO - [2026-05-16T15:52:01.386+0000] {dag.py:3036} INFO - Sync 1 DAGs
[2026-05-16T15:52:01.442+0000] {logging_mixin.py:188} INFO - [2026-05-16T15:52:01.441+0000] {dag.py:3823} INFO - Setting next_dagrun for thelook_ecommerce_churn_pipeline to None, run_after=None
[2026-05-16T15:52:01.570+0000] {processor.py:183} INFO - Processing /opt/airflow/dags/churn_pipeline_dag.py took 0.290 seconds
[2026-05-16T15:52:24.648+0000] {processor.py:161} INFO - Started process (PID=67) to work on /opt/airflow/dags/churn_pipeline_dag.py
[2026-05-16T15:52:24.650+0000] {processor.py:830} INFO - Processing file /opt/airflow/dags/churn_pipeline_dag.py for tasks to queue
[2026-05-16T15:52:24.652+0000] {logging_mixin.py:188} INFO - [2026-05-16T15:52:24.651+0000] {dagbag.py:538} INFO - Filling up the DagBag from /opt/airflow/dags/churn_pipeline_dag.py
[2026-05-16T15:52:24.715+0000] {processor.py:840} INFO - DAG(s) 'thelook_ecommerce_churn_pipeline' retrieved from /opt/airflow/dags/churn_pipeline_dag.py
[2026-05-16T15:52:24.779+0000] {logging_mixin.py:188} INFO - [2026-05-16T15:52:24.779+0000] {dag.py:3036} INFO - Sync 1 DAGs
[2026-05-16T15:52:24.801+0000] {logging_mixin.py:188} INFO - [2026-05-16T15:52:24.801+0000] {dag.py:3823} INFO - Setting next_dagrun for thelook_ecommerce_churn_pipeline to None, run_after=None
[2026-05-16T15:52:24.901+0000] {processor.py:183} INFO - Processing /opt/airflow/dags/churn_pipeline_dag.py took 0.263 seconds
[2026-05-16T15:52:55.712+0000] {processor.py:161} INFO - Started process (PID=68) to work on /opt/airflow/dags/churn_pipeline_dag.py
[2026-05-16T15:52:55.713+0000] {processor.py:830} INFO - Processing file /opt/airflow/dags/churn_pipeline_dag.py for tasks to queue
[2026-05-16T15:52:55.715+0000] {logging_mixin.py:188} INFO - [2026-05-16T15:52:55.714+0000] {dagbag.py:538} INFO - Filling up the DagBag from /opt/airflow/dags/churn_pipeline_dag.py
[2026-05-16T15:52:55.741+0000] {processor.py:840} INFO - DAG(s) 'thelook_ecommerce_churn_pipeline' retrieved from /opt/airflow/dags/churn_pipeline_dag.py
[2026-05-16T15:52:55.773+0000] {logging_mixin.py:188} INFO - [2026-05-16T15:52:55.773+0000] {dag.py:3036} INFO - Sync 1 DAGs
[2026-05-16T15:52:55.789+0000] {logging_mixin.py:188} INFO - [2026-05-16T15:52:55.789+0000] {dag.py:3823} INFO - Setting next_dagrun for thelook_ecommerce_churn_pipeline to None, run_after=None
[2026-05-16T15:52:55.856+0000] {processor.py:183} INFO - Processing /opt/airflow/dags/churn_pipeline_dag.py took 0.147 seconds
[2026-05-16T15:53:16.502+0000] {processor.py:161} INFO - Started process (PID=69) to work on /opt/airflow/dags/churn_pipeline_dag.py
[2026-05-16T15:53:16.504+0000] {processor.py:830} INFO - Processing file /opt/airflow/dags/churn_pipeline_dag.py for tasks to queue
[2026-05-16T15:53:16.505+0000] {logging_mixin.py:188} INFO - [2026-05-16T15:53:16.505+0000] {dagbag.py:538} INFO - Filling up the DagBag from /opt/airflow/dags/churn_pipeline_dag.py
[2026-05-16T15:53:16.541+0000] {processor.py:840} INFO - DAG(s) 'thelook_ecommerce_churn_pipeline' retrieved from /opt/airflow/dags/churn_pipeline_dag.py
[2026-05-16T15:53:16.580+0000] {logging_mixin.py:188} INFO - [2026-05-16T15:53:16.580+0000] {dag.py:3036} INFO - Sync 1 DAGs
[2026-05-16T15:53:16.598+0000] {logging_mixin.py:188} INFO - [2026-05-16T15:53:16.598+0000] {dag.py:3823} INFO - Setting next_dagrun for thelook_ecommerce_churn_pipeline to None, run_after=None
[2026-05-16T15:53:16.682+0000] {processor.py:183} INFO - Processing /opt/airflow/dags/churn_pipeline_dag.py took 0.185 seconds
[2026-05-16T15:53:17.516+0000] {processor.py:161} INFO - Started process (PID=70) to work on /opt/airflow/dags/churn_pipeline_dag.py
[2026-05-16T15:53:17.517+0000] {processor.py:830} INFO - Processing file /opt/airflow/dags/churn_pipeline_dag.py for tasks to queue
[2026-05-16T15:53:17.519+0000] {logging_mixin.py:188} INFO - [2026-05-16T15:53:17.518+0000] {dagbag.py:538} INFO - Filling up the DagBag from /opt/airflow/dags/churn_pipeline_dag.py
[2026-05-16T15:53:17.556+0000] {processor.py:840} INFO - DAG(s) 'thelook_ecommerce_churn_pipeline' retrieved from /opt/airflow/dags/churn_pipeline_dag.py
[2026-05-16T15:53:17.593+0000] {logging_mixin.py:188} INFO - [2026-05-16T15:53:17.593+0000] {dag.py:3036} INFO - Sync 1 DAGs
[2026-05-16T15:53:17.611+0000] {logging_mixin.py:188} INFO - [2026-05-16T15:53:17.611+0000] {dag.py:3823} INFO - Setting next_dagrun for thelook_ecommerce_churn_pipeline to None, run_after=None
[2026-05-16T15:53:17.690+0000] {processor.py:183} INFO - Processing /opt/airflow/dags/churn_pipeline_dag.py took 0.178 seconds
[2026-05-16T15:53:18.277+0000] {processor.py:161} INFO - Started process (PID=71) to work on /opt/airflow/dags/churn_pipeline_dag.py
[2026-05-16T15:53:18.278+0000] {processor.py:830} INFO - Processing file /opt/airflow/dags/churn_pipeline_dag.py for tasks to queue
[2026-05-16T15:53:18.279+0000] {logging_mixin.py:188} INFO - [2026-05-16T15:53:18.279+0000] {dagbag.py:538} INFO - Filling up the DagBag from /opt/airflow/dags/churn_pipeline_dag.py
[2026-05-16T15:53:18.314+0000] {processor.py:840} INFO - DAG(s) 'thelook_ecommerce_churn_pipeline' retrieved from /opt/airflow/dags/churn_pipeline_dag.py
[2026-05-16T15:53:18.347+0000] {logging_mixin.py:188} INFO - [2026-05-16T15:53:18.347+0000] {dag.py:3036} INFO - Sync 1 DAGs
[2026-05-16T15:53:18.361+0000] {logging_mixin.py:188} INFO - [2026-05-16T15:53:18.361+0000] {dag.py:3823} INFO - Setting next_dagrun for thelook_ecommerce_churn_pipeline to None, run_after=None
[2026-05-16T15:53:18.445+0000] {processor.py:183} INFO - Processing /opt/airflow/dags/churn_pipeline_dag.py took 0.172 seconds
[2026-05-16T15:53:48.948+0000] {processor.py:161} INFO - Started process (PID=72) to work on /opt/airflow/dags/churn_pipeline_dag.py
[2026-05-16T15:53:48.949+0000] {processor.py:830} INFO - Processing file /opt/airflow/dags/churn_pipeline_dag.py for tasks to queue
[2026-05-16T15:53:48.951+0000] {logging_mixin.py:188} INFO - [2026-05-16T15:53:48.950+0000] {dagbag.py:538} INFO - Filling up the DagBag from /opt/airflow/dags/churn_pipeline_dag.py
[2026-05-16T15:53:48.980+0000] {processor.py:840} INFO - DAG(s) 'thelook_ecommerce_churn_pipeline' retrieved from /opt/airflow/dags/churn_pipeline_dag.py
[2026-05-16T15:53:49.020+0000] {logging_mixin.py:188} INFO - [2026-05-16T15:53:49.020+0000] {dag.py:3036} INFO - Sync 1 DAGs
[2026-05-16T15:53:49.034+0000] {logging_mixin.py:188} INFO - [2026-05-16T15:53:49.034+0000] {dag.py:3823} INFO - Setting next_dagrun for thelook_ecommerce_churn_pipeline to None, run_after=None
[2026-05-16T15:53:49.102+0000] {processor.py:183} INFO - Processing /opt/airflow/dags/churn_pipeline_dag.py took 0.158 seconds
[2026-05-16T15:54:19.651+0000] {processor.py:161} INFO - Started process (PID=73) to work on /opt/airflow/dags/churn_pipeline_dag.py
[2026-05-16T15:54:19.653+0000] {processor.py:830} INFO - Processing file /opt/airflow/dags/churn_pipeline_dag.py for tasks to queue
[2026-05-16T15:54:19.654+0000] {logging_mixin.py:188} INFO - [2026-05-16T15:54:19.654+0000] {dagbag.py:538} INFO - Filling up the DagBag from /opt/airflow/dags/churn_pipeline_dag.py
[2026-05-16T15:54:19.687+0000] {processor.py:840} INFO - DAG(s) 'thelook_ecommerce_churn_pipeline' retrieved from /opt/airflow/dags/churn_pipeline_dag.py
[2026-05-16T15:54:19.739+0000] {logging_mixin.py:188} INFO - [2026-05-16T15:54:19.738+0000] {dag.py:3036} INFO - Sync 1 DAGs
[2026-05-16T15:54:19.757+0000] {logging_mixin.py:188} INFO - [2026-05-16T15:54:19.757+0000] {dag.py:3823} INFO - Setting next_dagrun for thelook_ecommerce_churn_pipeline to None, run_after=None
[2026-05-16T15:54:19.824+0000] {processor.py:183} INFO - Processing /opt/airflow/dags/churn_pipeline_dag.py took 0.178 seconds
[2026-05-16T15:54:50.194+0000] {processor.py:161} INFO - Started process (PID=74) to work on /opt/airflow/dags/churn_pipeline_dag.py
[2026-05-16T15:54:50.197+0000] {processor.py:830} INFO - Processing file /opt/airflow/dags/churn_pipeline_dag.py for tasks to queue
[2026-05-16T15:54:50.200+0000] {logging_mixin.py:188} INFO - [2026-05-16T15:54:50.199+0000] {dagbag.py:538} INFO - Filling up the DagBag from /opt/airflow/dags/churn_pipeline_dag.py
[2026-05-16T15:54:50.308+0000] {processor.py:840} INFO - DAG(s) 'thelook_ecommerce_churn_pipeline' retrieved from /opt/airflow/dags/churn_pipeline_dag.py
[2026-05-16T15:54:50.345+0000] {logging_mixin.py:188} INFO - [2026-05-16T15:54:50.345+0000] {dag.py:3036} INFO - Sync 1 DAGs
[2026-05-16T15:54:50.362+0000] {logging_mixin.py:188} INFO - [2026-05-16T15:54:50.362+0000] {dag.py:3823} INFO - Setting next_dagrun for thelook_ecommerce_churn_pipeline to None, run_after=None
[2026-05-16T15:54:50.433+0000] {processor.py:183} INFO - Processing /opt/airflow/dags/churn_pipeline_dag.py took 0.256 seconds
[2026-05-16T15:55:12.072+0000] {processor.py:161} INFO - Started process (PID=75) to work on /opt/airflow/dags/churn_pipeline_dag.py
[2026-05-16T15:55:12.075+0000] {processor.py:830} INFO - Processing file /opt/airflow/dags/churn_pipeline_dag.py for tasks to queue
[2026-05-16T15:55:12.077+0000] {logging_mixin.py:188} INFO - [2026-05-16T15:55:12.076+0000] {dagbag.py:538} INFO - Filling up the DagBag from /opt/airflow/dags/churn_pipeline_dag.py
[2026-05-16T15:55:12.172+0000] {processor.py:840} INFO - DAG(s) 'thelook_ecommerce_churn_pipeline' retrieved from /opt/airflow/dags/churn_pipeline_dag.py
[2026-05-16T15:55:12.390+0000] {logging_mixin.py:188} INFO - [2026-05-16T15:55:12.390+0000] {dag.py:3036} INFO - Sync 1 DAGs
[2026-05-16T15:55:12.409+0000] {logging_mixin.py:188} INFO - [2026-05-16T15:55:12.408+0000] {dag.py:3823} INFO - Setting next_dagrun for thelook_ecommerce_churn_pipeline to None, run_after=None
[2026-05-16T15:55:12.531+0000] {processor.py:183} INFO - Processing /opt/airflow/dags/churn_pipeline_dag.py took 0.467 seconds
[2026-05-16T15:55:43.590+0000] {processor.py:161} INFO - Started process (PID=76) to work on /opt/airflow/dags/churn_pipeline_dag.py
[2026-05-16T15:55:43.592+0000] {processor.py:830} INFO - Processing file /opt/airflow/dags/churn_pipeline_dag.py for tasks to queue
[2026-05-16T15:55:43.598+0000] {logging_mixin.py:188} INFO - [2026-05-16T15:55:43.597+0000] {dagbag.py:538} INFO - Filling up the DagBag from /opt/airflow/dags/churn_pipeline_dag.py
[2026-05-16T15:55:43.709+0000] {processor.py:840} INFO - DAG(s) 'thelook_ecommerce_churn_pipeline' retrieved from /opt/airflow/dags/churn_pipeline_dag.py
[2026-05-16T15:55:43.810+0000] {logging_mixin.py:188} INFO - [2026-05-16T15:55:43.809+0000] {dag.py:3036} INFO - Sync 1 DAGs
[2026-05-16T15:55:43.830+0000] {logging_mixin.py:188} INFO - [2026-05-16T15:55:43.830+0000] {dag.py:3823} INFO - Setting next_dagrun for thelook_ecommerce_churn_pipeline to None, run_after=None
[2026-05-16T15:55:43.914+0000] {processor.py:183} INFO - Processing /opt/airflow/dags/churn_pipeline_dag.py took 0.331 seconds
[2026-05-16T15:56:14.051+0000] {processor.py:161} INFO - Started process (PID=77) to work on /opt/airflow/dags/churn_pipeline_dag.py
[2026-05-16T15:56:14.053+0000] {processor.py:830} INFO - Processing file /opt/airflow/dags/churn_pipeline_dag.py for tasks to queue
[2026-05-16T15:56:14.054+0000] {logging_mixin.py:188} INFO - [2026-05-16T15:56:14.054+0000] {dagbag.py:538} INFO - Filling up the DagBag from /opt/airflow/dags/churn_pipeline_dag.py
[2026-05-16T15:56:14.086+0000] {processor.py:840} INFO - DAG(s) 'thelook_ecommerce_churn_pipeline' retrieved from /opt/airflow/dags/churn_pipeline_dag.py
[2026-05-16T15:56:14.127+0000] {logging_mixin.py:188} INFO - [2026-05-16T15:56:14.126+0000] {dag.py:3036} INFO - Sync 1 DAGs
[2026-05-16T15:56:14.146+0000] {logging_mixin.py:188} INFO - [2026-05-16T15:56:14.145+0000] {dag.py:3823} INFO - Setting next_dagrun for thelook_ecommerce_churn_pipeline to None, run_after=None
[2026-05-16T15:56:14.226+0000] {processor.py:183} INFO - Processing /opt/airflow/dags/churn_pipeline_dag.py took 0.179 seconds
[2026-05-16T16:04:27.509+0000] {processor.py:161} INFO - Started process (PID=72) to work on /opt/airflow/dags/churn_pipeline_dag.py
[2026-05-16T16:04:27.513+0000] {processor.py:830} INFO - Processing file /opt/airflow/dags/churn_pipeline_dag.py for tasks to queue
[2026-05-16T16:04:27.519+0000] {logging_mixin.py:188} INFO - [2026-05-16T16:04:27.518+0000] {dagbag.py:538} INFO - Filling up the DagBag from /opt/airflow/dags/churn_pipeline_dag.py
[2026-05-16T16:04:27.685+0000] {processor.py:840} INFO - DAG(s) 'thelook_ecommerce_churn_pipeline' retrieved from /opt/airflow/dags/churn_pipeline_dag.py
[2026-05-16T16:04:28.834+0000] {logging_mixin.py:188} INFO - [2026-05-16T16:04:28.833+0000] {dag.py:3036} INFO - Sync 1 DAGs
[2026-05-16T16:04:28.910+0000] {logging_mixin.py:188} INFO - [2026-05-16T16:04:28.909+0000] {dag.py:3823} INFO - Setting next_dagrun for thelook_ecommerce_churn_pipeline to None, run_after=None
[2026-05-16T16:04:29.163+0000] {processor.py:183} INFO - Processing /opt/airflow/dags/churn_pipeline_dag.py took 1.669 seconds
[2026-05-16T16:04:59.774+0000] {processor.py:161} INFO - Started process (PID=73) to work on /opt/airflow/dags/churn_pipeline_dag.py
[2026-05-16T16:04:59.780+0000] {processor.py:830} INFO - Processing file /opt/airflow/dags/churn_pipeline_dag.py for tasks to queue
[2026-05-16T16:04:59.787+0000] {logging_mixin.py:188} INFO - [2026-05-16T16:04:59.784+0000] {dagbag.py:538} INFO - Filling up the DagBag from /opt/airflow/dags/churn_pipeline_dag.py
[2026-05-16T16:04:59.932+0000] {processor.py:840} INFO - DAG(s) 'thelook_ecommerce_churn_pipeline' retrieved from /opt/airflow/dags/churn_pipeline_dag.py
[2026-05-16T16:05:00.107+0000] {logging_mixin.py:188} INFO - [2026-05-16T16:05:00.106+0000] {dag.py:3036} INFO - Sync 1 DAGs
[2026-05-16T16:05:00.196+0000] {logging_mixin.py:188} INFO - [2026-05-16T16:05:00.195+0000] {dag.py:3823} INFO - Setting next_dagrun for thelook_ecommerce_churn_pipeline to None, run_after=None
[2026-05-16T16:05:00.414+0000] {processor.py:183} INFO - Processing /opt/airflow/dags/churn_pipeline_dag.py took 0.659 seconds
[2026-05-16T16:05:31.469+0000] {processor.py:161} INFO - Started process (PID=74) to work on /opt/airflow/dags/churn_pipeline_dag.py
[2026-05-16T16:05:31.474+0000] {processor.py:830} INFO - Processing file /opt/airflow/dags/churn_pipeline_dag.py for tasks to queue
[2026-05-16T16:05:31.477+0000] {logging_mixin.py:188} INFO - [2026-05-16T16:05:31.475+0000] {dagbag.py:538} INFO - Filling up the DagBag from /opt/airflow/dags/churn_pipeline_dag.py
[2026-05-16T16:05:31.513+0000] {processor.py:840} INFO - DAG(s) 'thelook_ecommerce_churn_pipeline' retrieved from /opt/airflow/dags/churn_pipeline_dag.py
[2026-05-16T16:05:31.592+0000] {logging_mixin.py:188} INFO - [2026-05-16T16:05:31.592+0000] {dag.py:3036} INFO - Sync 1 DAGs
[2026-05-16T16:05:31.615+0000] {logging_mixin.py:188} INFO - [2026-05-16T16:05:31.615+0000] {dag.py:3823} INFO - Setting next_dagrun for thelook_ecommerce_churn_pipeline to None, run_after=None
[2026-05-16T16:05:31.745+0000] {processor.py:183} INFO - Processing /opt/airflow/dags/churn_pipeline_dag.py took 0.293 seconds
[2026-05-16T16:06:02.716+0000] {processor.py:161} INFO - Started process (PID=75) to work on /opt/airflow/dags/churn_pipeline_dag.py
[2026-05-16T16:06:02.730+0000] {processor.py:830} INFO - Processing file /opt/airflow/dags/churn_pipeline_dag.py for tasks to queue
[2026-05-16T16:06:02.741+0000] {logging_mixin.py:188} INFO - [2026-05-16T16:06:02.738+0000] {dagbag.py:538} INFO - Filling up the DagBag from /opt/airflow/dags/churn_pipeline_dag.py
[2026-05-16T16:06:02.868+0000] {processor.py:840} INFO - DAG(s) 'thelook_ecommerce_churn_pipeline' retrieved from /opt/airflow/dags/churn_pipeline_dag.py
[2026-05-16T16:06:02.997+0000] {logging_mixin.py:188} INFO - [2026-05-16T16:06:02.997+0000] {dag.py:3036} INFO - Sync 1 DAGs
[2026-05-16T16:06:03.065+0000] {logging_mixin.py:188} INFO - [2026-05-16T16:06:03.065+0000] {dag.py:3823} INFO - Setting next_dagrun for thelook_ecommerce_churn_pipeline to None, run_after=None
[2026-05-16T16:06:03.223+0000] {processor.py:183} INFO - Processing /opt/airflow/dags/churn_pipeline_dag.py took 0.535 seconds
[2026-05-16T16:06:33.900+0000] {processor.py:161} INFO - Started process (PID=82) to work on /opt/airflow/dags/churn_pipeline_dag.py
[2026-05-16T16:06:33.902+0000] {processor.py:830} INFO - Processing file /opt/airflow/dags/churn_pipeline_dag.py for tasks to queue
[2026-05-16T16:06:33.903+0000] {logging_mixin.py:188} INFO - [2026-05-16T16:06:33.903+0000] {dagbag.py:538} INFO - Filling up the DagBag from /opt/airflow/dags/churn_pipeline_dag.py
[2026-05-16T16:06:33.932+0000] {processor.py:840} INFO - DAG(s) 'thelook_ecommerce_churn_pipeline' retrieved from /opt/airflow/dags/churn_pipeline_dag.py
[2026-05-16T16:06:33.972+0000] {logging_mixin.py:188} INFO - [2026-05-16T16:06:33.972+0000] {dag.py:3036} INFO - Sync 1 DAGs
[2026-05-16T16:06:33.989+0000] {logging_mixin.py:188} INFO - [2026-05-16T16:06:33.988+0000] {dag.py:3823} INFO - Setting next_dagrun for thelook_ecommerce_churn_pipeline to None, run_after=None
[2026-05-16T16:06:34.068+0000] {processor.py:183} INFO - Processing /opt/airflow/dags/churn_pipeline_dag.py took 0.173 seconds
[2026-05-16T16:07:04.121+0000] {processor.py:161} INFO - Started process (PID=83) to work on /opt/airflow/dags/churn_pipeline_dag.py
[2026-05-16T16:07:04.123+0000] {processor.py:830} INFO - Processing file /opt/airflow/dags/churn_pipeline_dag.py for tasks to queue
[2026-05-16T16:07:04.125+0000] {logging_mixin.py:188} INFO - [2026-05-16T16:07:04.124+0000] {dagbag.py:538} INFO - Filling up the DagBag from /opt/airflow/dags/churn_pipeline_dag.py
[2026-05-16T16:07:04.155+0000] {processor.py:840} INFO - DAG(s) 'thelook_ecommerce_churn_pipeline' retrieved from /opt/airflow/dags/churn_pipeline_dag.py
[2026-05-16T16:07:04.199+0000] {logging_mixin.py:188} INFO - [2026-05-16T16:07:04.199+0000] {dag.py:3036} INFO - Sync 1 DAGs
[2026-05-16T16:07:04.220+0000] {logging_mixin.py:188} INFO - [2026-05-16T16:07:04.219+0000] {dag.py:3823} INFO - Setting next_dagrun for thelook_ecommerce_churn_pipeline to None, run_after=None
[2026-05-16T16:07:04.327+0000] {processor.py:183} INFO - Processing /opt/airflow/dags/churn_pipeline_dag.py took 0.210 seconds
[2026-05-16T16:07:35.416+0000] {processor.py:161} INFO - Started process (PID=84) to work on /opt/airflow/dags/churn_pipeline_dag.py
[2026-05-16T16:07:35.418+0000] {processor.py:830} INFO - Processing file /opt/airflow/dags/churn_pipeline_dag.py for tasks to queue
[2026-05-16T16:07:35.420+0000] {logging_mixin.py:188} INFO - [2026-05-16T16:07:35.419+0000] {dagbag.py:538} INFO - Filling up the DagBag from /opt/airflow/dags/churn_pipeline_dag.py
[2026-05-16T16:07:35.441+0000] {processor.py:840} INFO - DAG(s) 'thelook_ecommerce_churn_pipeline' retrieved from /opt/airflow/dags/churn_pipeline_dag.py
[2026-05-16T16:07:35.477+0000] {logging_mixin.py:188} INFO - [2026-05-16T16:07:35.477+0000] {dag.py:3036} INFO - Sync 1 DAGs
[2026-05-16T16:07:35.495+0000] {logging_mixin.py:188} INFO - [2026-05-16T16:07:35.495+0000] {dag.py:3823} INFO - Setting next_dagrun for thelook_ecommerce_churn_pipeline to None, run_after=None
[2026-05-16T16:07:35.882+0000] {processor.py:183} INFO - Processing /opt/airflow/dags/churn_pipeline_dag.py took 0.470 seconds
[2026-05-16T16:08:06.817+0000] {processor.py:161} INFO - Started process (PID=85) to work on /opt/airflow/dags/churn_pipeline_dag.py
[2026-05-16T16:08:06.821+0000] {processor.py:830} INFO - Processing file /opt/airflow/dags/churn_pipeline_dag.py for tasks to queue
[2026-05-16T16:08:06.825+0000] {logging_mixin.py:188} INFO - [2026-05-16T16:08:06.823+0000] {dagbag.py:538} INFO - Filling up the DagBag from /opt/airflow/dags/churn_pipeline_dag.py
[2026-05-16T16:08:06.874+0000] {processor.py:840} INFO - DAG(s) 'thelook_ecommerce_churn_pipeline' retrieved from /opt/airflow/dags/churn_pipeline_dag.py
[2026-05-16T16:08:06.953+0000] {logging_mixin.py:188} INFO - [2026-05-16T16:08:06.953+0000] {dag.py:3036} INFO - Sync 1 DAGs
[2026-05-16T16:08:06.990+0000] {logging_mixin.py:188} INFO - [2026-05-16T16:08:06.989+0000] {dag.py:3823} INFO - Setting next_dagrun for thelook_ecommerce_churn_pipeline to None, run_after=None
[2026-05-16T16:08:07.142+0000] {processor.py:183} INFO - Processing /opt/airflow/dags/churn_pipeline_dag.py took 0.337 seconds
[2026-05-16T16:08:38.306+0000] {processor.py:161} INFO - Started process (PID=86) to work on /opt/airflow/dags/churn_pipeline_dag.py
[2026-05-16T16:08:38.308+0000] {processor.py:830} INFO - Processing file /opt/airflow/dags/churn_pipeline_dag.py for tasks to queue
[2026-05-16T16:08:38.310+0000] {logging_mixin.py:188} INFO - [2026-05-16T16:08:38.309+0000] {dagbag.py:538} INFO - Filling up the DagBag from /opt/airflow/dags/churn_pipeline_dag.py
[2026-05-16T16:08:38.337+0000] {processor.py:840} INFO - DAG(s) 'thelook_ecommerce_churn_pipeline' retrieved from /opt/airflow/dags/churn_pipeline_dag.py
[2026-05-16T16:08:38.379+0000] {logging_mixin.py:188} INFO - [2026-05-16T16:08:38.379+0000] {dag.py:3036} INFO - Sync 1 DAGs
[2026-05-16T16:08:38.398+0000] {logging_mixin.py:188} INFO - [2026-05-16T16:08:38.398+0000] {dag.py:3823} INFO - Setting next_dagrun for thelook_ecommerce_churn_pipeline to None, run_after=None
[2026-05-16T16:08:38.501+0000] {processor.py:183} INFO - Processing /opt/airflow/dags/churn_pipeline_dag.py took 0.198 seconds
[2026-05-16T16:09:09.246+0000] {processor.py:161} INFO - Started process (PID=87) to work on /opt/airflow/dags/churn_pipeline_dag.py
[2026-05-16T16:09:09.248+0000] {processor.py:830} INFO - Processing file /opt/airflow/dags/churn_pipeline_dag.py for tasks to queue
[2026-05-16T16:09:09.249+0000] {logging_mixin.py:188} INFO - [2026-05-16T16:09:09.249+0000] {dagbag.py:538} INFO - Filling up the DagBag from /opt/airflow/dags/churn_pipeline_dag.py
[2026-05-16T16:09:09.279+0000] {processor.py:840} INFO - DAG(s) 'thelook_ecommerce_churn_pipeline' retrieved from /opt/airflow/dags/churn_pipeline_dag.py
[2026-05-16T16:09:09.322+0000] {logging_mixin.py:188} INFO - [2026-05-16T16:09:09.322+0000] {dag.py:3036} INFO - Sync 1 DAGs
[2026-05-16T16:09:09.347+0000] {logging_mixin.py:188} INFO - [2026-05-16T16:09:09.346+0000] {dag.py:3823} INFO - Setting next_dagrun for thelook_ecommerce_churn_pipeline to None, run_after=None
[2026-05-16T16:09:09.443+0000] {processor.py:183} INFO - Processing /opt/airflow/dags/churn_pipeline_dag.py took 0.202 seconds
[2026-05-16T16:09:39.966+0000] {processor.py:161} INFO - Started process (PID=88) to work on /opt/airflow/dags/churn_pipeline_dag.py
[2026-05-16T16:09:39.968+0000] {processor.py:830} INFO - Processing file /opt/airflow/dags/churn_pipeline_dag.py for tasks to queue
[2026-05-16T16:09:40.012+0000] {logging_mixin.py:188} INFO - [2026-05-16T16:09:40.011+0000] {dagbag.py:538} INFO - Filling up the DagBag from /opt/airflow/dags/churn_pipeline_dag.py
[2026-05-16T16:09:40.038+0000] {processor.py:840} INFO - DAG(s) 'thelook_ecommerce_churn_pipeline' retrieved from /opt/airflow/dags/churn_pipeline_dag.py
[2026-05-16T16:09:40.074+0000] {logging_mixin.py:188} INFO - [2026-05-16T16:09:40.073+0000] {dag.py:3036} INFO - Sync 1 DAGs
[2026-05-16T16:09:40.089+0000] {logging_mixin.py:188} INFO - [2026-05-16T16:09:40.089+0000] {dag.py:3823} INFO - Setting next_dagrun for thelook_ecommerce_churn_pipeline to None, run_after=None
[2026-05-16T16:09:40.157+0000] {processor.py:183} INFO - Processing /opt/airflow/dags/churn_pipeline_dag.py took 0.153 seconds
[2026-05-16T16:10:10.293+0000] {processor.py:161} INFO - Started process (PID=89) to work on /opt/airflow/dags/churn_pipeline_dag.py
[2026-05-16T16:10:10.295+0000] {processor.py:830} INFO - Processing file /opt/airflow/dags/churn_pipeline_dag.py for tasks to queue
[2026-05-16T16:10:10.297+0000] {logging_mixin.py:188} INFO - [2026-05-16T16:10:10.296+0000] {dagbag.py:538} INFO - Filling up the DagBag from /opt/airflow/dags/churn_pipeline_dag.py
[2026-05-16T16:10:10.325+0000] {processor.py:840} INFO - DAG(s) 'thelook_ecommerce_churn_pipeline' retrieved from /opt/airflow/dags/churn_pipeline_dag.py
[2026-05-16T16:10:10.359+0000] {logging_mixin.py:188} INFO - [2026-05-16T16:10:10.358+0000] {dag.py:3036} INFO - Sync 1 DAGs
[2026-05-16T16:10:10.373+0000] {logging_mixin.py:188} INFO - [2026-05-16T16:10:10.373+0000] {dag.py:3823} INFO - Setting next_dagrun for thelook_ecommerce_churn_pipeline to None, run_after=None
[2026-05-16T16:10:10.450+0000] {processor.py:183} INFO - Processing /opt/airflow/dags/churn_pipeline_dag.py took 0.161 seconds
[2026-05-16T16:17:59.987+0000] {processor.py:161} INFO - Started process (PID=74) to work on /opt/airflow/dags/churn_pipeline_dag.py
[2026-05-16T16:17:59.991+0000] {processor.py:830} INFO - Processing file /opt/airflow/dags/churn_pipeline_dag.py for tasks to queue
[2026-05-16T16:18:00.009+0000] {logging_mixin.py:188} INFO - [2026-05-16T16:18:00.008+0000] {dagbag.py:538} INFO - Filling up the DagBag from /opt/airflow/dags/churn_pipeline_dag.py
[2026-05-16T16:18:00.123+0000] {processor.py:840} INFO - DAG(s) 'thelook_ecommerce_churn_pipeline' retrieved from /opt/airflow/dags/churn_pipeline_dag.py
[2026-05-16T16:18:00.927+0000] {logging_mixin.py:188} INFO - [2026-05-16T16:18:00.927+0000] {dag.py:3036} INFO - Sync 1 DAGs
[2026-05-16T16:18:00.981+0000] {logging_mixin.py:188} INFO - [2026-05-16T16:18:00.980+0000] {dag.py:3823} INFO - Setting next_dagrun for thelook_ecommerce_churn_pipeline to None, run_after=None
[2026-05-16T16:18:01.197+0000] {processor.py:183} INFO - Processing /opt/airflow/dags/churn_pipeline_dag.py took 1.222 seconds
[2026-05-16T16:18:34.413+0000] {processor.py:161} INFO - Started process (PID=88) to work on /opt/airflow/dags/churn_pipeline_dag.py
[2026-05-16T16:18:34.417+0000] {processor.py:830} INFO - Processing file /opt/airflow/dags/churn_pipeline_dag.py for tasks to queue
[2026-05-16T16:18:34.420+0000] {logging_mixin.py:188} INFO - [2026-05-16T16:18:34.419+0000] {dagbag.py:538} INFO - Filling up the DagBag from /opt/airflow/dags/churn_pipeline_dag.py
[2026-05-16T16:18:34.512+0000] {processor.py:840} INFO - DAG(s) 'thelook_ecommerce_churn_pipeline' retrieved from /opt/airflow/dags/churn_pipeline_dag.py
[2026-05-16T16:18:34.708+0000] {logging_mixin.py:188} INFO - [2026-05-16T16:18:34.707+0000] {dag.py:3036} INFO - Sync 1 DAGs
[2026-05-16T16:18:34.743+0000] {logging_mixin.py:188} INFO - [2026-05-16T16:18:34.742+0000] {dag.py:3823} INFO - Setting next_dagrun for thelook_ecommerce_churn_pipeline to None, run_after=None
[2026-05-16T16:18:34.899+0000] {processor.py:183} INFO - Processing /opt/airflow/dags/churn_pipeline_dag.py took 0.494 seconds
[2026-05-16T16:19:05.327+0000] {processor.py:161} INFO - Started process (PID=89) to work on /opt/airflow/dags/churn_pipeline_dag.py
[2026-05-16T16:19:05.333+0000] {processor.py:830} INFO - Processing file /opt/airflow/dags/churn_pipeline_dag.py for tasks to queue
[2026-05-16T16:19:05.335+0000] {logging_mixin.py:188} INFO - [2026-05-16T16:19:05.334+0000] {dagbag.py:538} INFO - Filling up the DagBag from /opt/airflow/dags/churn_pipeline_dag.py
[2026-05-16T16:19:05.371+0000] {processor.py:840} INFO - DAG(s) 'thelook_ecommerce_churn_pipeline' retrieved from /opt/airflow/dags/churn_pipeline_dag.py
[2026-05-16T16:19:05.495+0000] {logging_mixin.py:188} INFO - [2026-05-16T16:19:05.495+0000] {dag.py:3036} INFO - Sync 1 DAGs
[2026-05-16T16:19:05.559+0000] {logging_mixin.py:188} INFO - [2026-05-16T16:19:05.559+0000] {dag.py:3823} INFO - Setting next_dagrun for thelook_ecommerce_churn_pipeline to None, run_after=None
[2026-05-16T16:19:05.736+0000] {processor.py:183} INFO - Processing /opt/airflow/dags/churn_pipeline_dag.py took 0.422 seconds
[2026-05-16T16:19:36.156+0000] {processor.py:161} INFO - Started process (PID=90) to work on /opt/airflow/dags/churn_pipeline_dag.py
[2026-05-16T16:19:36.158+0000] {processor.py:830} INFO - Processing file /opt/airflow/dags/churn_pipeline_dag.py for tasks to queue
[2026-05-16T16:19:36.160+0000] {logging_mixin.py:188} INFO - [2026-05-16T16:19:36.160+0000] {dagbag.py:538} INFO - Filling up the DagBag from /opt/airflow/dags/churn_pipeline_dag.py
[2026-05-16T16:19:36.248+0000] {processor.py:840} INFO - DAG(s) 'thelook_ecommerce_churn_pipeline' retrieved from /opt/airflow/dags/churn_pipeline_dag.py
[2026-05-16T16:19:36.392+0000] {logging_mixin.py:188} INFO - [2026-05-16T16:19:36.392+0000] {dag.py:3036} INFO - Sync 1 DAGs
[2026-05-16T16:19:36.454+0000] {logging_mixin.py:188} INFO - [2026-05-16T16:19:36.454+0000] {dag.py:3823} INFO - Setting next_dagrun for thelook_ecommerce_churn_pipeline to None, run_after=None
[2026-05-16T16:19:36.620+0000] {processor.py:183} INFO - Processing /opt/airflow/dags/churn_pipeline_dag.py took 0.482 seconds
[2026-05-16T16:20:07.279+0000] {processor.py:161} INFO - Started process (PID=91) to work on /opt/airflow/dags/churn_pipeline_dag.py
[2026-05-16T16:20:07.280+0000] {processor.py:830} INFO - Processing file /opt/airflow/dags/churn_pipeline_dag.py for tasks to queue
[2026-05-16T16:20:07.283+0000] {logging_mixin.py:188} INFO - [2026-05-16T16:20:07.282+0000] {dagbag.py:538} INFO - Filling up the DagBag from /opt/airflow/dags/churn_pipeline_dag.py
[2026-05-16T16:20:07.311+0000] {processor.py:840} INFO - DAG(s) 'thelook_ecommerce_churn_pipeline' retrieved from /opt/airflow/dags/churn_pipeline_dag.py
[2026-05-16T16:20:07.377+0000] {logging_mixin.py:188} INFO - [2026-05-16T16:20:07.377+0000] {dag.py:3036} INFO - Sync 1 DAGs
[2026-05-16T16:20:07.403+0000] {logging_mixin.py:188} INFO - [2026-05-16T16:20:07.402+0000] {dag.py:3823} INFO - Setting next_dagrun for thelook_ecommerce_churn_pipeline to None, run_after=None
[2026-05-16T16:20:07.487+0000] {processor.py:183} INFO - Processing /opt/airflow/dags/churn_pipeline_dag.py took 0.212 seconds
[2026-05-16T16:20:38.020+0000] {processor.py:161} INFO - Started process (PID=92) to work on /opt/airflow/dags/churn_pipeline_dag.py
[2026-05-16T16:20:38.023+0000] {processor.py:830} INFO - Processing file /opt/airflow/dags/churn_pipeline_dag.py for tasks to queue
[2026-05-16T16:20:38.025+0000] {logging_mixin.py:188} INFO - [2026-05-16T16:20:38.025+0000] {dagbag.py:538} INFO - Filling up the DagBag from /opt/airflow/dags/churn_pipeline_dag.py
[2026-05-16T16:20:38.076+0000] {processor.py:840} INFO - DAG(s) 'thelook_ecommerce_churn_pipeline' retrieved from /opt/airflow/dags/churn_pipeline_dag.py
[2026-05-16T16:20:38.159+0000] {logging_mixin.py:188} INFO - [2026-05-16T16:20:38.159+0000] {dag.py:3036} INFO - Sync 1 DAGs
[2026-05-16T16:20:38.189+0000] {logging_mixin.py:188} INFO - [2026-05-16T16:20:38.189+0000] {dag.py:3823} INFO - Setting next_dagrun for thelook_ecommerce_churn_pipeline to None, run_after=None
[2026-05-16T16:20:38.253+0000] {processor.py:183} INFO - Processing /opt/airflow/dags/churn_pipeline_dag.py took 0.248 seconds
[2026-05-16T16:21:08.680+0000] {processor.py:161} INFO - Started process (PID=93) to work on /opt/airflow/dags/churn_pipeline_dag.py
[2026-05-16T16:21:08.682+0000] {processor.py:830} INFO - Processing file /opt/airflow/dags/churn_pipeline_dag.py for tasks to queue
[2026-05-16T16:21:08.688+0000] {logging_mixin.py:188} INFO - [2026-05-16T16:21:08.686+0000] {dagbag.py:538} INFO - Filling up the DagBag from /opt/airflow/dags/churn_pipeline_dag.py
[2026-05-16T16:21:08.733+0000] {processor.py:840} INFO - DAG(s) 'thelook_ecommerce_churn_pipeline' retrieved from /opt/airflow/dags/churn_pipeline_dag.py
[2026-05-16T16:21:08.792+0000] {logging_mixin.py:188} INFO - [2026-05-16T16:21:08.790+0000] {dag.py:3036} INFO - Sync 1 DAGs
[2026-05-16T16:21:08.820+0000] {logging_mixin.py:188} INFO - [2026-05-16T16:21:08.820+0000] {dag.py:3823} INFO - Setting next_dagrun for thelook_ecommerce_churn_pipeline to None, run_after=None
[2026-05-16T16:21:08.928+0000] {processor.py:183} INFO - Processing /opt/airflow/dags/churn_pipeline_dag.py took 0.252 seconds
[2026-05-16T16:21:53.481+0000] {processor.py:161} INFO - Started process (PID=107) to work on /opt/airflow/dags/churn_pipeline_dag.py
[2026-05-16T16:21:53.484+0000] {processor.py:830} INFO - Processing file /opt/airflow/dags/churn_pipeline_dag.py for tasks to queue
[2026-05-16T16:21:53.486+0000] {logging_mixin.py:188} INFO - [2026-05-16T16:21:53.486+0000] {dagbag.py:538} INFO - Filling up the DagBag from /opt/airflow/dags/churn_pipeline_dag.py
[2026-05-16T16:21:53.553+0000] {processor.py:840} INFO - DAG(s) 'thelook_ecommerce_churn_pipeline' retrieved from /opt/airflow/dags/churn_pipeline_dag.py
[2026-05-16T16:21:53.646+0000] {logging_mixin.py:188} INFO - [2026-05-16T16:21:53.645+0000] {dag.py:3036} INFO - Sync 1 DAGs
[2026-05-16T16:21:53.678+0000] {logging_mixin.py:188} INFO - [2026-05-16T16:21:53.678+0000] {dag.py:3823} INFO - Setting next_dagrun for thelook_ecommerce_churn_pipeline to None, run_after=None
[2026-05-16T16:21:53.812+0000] {processor.py:183} INFO - Processing /opt/airflow/dags/churn_pipeline_dag.py took 0.346 seconds
[2026-05-16T16:22:24.207+0000] {processor.py:161} INFO - Started process (PID=108) to work on /opt/airflow/dags/churn_pipeline_dag.py
[2026-05-16T16:22:24.209+0000] {processor.py:830} INFO - Processing file /opt/airflow/dags/churn_pipeline_dag.py for tasks to queue
[2026-05-16T16:22:24.211+0000] {logging_mixin.py:188} INFO - [2026-05-16T16:22:24.210+0000] {dagbag.py:538} INFO - Filling up the DagBag from /opt/airflow/dags/churn_pipeline_dag.py
[2026-05-16T16:22:24.259+0000] {processor.py:840} INFO - DAG(s) 'thelook_ecommerce_churn_pipeline' retrieved from /opt/airflow/dags/churn_pipeline_dag.py
[2026-05-16T16:22:24.322+0000] {logging_mixin.py:188} INFO - [2026-05-16T16:22:24.321+0000] {dag.py:3036} INFO - Sync 1 DAGs
[2026-05-16T16:22:24.342+0000] {logging_mixin.py:188} INFO - [2026-05-16T16:22:24.342+0000] {dag.py:3823} INFO - Setting next_dagrun for thelook_ecommerce_churn_pipeline to None, run_after=None
[2026-05-16T16:22:24.431+0000] {processor.py:183} INFO - Processing /opt/airflow/dags/churn_pipeline_dag.py took 0.236 seconds
[2026-05-16T16:22:55.139+0000] {processor.py:161} INFO - Started process (PID=109) to work on /opt/airflow/dags/churn_pipeline_dag.py
[2026-05-16T16:22:55.142+0000] {processor.py:830} INFO - Processing file /opt/airflow/dags/churn_pipeline_dag.py for tasks to queue
[2026-05-16T16:22:55.155+0000] {logging_mixin.py:188} INFO - [2026-05-16T16:22:55.154+0000] {dagbag.py:538} INFO - Filling up the DagBag from /opt/airflow/dags/churn_pipeline_dag.py
[2026-05-16T16:22:55.252+0000] {processor.py:840} INFO - DAG(s) 'thelook_ecommerce_churn_pipeline' retrieved from /opt/airflow/dags/churn_pipeline_dag.py
[2026-05-16T16:22:55.442+0000] {logging_mixin.py:188} INFO - [2026-05-16T16:22:55.442+0000] {dag.py:3036} INFO - Sync 1 DAGs
[2026-05-16T16:22:55.504+0000] {logging_mixin.py:188} INFO - [2026-05-16T16:22:55.503+0000] {dag.py:3823} INFO - Setting next_dagrun for thelook_ecommerce_churn_pipeline to None, run_after=None
[2026-05-16T16:22:55.807+0000] {processor.py:183} INFO - Processing /opt/airflow/dags/churn_pipeline_dag.py took 0.690 seconds
[2026-05-16T16:23:27.037+0000] {processor.py:161} INFO - Started process (PID=110) to work on /opt/airflow/dags/churn_pipeline_dag.py
[2026-05-16T16:23:27.039+0000] {processor.py:830} INFO - Processing file /opt/airflow/dags/churn_pipeline_dag.py for tasks to queue
[2026-05-16T16:23:27.041+0000] {logging_mixin.py:188} INFO - [2026-05-16T16:23:27.040+0000] {dagbag.py:538} INFO - Filling up the DagBag from /opt/airflow/dags/churn_pipeline_dag.py
[2026-05-16T16:23:27.068+0000] {processor.py:840} INFO - DAG(s) 'thelook_ecommerce_churn_pipeline' retrieved from /opt/airflow/dags/churn_pipeline_dag.py
[2026-05-16T16:23:27.109+0000] {logging_mixin.py:188} INFO - [2026-05-16T16:23:27.108+0000] {dag.py:3036} INFO - Sync 1 DAGs
[2026-05-16T16:23:27.126+0000] {logging_mixin.py:188} INFO - [2026-05-16T16:23:27.126+0000] {dag.py:3823} INFO - Setting next_dagrun for thelook_ecommerce_churn_pipeline to None, run_after=None
[2026-05-16T16:23:27.212+0000] {processor.py:183} INFO - Processing /opt/airflow/dags/churn_pipeline_dag.py took 0.182 seconds
[2026-05-16T16:24:09.742+0000] {processor.py:161} INFO - Started process (PID=111) to work on /opt/airflow/dags/churn_pipeline_dag.py
[2026-05-16T16:24:09.770+0000] {processor.py:830} INFO - Processing file /opt/airflow/dags/churn_pipeline_dag.py for tasks to queue
[2026-05-16T16:24:09.789+0000] {logging_mixin.py:188} INFO - [2026-05-16T16:24:09.787+0000] {dagbag.py:538} INFO - Filling up the DagBag from /opt/airflow/dags/churn_pipeline_dag.py
[2026-05-16T16:24:11.435+0000] {processor.py:840} INFO - DAG(s) 'thelook_ecommerce_churn_pipeline' retrieved from /opt/airflow/dags/churn_pipeline_dag.py
[2026-05-16T16:24:12.082+0000] {logging_mixin.py:188} INFO - [2026-05-16T16:24:12.081+0000] {dag.py:3036} INFO - Sync 1 DAGs
[2026-05-16T16:24:12.203+0000] {logging_mixin.py:188} INFO - [2026-05-16T16:24:12.203+0000] {dag.py:3823} INFO - Setting next_dagrun for thelook_ecommerce_churn_pipeline to None, run_after=None
[2026-05-16T16:24:12.858+0000] {processor.py:183} INFO - Processing /opt/airflow/dags/churn_pipeline_dag.py took 3.085 seconds
[2026-05-16T16:24:43.581+0000] {processor.py:161} INFO - Started process (PID=112) to work on /opt/airflow/dags/churn_pipeline_dag.py
[2026-05-16T16:24:43.583+0000] {processor.py:830} INFO - Processing file /opt/airflow/dags/churn_pipeline_dag.py for tasks to queue
[2026-05-16T16:24:43.584+0000] {logging_mixin.py:188} INFO - [2026-05-16T16:24:43.584+0000] {dagbag.py:538} INFO - Filling up the DagBag from /opt/airflow/dags/churn_pipeline_dag.py
[2026-05-16T16:24:43.619+0000] {processor.py:840} INFO - DAG(s) 'thelook_ecommerce_churn_pipeline' retrieved from /opt/airflow/dags/churn_pipeline_dag.py
[2026-05-16T16:24:43.666+0000] {logging_mixin.py:188} INFO - [2026-05-16T16:24:43.666+0000] {dag.py:3036} INFO - Sync 1 DAGs
[2026-05-16T16:24:43.682+0000] {logging_mixin.py:188} INFO - [2026-05-16T16:24:43.681+0000] {dag.py:3823} INFO - Setting next_dagrun for thelook_ecommerce_churn_pipeline to None, run_after=None
[2026-05-16T16:24:43.747+0000] {processor.py:183} INFO - Processing /opt/airflow/dags/churn_pipeline_dag.py took 0.173 seconds
[2026-05-16T16:26:12.687+0000] {processor.py:161} INFO - Started process (PID=208) to work on /opt/airflow/dags/churn_pipeline_dag.py
[2026-05-16T16:26:12.689+0000] {processor.py:830} INFO - Processing file /opt/airflow/dags/churn_pipeline_dag.py for tasks to queue
[2026-05-16T16:26:12.692+0000] {logging_mixin.py:188} INFO - [2026-05-16T16:26:12.691+0000] {dagbag.py:538} INFO - Filling up the DagBag from /opt/airflow/dags/churn_pipeline_dag.py
[2026-05-16T16:26:12.786+0000] {processor.py:840} INFO - DAG(s) 'thelook_ecommerce_churn_pipeline' retrieved from /opt/airflow/dags/churn_pipeline_dag.py
[2026-05-16T16:26:12.876+0000] {logging_mixin.py:188} INFO - [2026-05-16T16:26:12.875+0000] {dag.py:3036} INFO - Sync 1 DAGs
[2026-05-16T16:26:12.907+0000] {logging_mixin.py:188} INFO - [2026-05-16T16:26:12.907+0000] {dag.py:3823} INFO - Setting next_dagrun for thelook_ecommerce_churn_pipeline to None, run_after=None
[2026-05-16T16:26:13.035+0000] {processor.py:183} INFO - Processing /opt/airflow/dags/churn_pipeline_dag.py took 0.310 seconds
[2026-05-16T16:28:22.499+0000] {processor.py:161} INFO - Started process (PID=226) to work on /opt/airflow/dags/churn_pipeline_dag.py
[2026-05-16T16:28:22.503+0000] {processor.py:830} INFO - Processing file /opt/airflow/dags/churn_pipeline_dag.py for tasks to queue
[2026-05-16T16:28:22.519+0000] {logging_mixin.py:188} INFO - [2026-05-16T16:28:22.509+0000] {dagbag.py:538} INFO - Filling up the DagBag from /opt/airflow/dags/churn_pipeline_dag.py
[2026-05-16T16:28:22.596+0000] {processor.py:840} INFO - DAG(s) 'thelook_ecommerce_churn_pipeline' retrieved from /opt/airflow/dags/churn_pipeline_dag.py
[2026-05-16T16:28:22.748+0000] {logging_mixin.py:188} INFO - [2026-05-16T16:28:22.747+0000] {dag.py:3036} INFO - Sync 1 DAGs
[2026-05-16T16:28:22.817+0000] {logging_mixin.py:188} INFO - [2026-05-16T16:28:22.816+0000] {dag.py:3823} INFO - Setting next_dagrun for thelook_ecommerce_churn_pipeline to None, run_after=None
[2026-05-16T16:28:23.095+0000] {processor.py:183} INFO - Processing /opt/airflow/dags/churn_pipeline_dag.py took 0.610 seconds
[2026-05-16T16:28:53.606+0000] {processor.py:161} INFO - Started process (PID=237) to work on /opt/airflow/dags/churn_pipeline_dag.py
[2026-05-16T16:28:53.609+0000] {processor.py:830} INFO - Processing file /opt/airflow/dags/churn_pipeline_dag.py for tasks to queue
[2026-05-16T16:28:53.611+0000] {logging_mixin.py:188} INFO - [2026-05-16T16:28:53.611+0000] {dagbag.py:538} INFO - Filling up the DagBag from /opt/airflow/dags/churn_pipeline_dag.py
[2026-05-16T16:28:53.637+0000] {processor.py:840} INFO - DAG(s) 'thelook_ecommerce_churn_pipeline' retrieved from /opt/airflow/dags/churn_pipeline_dag.py
[2026-05-16T16:28:53.689+0000] {logging_mixin.py:188} INFO - [2026-05-16T16:28:53.689+0000] {dag.py:3036} INFO - Sync 1 DAGs
[2026-05-16T16:28:53.713+0000] {logging_mixin.py:188} INFO - [2026-05-16T16:28:53.713+0000] {dag.py:3823} INFO - Setting next_dagrun for thelook_ecommerce_churn_pipeline to None, run_after=None
[2026-05-16T16:28:53.798+0000] {processor.py:183} INFO - Processing /opt/airflow/dags/churn_pipeline_dag.py took 0.198 seconds
[2026-05-16T16:29:24.357+0000] {processor.py:161} INFO - Started process (PID=238) to work on /opt/airflow/dags/churn_pipeline_dag.py
[2026-05-16T16:29:24.360+0000] {processor.py:830} INFO - Processing file /opt/airflow/dags/churn_pipeline_dag.py for tasks to queue
[2026-05-16T16:29:24.363+0000] {logging_mixin.py:188} INFO - [2026-05-16T16:29:24.362+0000] {dagbag.py:538} INFO - Filling up the DagBag from /opt/airflow/dags/churn_pipeline_dag.py
[2026-05-16T16:29:24.392+0000] {processor.py:840} INFO - DAG(s) 'thelook_ecommerce_churn_pipeline' retrieved from /opt/airflow/dags/churn_pipeline_dag.py
[2026-05-16T16:29:24.448+0000] {logging_mixin.py:188} INFO - [2026-05-16T16:29:24.448+0000] {dag.py:3036} INFO - Sync 1 DAGs
[2026-05-16T16:29:24.473+0000] {logging_mixin.py:188} INFO - [2026-05-16T16:29:24.472+0000] {dag.py:3823} INFO - Setting next_dagrun for thelook_ecommerce_churn_pipeline to None, run_after=None
[2026-05-16T16:29:24.592+0000] {processor.py:183} INFO - Processing /opt/airflow/dags/churn_pipeline_dag.py took 0.242 seconds
[2026-05-16T16:29:55.079+0000] {processor.py:161} INFO - Started process (PID=239) to work on /opt/airflow/dags/churn_pipeline_dag.py
[2026-05-16T16:29:55.080+0000] {processor.py:830} INFO - Processing file /opt/airflow/dags/churn_pipeline_dag.py for tasks to queue
[2026-05-16T16:29:55.082+0000] {logging_mixin.py:188} INFO - [2026-05-16T16:29:55.081+0000] {dagbag.py:538} INFO - Filling up the DagBag from /opt/airflow/dags/churn_pipeline_dag.py
[2026-05-16T16:29:55.103+0000] {processor.py:840} INFO - DAG(s) 'thelook_ecommerce_churn_pipeline' retrieved from /opt/airflow/dags/churn_pipeline_dag.py
[2026-05-16T16:29:55.144+0000] {logging_mixin.py:188} INFO - [2026-05-16T16:29:55.144+0000] {dag.py:3036} INFO - Sync 1 DAGs
[2026-05-16T16:29:55.161+0000] {logging_mixin.py:188} INFO - [2026-05-16T16:29:55.161+0000] {dag.py:3823} INFO - Setting next_dagrun for thelook_ecommerce_churn_pipeline to None, run_after=None
[2026-05-16T16:29:55.234+0000] {processor.py:183} INFO - Processing /opt/airflow/dags/churn_pipeline_dag.py took 0.159 seconds
[2026-05-16T16:30:25.369+0000] {processor.py:161} INFO - Started process (PID=240) to work on /opt/airflow/dags/churn_pipeline_dag.py
[2026-05-16T16:30:25.371+0000] {processor.py:830} INFO - Processing file /opt/airflow/dags/churn_pipeline_dag.py for tasks to queue
[2026-05-16T16:30:25.372+0000] {logging_mixin.py:188} INFO - [2026-05-16T16:30:25.371+0000] {dagbag.py:538} INFO - Filling up the DagBag from /opt/airflow/dags/churn_pipeline_dag.py
[2026-05-16T16:30:25.394+0000] {processor.py:840} INFO - DAG(s) 'thelook_ecommerce_churn_pipeline' retrieved from /opt/airflow/dags/churn_pipeline_dag.py
[2026-05-16T16:30:25.445+0000] {logging_mixin.py:188} INFO - [2026-05-16T16:30:25.445+0000] {dag.py:3036} INFO - Sync 1 DAGs
[2026-05-16T16:30:25.472+0000] {logging_mixin.py:188} INFO - [2026-05-16T16:30:25.472+0000] {dag.py:3823} INFO - Setting next_dagrun for thelook_ecommerce_churn_pipeline to None, run_after=None
[2026-05-16T16:30:25.573+0000] {processor.py:183} INFO - Processing /opt/airflow/dags/churn_pipeline_dag.py took 0.209 seconds
[2026-05-16T16:30:56.035+0000] {processor.py:161} INFO - Started process (PID=241) to work on /opt/airflow/dags/churn_pipeline_dag.py
[2026-05-16T16:30:56.038+0000] {processor.py:830} INFO - Processing file /opt/airflow/dags/churn_pipeline_dag.py for tasks to queue
[2026-05-16T16:30:56.041+0000] {logging_mixin.py:188} INFO - [2026-05-16T16:30:56.040+0000] {dagbag.py:538} INFO - Filling up the DagBag from /opt/airflow/dags/churn_pipeline_dag.py
[2026-05-16T16:30:56.090+0000] {processor.py:840} INFO - DAG(s) 'thelook_ecommerce_churn_pipeline' retrieved from /opt/airflow/dags/churn_pipeline_dag.py
[2026-05-16T16:30:56.196+0000] {logging_mixin.py:188} INFO - [2026-05-16T16:30:56.194+0000] {dag.py:3036} INFO - Sync 1 DAGs
[2026-05-16T16:30:56.246+0000] {logging_mixin.py:188} INFO - [2026-05-16T16:30:56.244+0000] {dag.py:3823} INFO - Setting next_dagrun for thelook_ecommerce_churn_pipeline to None, run_after=None
[2026-05-16T16:30:56.442+0000] {processor.py:183} INFO - Processing /opt/airflow/dags/churn_pipeline_dag.py took 0.416 seconds
[2026-05-16T16:31:27.332+0000] {processor.py:161} INFO - Started process (PID=242) to work on /opt/airflow/dags/churn_pipeline_dag.py
[2026-05-16T16:31:27.336+0000] {processor.py:830} INFO - Processing file /opt/airflow/dags/churn_pipeline_dag.py for tasks to queue
[2026-05-16T16:31:27.341+0000] {logging_mixin.py:188} INFO - [2026-05-16T16:31:27.339+0000] {dagbag.py:538} INFO - Filling up the DagBag from /opt/airflow/dags/churn_pipeline_dag.py
[2026-05-16T16:31:27.387+0000] {processor.py:840} INFO - DAG(s) 'thelook_ecommerce_churn_pipeline' retrieved from /opt/airflow/dags/churn_pipeline_dag.py
[2026-05-16T16:31:27.500+0000] {logging_mixin.py:188} INFO - [2026-05-16T16:31:27.500+0000] {dag.py:3036} INFO - Sync 1 DAGs
[2026-05-16T16:31:27.549+0000] {logging_mixin.py:188} INFO - [2026-05-16T16:31:27.549+0000] {dag.py:3823} INFO - Setting next_dagrun for thelook_ecommerce_churn_pipeline to None, run_after=None
[2026-05-16T16:31:27.805+0000] {processor.py:183} INFO - Processing /opt/airflow/dags/churn_pipeline_dag.py took 0.479 seconds
[2026-05-16T16:31:58.247+0000] {processor.py:161} INFO - Started process (PID=243) to work on /opt/airflow/dags/churn_pipeline_dag.py
[2026-05-16T16:31:58.250+0000] {processor.py:830} INFO - Processing file /opt/airflow/dags/churn_pipeline_dag.py for tasks to queue
[2026-05-16T16:31:58.252+0000] {logging_mixin.py:188} INFO - [2026-05-16T16:31:58.251+0000] {dagbag.py:538} INFO - Filling up the DagBag from /opt/airflow/dags/churn_pipeline_dag.py
[2026-05-16T16:31:58.281+0000] {processor.py:840} INFO - DAG(s) 'thelook_ecommerce_churn_pipeline' retrieved from /opt/airflow/dags/churn_pipeline_dag.py
[2026-05-16T16:31:58.348+0000] {logging_mixin.py:188} INFO - [2026-05-16T16:31:58.348+0000] {dag.py:3036} INFO - Sync 1 DAGs
[2026-05-16T16:31:58.376+0000] {logging_mixin.py:188} INFO - [2026-05-16T16:31:58.376+0000] {dag.py:3823} INFO - Setting next_dagrun for thelook_ecommerce_churn_pipeline to None, run_after=None
[2026-05-16T16:31:58.465+0000] {processor.py:183} INFO - Processing /opt/airflow/dags/churn_pipeline_dag.py took 0.227 seconds
[2026-05-16T16:32:29.031+0000] {processor.py:161} INFO - Started process (PID=244) to work on /opt/airflow/dags/churn_pipeline_dag.py
[2026-05-16T16:32:29.032+0000] {processor.py:830} INFO - Processing file /opt/airflow/dags/churn_pipeline_dag.py for tasks to queue
[2026-05-16T16:32:29.034+0000] {logging_mixin.py:188} INFO - [2026-05-16T16:32:29.033+0000] {dagbag.py:538} INFO - Filling up the DagBag from /opt/airflow/dags/churn_pipeline_dag.py
[2026-05-16T16:32:29.061+0000] {processor.py:840} INFO - DAG(s) 'thelook_ecommerce_churn_pipeline' retrieved from /opt/airflow/dags/churn_pipeline_dag.py
[2026-05-16T16:32:29.102+0000] {logging_mixin.py:188} INFO - [2026-05-16T16:32:29.102+0000] {dag.py:3036} INFO - Sync 1 DAGs
[2026-05-16T16:32:29.124+0000] {logging_mixin.py:188} INFO - [2026-05-16T16:32:29.123+0000] {dag.py:3823} INFO - Setting next_dagrun for thelook_ecommerce_churn_pipeline to None, run_after=None
[2026-05-16T16:32:29.206+0000] {processor.py:183} INFO - Processing /opt/airflow/dags/churn_pipeline_dag.py took 0.179 seconds
[2026-05-16T16:32:59.638+0000] {processor.py:161} INFO - Started process (PID=245) to work on /opt/airflow/dags/churn_pipeline_dag.py
[2026-05-16T16:32:59.641+0000] {processor.py:830} INFO - Processing file /opt/airflow/dags/churn_pipeline_dag.py for tasks to queue
[2026-05-16T16:32:59.642+0000] {logging_mixin.py:188} INFO - [2026-05-16T16:32:59.642+0000] {dagbag.py:538} INFO - Filling up the DagBag from /opt/airflow/dags/churn_pipeline_dag.py
[2026-05-16T16:32:59.672+0000] {processor.py:840} INFO - DAG(s) 'thelook_ecommerce_churn_pipeline' retrieved from /opt/airflow/dags/churn_pipeline_dag.py
[2026-05-16T16:32:59.745+0000] {logging_mixin.py:188} INFO - [2026-05-16T16:32:59.744+0000] {dag.py:3036} INFO - Sync 1 DAGs
[2026-05-16T16:32:59.769+0000] {logging_mixin.py:188} INFO - [2026-05-16T16:32:59.769+0000] {dag.py:3823} INFO - Setting next_dagrun for thelook_ecommerce_churn_pipeline to None, run_after=None
[2026-05-16T16:32:59.862+0000] {processor.py:183} INFO - Processing /opt/airflow/dags/churn_pipeline_dag.py took 0.231 seconds
[2026-05-16T16:33:30.425+0000] {processor.py:161} INFO - Started process (PID=246) to work on /opt/airflow/dags/churn_pipeline_dag.py
[2026-05-16T16:33:30.427+0000] {processor.py:830} INFO - Processing file /opt/airflow/dags/churn_pipeline_dag.py for tasks to queue
[2026-05-16T16:33:30.429+0000] {logging_mixin.py:188} INFO - [2026-05-16T16:33:30.428+0000] {dagbag.py:538} INFO - Filling up the DagBag from /opt/airflow/dags/churn_pipeline_dag.py
[2026-05-16T16:33:30.450+0000] {processor.py:840} INFO - DAG(s) 'thelook_ecommerce_churn_pipeline' retrieved from /opt/airflow/dags/churn_pipeline_dag.py
[2026-05-16T16:33:30.501+0000] {logging_mixin.py:188} INFO - [2026-05-16T16:33:30.500+0000] {dag.py:3036} INFO - Sync 1 DAGs
[2026-05-16T16:33:30.522+0000] {logging_mixin.py:188} INFO - [2026-05-16T16:33:30.522+0000] {dag.py:3823} INFO - Setting next_dagrun for thelook_ecommerce_churn_pipeline to None, run_after=None
[2026-05-16T16:33:30.604+0000] {processor.py:183} INFO - Processing /opt/airflow/dags/churn_pipeline_dag.py took 0.184 seconds
[2026-05-16T16:34:01.007+0000] {processor.py:161} INFO - Started process (PID=257) to work on /opt/airflow/dags/churn_pipeline_dag.py
[2026-05-16T16:34:01.009+0000] {processor.py:830} INFO - Processing file /opt/airflow/dags/churn_pipeline_dag.py for tasks to queue
[2026-05-16T16:34:01.011+0000] {logging_mixin.py:188} INFO - [2026-05-16T16:34:01.010+0000] {dagbag.py:538} INFO - Filling up the DagBag from /opt/airflow/dags/churn_pipeline_dag.py
[2026-05-16T16:34:01.039+0000] {processor.py:840} INFO - DAG(s) 'thelook_ecommerce_churn_pipeline' retrieved from /opt/airflow/dags/churn_pipeline_dag.py
[2026-05-16T16:34:01.098+0000] {logging_mixin.py:188} INFO - [2026-05-16T16:34:01.098+0000] {dag.py:3036} INFO - Sync 1 DAGs
[2026-05-16T16:34:01.119+0000] {logging_mixin.py:188} INFO - [2026-05-16T16:34:01.118+0000] {dag.py:3823} INFO - Setting next_dagrun for thelook_ecommerce_churn_pipeline to None, run_after=None
[2026-05-16T16:34:01.202+0000] {processor.py:183} INFO - Processing /opt/airflow/dags/churn_pipeline_dag.py took 0.200 seconds
[2026-05-16T16:34:31.684+0000] {processor.py:161} INFO - Started process (PID=258) to work on /opt/airflow/dags/churn_pipeline_dag.py
[2026-05-16T16:34:31.694+0000] {processor.py:830} INFO - Processing file /opt/airflow/dags/churn_pipeline_dag.py for tasks to queue
[2026-05-16T16:34:31.696+0000] {logging_mixin.py:188} INFO - [2026-05-16T16:34:31.695+0000] {dagbag.py:538} INFO - Filling up the DagBag from /opt/airflow/dags/churn_pipeline_dag.py
[2026-05-16T16:34:31.748+0000] {processor.py:840} INFO - DAG(s) 'thelook_ecommerce_churn_pipeline' retrieved from /opt/airflow/dags/churn_pipeline_dag.py
[2026-05-16T16:34:31.861+0000] {logging_mixin.py:188} INFO - [2026-05-16T16:34:31.855+0000] {dag.py:3036} INFO - Sync 1 DAGs
[2026-05-16T16:34:31.896+0000] {logging_mixin.py:188} INFO - [2026-05-16T16:34:31.896+0000] {dag.py:3823} INFO - Setting next_dagrun for thelook_ecommerce_churn_pipeline to None, run_after=None
[2026-05-16T16:34:32.012+0000] {processor.py:183} INFO - Processing /opt/airflow/dags/churn_pipeline_dag.py took 0.335 seconds
[2026-05-16T16:35:02.129+0000] {processor.py:161} INFO - Started process (PID=259) to work on /opt/airflow/dags/churn_pipeline_dag.py
[2026-05-16T16:35:02.131+0000] {processor.py:830} INFO - Processing file /opt/airflow/dags/churn_pipeline_dag.py for tasks to queue
[2026-05-16T16:35:02.133+0000] {logging_mixin.py:188} INFO - [2026-05-16T16:35:02.132+0000] {dagbag.py:538} INFO - Filling up the DagBag from /opt/airflow/dags/churn_pipeline_dag.py
[2026-05-16T16:35:02.157+0000] {processor.py:840} INFO - DAG(s) 'thelook_ecommerce_churn_pipeline' retrieved from /opt/airflow/dags/churn_pipeline_dag.py
[2026-05-16T16:35:02.207+0000] {logging_mixin.py:188} INFO - [2026-05-16T16:35:02.207+0000] {dag.py:3036} INFO - Sync 1 DAGs
[2026-05-16T16:35:02.225+0000] {logging_mixin.py:188} INFO - [2026-05-16T16:35:02.225+0000] {dag.py:3823} INFO - Setting next_dagrun for thelook_ecommerce_churn_pipeline to None, run_after=None
[2026-05-16T16:35:02.308+0000] {processor.py:183} INFO - Processing /opt/airflow/dags/churn_pipeline_dag.py took 0.184 seconds
[2026-05-16T16:35:32.695+0000] {processor.py:161} INFO - Started process (PID=260) to work on /opt/airflow/dags/churn_pipeline_dag.py
[2026-05-16T16:35:32.699+0000] {processor.py:830} INFO - Processing file /opt/airflow/dags/churn_pipeline_dag.py for tasks to queue
[2026-05-16T16:35:32.704+0000] {logging_mixin.py:188} INFO - [2026-05-16T16:35:32.701+0000] {dagbag.py:538} INFO - Filling up the DagBag from /opt/airflow/dags/churn_pipeline_dag.py
[2026-05-16T16:35:32.729+0000] {processor.py:840} INFO - DAG(s) 'thelook_ecommerce_churn_pipeline' retrieved from /opt/airflow/dags/churn_pipeline_dag.py
[2026-05-16T16:35:32.778+0000] {logging_mixin.py:188} INFO - [2026-05-16T16:35:32.777+0000] {dag.py:3036} INFO - Sync 1 DAGs
[2026-05-16T16:35:32.799+0000] {logging_mixin.py:188} INFO - [2026-05-16T16:35:32.798+0000] {dag.py:3823} INFO - Setting next_dagrun for thelook_ecommerce_churn_pipeline to None, run_after=None
[2026-05-16T16:35:32.883+0000] {processor.py:183} INFO - Processing /opt/airflow/dags/churn_pipeline_dag.py took 0.195 seconds
[2026-05-16T16:36:03.293+0000] {processor.py:161} INFO - Started process (PID=261) to work on /opt/airflow/dags/churn_pipeline_dag.py
[2026-05-16T16:36:03.295+0000] {processor.py:830} INFO - Processing file /opt/airflow/dags/churn_pipeline_dag.py for tasks to queue
[2026-05-16T16:36:03.302+0000] {logging_mixin.py:188} INFO - [2026-05-16T16:36:03.300+0000] {dagbag.py:538} INFO - Filling up the DagBag from /opt/airflow/dags/churn_pipeline_dag.py
[2026-05-16T16:36:03.345+0000] {processor.py:840} INFO - DAG(s) 'thelook_ecommerce_churn_pipeline' retrieved from /opt/airflow/dags/churn_pipeline_dag.py
[2026-05-16T16:36:03.458+0000] {logging_mixin.py:188} INFO - [2026-05-16T16:36:03.458+0000] {dag.py:3036} INFO - Sync 1 DAGs
[2026-05-16T16:36:03.504+0000] {logging_mixin.py:188} INFO - [2026-05-16T16:36:03.503+0000] {dag.py:3823} INFO - Setting next_dagrun for thelook_ecommerce_churn_pipeline to None, run_after=None
[2026-05-16T16:36:03.652+0000] {processor.py:183} INFO - Processing /opt/airflow/dags/churn_pipeline_dag.py took 0.367 seconds
[2026-05-16T16:36:34.512+0000] {processor.py:161} INFO - Started process (PID=262) to work on /opt/airflow/dags/churn_pipeline_dag.py
[2026-05-16T16:36:34.652+0000] {processor.py:830} INFO - Processing file /opt/airflow/dags/churn_pipeline_dag.py for tasks to queue
[2026-05-16T16:36:34.670+0000] {logging_mixin.py:188} INFO - [2026-05-16T16:36:34.668+0000] {dagbag.py:538} INFO - Filling up the DagBag from /opt/airflow/dags/churn_pipeline_dag.py
[2026-05-16T16:36:34.845+0000] {processor.py:840} INFO - DAG(s) 'thelook_ecommerce_churn_pipeline' retrieved from /opt/airflow/dags/churn_pipeline_dag.py
[2026-05-16T16:36:35.101+0000] {logging_mixin.py:188} INFO - [2026-05-16T16:36:35.101+0000] {dag.py:3036} INFO - Sync 1 DAGs
[2026-05-16T16:36:35.206+0000] {logging_mixin.py:188} INFO - [2026-05-16T16:36:35.205+0000] {dag.py:3823} INFO - Setting next_dagrun for thelook_ecommerce_churn_pipeline to None, run_after=None
[2026-05-16T16:36:35.611+0000] {processor.py:183} INFO - Processing /opt/airflow/dags/churn_pipeline_dag.py took 1.146 seconds
[2026-05-16T16:37:06.834+0000] {processor.py:161} INFO - Started process (PID=273) to work on /opt/airflow/dags/churn_pipeline_dag.py
[2026-05-16T16:37:06.838+0000] {processor.py:830} INFO - Processing file /opt/airflow/dags/churn_pipeline_dag.py for tasks to queue
[2026-05-16T16:37:06.841+0000] {logging_mixin.py:188} INFO - [2026-05-16T16:37:06.840+0000] {dagbag.py:538} INFO - Filling up the DagBag from /opt/airflow/dags/churn_pipeline_dag.py
[2026-05-16T16:37:06.874+0000] {processor.py:840} INFO - DAG(s) 'thelook_ecommerce_churn_pipeline' retrieved from /opt/airflow/dags/churn_pipeline_dag.py
[2026-05-16T16:37:06.954+0000] {logging_mixin.py:188} INFO - [2026-05-16T16:37:06.953+0000] {dag.py:3036} INFO - Sync 1 DAGs
[2026-05-16T16:37:07.002+0000] {logging_mixin.py:188} INFO - [2026-05-16T16:37:07.002+0000] {dag.py:3823} INFO - Setting next_dagrun for thelook_ecommerce_churn_pipeline to None, run_after=None
[2026-05-16T16:37:07.160+0000] {processor.py:183} INFO - Processing /opt/airflow/dags/churn_pipeline_dag.py took 0.335 seconds
[2026-05-16T16:37:37.964+0000] {processor.py:161} INFO - Started process (PID=274) to work on /opt/airflow/dags/churn_pipeline_dag.py
[2026-05-16T16:37:37.966+0000] {processor.py:830} INFO - Processing file /opt/airflow/dags/churn_pipeline_dag.py for tasks to queue
[2026-05-16T16:37:37.967+0000] {logging_mixin.py:188} INFO - [2026-05-16T16:37:37.967+0000] {dagbag.py:538} INFO - Filling up the DagBag from /opt/airflow/dags/churn_pipeline_dag.py
[2026-05-16T16:37:37.985+0000] {processor.py:840} INFO - DAG(s) 'thelook_ecommerce_churn_pipeline' retrieved from /opt/airflow/dags/churn_pipeline_dag.py
[2026-05-16T16:37:38.034+0000] {logging_mixin.py:188} INFO - [2026-05-16T16:37:38.033+0000] {dag.py:3036} INFO - Sync 1 DAGs
[2026-05-16T16:37:38.052+0000] {logging_mixin.py:188} INFO - [2026-05-16T16:37:38.052+0000] {dag.py:3823} INFO - Setting next_dagrun for thelook_ecommerce_churn_pipeline to None, run_after=None
[2026-05-16T16:37:38.135+0000] {processor.py:183} INFO - Processing /opt/airflow/dags/churn_pipeline_dag.py took 0.177 seconds
[2026-05-16T16:38:08.238+0000] {processor.py:161} INFO - Started process (PID=275) to work on /opt/airflow/dags/churn_pipeline_dag.py
[2026-05-16T16:38:08.241+0000] {processor.py:830} INFO - Processing file /opt/airflow/dags/churn_pipeline_dag.py for tasks to queue
[2026-05-16T16:38:08.243+0000] {logging_mixin.py:188} INFO - [2026-05-16T16:38:08.243+0000] {dagbag.py:538} INFO - Filling up the DagBag from /opt/airflow/dags/churn_pipeline_dag.py
[2026-05-16T16:38:08.270+0000] {processor.py:840} INFO - DAG(s) 'thelook_ecommerce_churn_pipeline' retrieved from /opt/airflow/dags/churn_pipeline_dag.py
[2026-05-16T16:38:08.320+0000] {logging_mixin.py:188} INFO - [2026-05-16T16:38:08.319+0000] {dag.py:3036} INFO - Sync 1 DAGs
[2026-05-16T16:38:08.339+0000] {logging_mixin.py:188} INFO - [2026-05-16T16:38:08.338+0000] {dag.py:3823} INFO - Setting next_dagrun for thelook_ecommerce_churn_pipeline to None, run_after=None
[2026-05-16T16:38:08.433+0000] {processor.py:183} INFO - Processing /opt/airflow/dags/churn_pipeline_dag.py took 0.199 seconds
[2026-05-16T16:38:39.059+0000] {processor.py:161} INFO - Started process (PID=276) to work on /opt/airflow/dags/churn_pipeline_dag.py
[2026-05-16T16:38:39.060+0000] {processor.py:830} INFO - Processing file /opt/airflow/dags/churn_pipeline_dag.py for tasks to queue
[2026-05-16T16:38:39.061+0000] {logging_mixin.py:188} INFO - [2026-05-16T16:38:39.061+0000] {dagbag.py:538} INFO - Filling up the DagBag from /opt/airflow/dags/churn_pipeline_dag.py
[2026-05-16T16:38:39.079+0000] {processor.py:840} INFO - DAG(s) 'thelook_ecommerce_churn_pipeline' retrieved from /opt/airflow/dags/churn_pipeline_dag.py
[2026-05-16T16:38:39.123+0000] {logging_mixin.py:188} INFO - [2026-05-16T16:38:39.122+0000] {dag.py:3036} INFO - Sync 1 DAGs
[2026-05-16T16:38:39.138+0000] {logging_mixin.py:188} INFO - [2026-05-16T16:38:39.138+0000] {dag.py:3823} INFO - Setting next_dagrun for thelook_ecommerce_churn_pipeline to None, run_after=None
[2026-05-16T16:38:39.209+0000] {processor.py:183} INFO - Processing /opt/airflow/dags/churn_pipeline_dag.py took 0.154 seconds
[2026-05-16T16:39:10.081+0000] {processor.py:161} INFO - Started process (PID=283) to work on /opt/airflow/dags/churn_pipeline_dag.py
[2026-05-16T16:39:10.086+0000] {processor.py:830} INFO - Processing file /opt/airflow/dags/churn_pipeline_dag.py for tasks to queue
[2026-05-16T16:39:10.091+0000] {logging_mixin.py:188} INFO - [2026-05-16T16:39:10.089+0000] {dagbag.py:538} INFO - Filling up the DagBag from /opt/airflow/dags/churn_pipeline_dag.py
[2026-05-16T16:39:10.144+0000] {processor.py:840} INFO - DAG(s) 'thelook_ecommerce_churn_pipeline' retrieved from /opt/airflow/dags/churn_pipeline_dag.py
[2026-05-16T16:39:10.228+0000] {logging_mixin.py:188} INFO - [2026-05-16T16:39:10.228+0000] {dag.py:3036} INFO - Sync 1 DAGs
[2026-05-16T16:39:10.263+0000] {logging_mixin.py:188} INFO - [2026-05-16T16:39:10.263+0000] {dag.py:3823} INFO - Setting next_dagrun for thelook_ecommerce_churn_pipeline to None, run_after=None
[2026-05-16T16:39:10.496+0000] {processor.py:183} INFO - Processing /opt/airflow/dags/churn_pipeline_dag.py took 0.423 seconds
[2026-05-16T16:39:42.371+0000] {processor.py:161} INFO - Started process (PID=294) to work on /opt/airflow/dags/churn_pipeline_dag.py
[2026-05-16T16:39:42.386+0000] {processor.py:830} INFO - Processing file /opt/airflow/dags/churn_pipeline_dag.py for tasks to queue
[2026-05-16T16:39:42.394+0000] {logging_mixin.py:188} INFO - [2026-05-16T16:39:42.390+0000] {dagbag.py:538} INFO - Filling up the DagBag from /opt/airflow/dags/churn_pipeline_dag.py
[2026-05-16T16:39:42.795+0000] {processor.py:840} INFO - DAG(s) 'thelook_ecommerce_churn_pipeline' retrieved from /opt/airflow/dags/churn_pipeline_dag.py
[2026-05-16T16:39:43.572+0000] {logging_mixin.py:188} INFO - [2026-05-16T16:39:43.571+0000] {dag.py:3036} INFO - Sync 1 DAGs
[2026-05-16T16:39:43.703+0000] {logging_mixin.py:188} INFO - [2026-05-16T16:39:43.703+0000] {dag.py:3823} INFO - Setting next_dagrun for thelook_ecommerce_churn_pipeline to None, run_after=None
[2026-05-16T16:39:44.177+0000] {processor.py:183} INFO - Processing /opt/airflow/dags/churn_pipeline_dag.py took 1.807 seconds
[2026-05-16T16:40:59.381+0000] {processor.py:161} INFO - Started process (PID=391) to work on /opt/airflow/dags/churn_pipeline_dag.py
[2026-05-16T16:40:59.386+0000] {processor.py:830} INFO - Processing file /opt/airflow/dags/churn_pipeline_dag.py for tasks to queue
[2026-05-16T16:40:59.391+0000] {logging_mixin.py:188} INFO - [2026-05-16T16:40:59.389+0000] {dagbag.py:538} INFO - Filling up the DagBag from /opt/airflow/dags/churn_pipeline_dag.py
[2026-05-16T16:40:59.438+0000] {processor.py:840} INFO - DAG(s) 'thelook_ecommerce_churn_pipeline' retrieved from /opt/airflow/dags/churn_pipeline_dag.py
[2026-05-16T16:40:59.577+0000] {logging_mixin.py:188} INFO - [2026-05-16T16:40:59.577+0000] {dag.py:3036} INFO - Sync 1 DAGs
[2026-05-16T16:40:59.655+0000] {logging_mixin.py:188} INFO - [2026-05-16T16:40:59.653+0000] {dag.py:3823} INFO - Setting next_dagrun for thelook_ecommerce_churn_pipeline to None, run_after=None
[2026-05-16T16:40:59.839+0000] {processor.py:183} INFO - Processing /opt/airflow/dags/churn_pipeline_dag.py took 0.470 seconds
[2026-05-16T16:43:03.523+0000] {processor.py:161} INFO - Started process (PID=409) to work on /opt/airflow/dags/churn_pipeline_dag.py
[2026-05-16T16:43:03.536+0000] {processor.py:830} INFO - Processing file /opt/airflow/dags/churn_pipeline_dag.py for tasks to queue
[2026-05-16T16:43:03.546+0000] {logging_mixin.py:188} INFO - [2026-05-16T16:43:03.539+0000] {dagbag.py:538} INFO - Filling up the DagBag from /opt/airflow/dags/churn_pipeline_dag.py
[2026-05-16T16:43:03.671+0000] {processor.py:840} INFO - DAG(s) 'thelook_ecommerce_churn_pipeline' retrieved from /opt/airflow/dags/churn_pipeline_dag.py
[2026-05-16T16:43:03.971+0000] {logging_mixin.py:188} INFO - [2026-05-16T16:43:03.970+0000] {dag.py:3036} INFO - Sync 1 DAGs
[2026-05-16T16:43:04.134+0000] {logging_mixin.py:188} INFO - [2026-05-16T16:43:04.133+0000] {dag.py:3823} INFO - Setting next_dagrun for thelook_ecommerce_churn_pipeline to None, run_after=None
[2026-05-16T16:43:05.318+0000] {processor.py:183} INFO - Processing /opt/airflow/dags/churn_pipeline_dag.py took 1.817 seconds
[2026-05-16T16:43:36.464+0000] {processor.py:161} INFO - Started process (PID=420) to work on /opt/airflow/dags/churn_pipeline_dag.py
[2026-05-16T16:43:36.468+0000] {processor.py:830} INFO - Processing file /opt/airflow/dags/churn_pipeline_dag.py for tasks to queue
[2026-05-16T16:43:36.471+0000] {logging_mixin.py:188} INFO - [2026-05-16T16:43:36.470+0000] {dagbag.py:538} INFO - Filling up the DagBag from /opt/airflow/dags/churn_pipeline_dag.py
[2026-05-16T16:43:36.536+0000] {processor.py:840} INFO - DAG(s) 'thelook_ecommerce_churn_pipeline' retrieved from /opt/airflow/dags/churn_pipeline_dag.py
[2026-05-16T16:43:36.635+0000] {logging_mixin.py:188} INFO - [2026-05-16T16:43:36.634+0000] {dag.py:3036} INFO - Sync 1 DAGs
[2026-05-16T16:43:36.669+0000] {logging_mixin.py:188} INFO - [2026-05-16T16:43:36.668+0000] {dag.py:3823} INFO - Setting next_dagrun for thelook_ecommerce_churn_pipeline to None, run_after=None
[2026-05-16T16:43:36.906+0000] {processor.py:183} INFO - Processing /opt/airflow/dags/churn_pipeline_dag.py took 0.457 seconds
[2026-05-16T16:44:07.271+0000] {processor.py:161} INFO - Started process (PID=421) to work on /opt/airflow/dags/churn_pipeline_dag.py
[2026-05-16T16:44:07.272+0000] {processor.py:830} INFO - Processing file /opt/airflow/dags/churn_pipeline_dag.py for tasks to queue
[2026-05-16T16:44:07.274+0000] {logging_mixin.py:188} INFO - [2026-05-16T16:44:07.273+0000] {dagbag.py:538} INFO - Filling up the DagBag from /opt/airflow/dags/churn_pipeline_dag.py
[2026-05-16T16:44:07.290+0000] {processor.py:840} INFO - DAG(s) 'thelook_ecommerce_churn_pipeline' retrieved from /opt/airflow/dags/churn_pipeline_dag.py
[2026-05-16T16:44:07.339+0000] {logging_mixin.py:188} INFO - [2026-05-16T16:44:07.339+0000] {dag.py:3036} INFO - Sync 1 DAGs
[2026-05-16T16:44:07.357+0000] {logging_mixin.py:188} INFO - [2026-05-16T16:44:07.356+0000] {dag.py:3823} INFO - Setting next_dagrun for thelook_ecommerce_churn_pipeline to None, run_after=None
[2026-05-16T16:44:07.449+0000] {processor.py:183} INFO - Processing /opt/airflow/dags/churn_pipeline_dag.py took 0.189 seconds
[2026-05-16T16:44:38.014+0000] {processor.py:161} INFO - Started process (PID=422) to work on /opt/airflow/dags/churn_pipeline_dag.py
[2026-05-16T16:44:38.016+0000] {processor.py:830} INFO - Processing file /opt/airflow/dags/churn_pipeline_dag.py for tasks to queue
[2026-05-16T16:44:38.018+0000] {logging_mixin.py:188} INFO - [2026-05-16T16:44:38.017+0000] {dagbag.py:538} INFO - Filling up the DagBag from /opt/airflow/dags/churn_pipeline_dag.py
[2026-05-16T16:44:38.037+0000] {processor.py:840} INFO - DAG(s) 'thelook_ecommerce_churn_pipeline' retrieved from /opt/airflow/dags/churn_pipeline_dag.py
[2026-05-16T16:44:38.081+0000] {logging_mixin.py:188} INFO - [2026-05-16T16:44:38.081+0000] {dag.py:3036} INFO - Sync 1 DAGs
[2026-05-16T16:44:38.098+0000] {logging_mixin.py:188} INFO - [2026-05-16T16:44:38.097+0000] {dag.py:3823} INFO - Setting next_dagrun for thelook_ecommerce_churn_pipeline to None, run_after=None
[2026-05-16T16:44:38.197+0000] {processor.py:183} INFO - Processing /opt/airflow/dags/churn_pipeline_dag.py took 0.186 seconds
