[2026-05-16T15:47:57.116+0000] {taskinstance.py:1956} INFO - Dependencies all met for dep_context=non-requeueable deps ti=<TaskInstance: thelook_ecommerce_churn_pipeline.4_push_to_github manual__2026-05-16T15:43:15.859814+00:00 [queued]>
[2026-05-16T15:47:57.185+0000] {taskinstance.py:1956} INFO - Dependencies all met for dep_context=requeueable deps ti=<TaskInstance: thelook_ecommerce_churn_pipeline.4_push_to_github manual__2026-05-16T15:43:15.859814+00:00 [queued]>
[2026-05-16T15:47:57.186+0000] {taskinstance.py:2170} INFO - Starting attempt 1 of 2
[2026-05-16T15:47:57.334+0000] {taskinstance.py:2191} INFO - Executing <Task(BashOperator): 4_push_to_github> on 2026-05-16 15:43:15.859814+00:00
[2026-05-16T15:47:57.366+0000] {standard_task_runner.py:60} INFO - Started process 48 to run task
[2026-05-16T15:47:57.380+0000] {standard_task_runner.py:87} INFO - Running: ['airflow', 'tasks', 'run', 'thelook_ecommerce_churn_pipeline', '4_push_to_github', 'manual__2026-05-16T15:43:15.859814+00:00', '--job-id', '3', '--raw', '--subdir', 'DAGS_FOLDER/churn_pipeline_dag.py', '--cfg-path', '/tmp/tmpuuzvwyej']
[2026-05-16T15:47:57.387+0000] {standard_task_runner.py:88} INFO - Job 3: Subtask 4_push_to_github
[2026-05-16T15:47:57.498+0000] {logging_mixin.py:188} WARNING - /home/airflow/.local/lib/python3.10/site-packages/airflow/settings.py:194 DeprecationWarning: The sql_alchemy_conn option in [core] has been moved to the sql_alchemy_conn option in [database] - the old setting has been used, but please update your config.
[2026-05-16T15:47:57.688+0000] {task_command.py:423} INFO - Running <TaskInstance: thelook_ecommerce_churn_pipeline.4_push_to_github manual__2026-05-16T15:43:15.859814+00:00 [running]> on host b0e8162c703a
[2026-05-16T15:47:57.976+0000] {taskinstance.py:2480} INFO - Exporting env vars: AIRFLOW_CTX_DAG_OWNER='reyhan_mauluddi' AIRFLOW_CTX_DAG_ID='thelook_ecommerce_churn_pipeline' AIRFLOW_CTX_TASK_ID='4_push_to_github' AIRFLOW_CTX_EXECUTION_DATE='2026-05-16T15:43:15.859814+00:00' AIRFLOW_CTX_TRY_NUMBER='1' AIRFLOW_CTX_DAG_RUN_ID='manual__2026-05-16T15:43:15.859814+00:00'
[2026-05-16T15:47:57.978+0000] {subprocess.py:63} INFO - Tmp dir root location: /tmp
[2026-05-16T15:47:57.981+0000] {subprocess.py:75} INFO - Running command: ['/usr/bin/bash', '-c', '\n        cd /opt/airflow &&         git config --global user.name "Reyhan Airflow Bot" &&         git config --global user.email "reyhan@example.com" &&         git add multipage_app/model_results.csv multipage_app/model.pkl multipage_app/label_encoder.pkl prod_analysis.csv &&         git commit -m "🤖 Airflow Lokal Auto-Update: Pipeline & Model Results" || echo "No changes to commit" &&         git push origin main\n        ']
[2026-05-16T15:47:57.999+0000] {subprocess.py:86} INFO - Output:
[2026-05-16T15:47:58.009+0000] {subprocess.py:93} INFO - /usr/bin/bash: line 2: git: command not found
[2026-05-16T15:47:58.010+0000] {subprocess.py:93} INFO - No changes to commit
[2026-05-16T15:47:58.012+0000] {subprocess.py:93} INFO - /usr/bin/bash: line 2: git: command not found
[2026-05-16T15:47:58.014+0000] {subprocess.py:97} INFO - Command exited with return code 127
[2026-05-16T15:47:58.052+0000] {taskinstance.py:2698} ERROR - Task failed with exception
Traceback (most recent call last):
  File "/home/airflow/.local/lib/python3.10/site-packages/airflow/models/taskinstance.py", line 433, in _execute_task
    result = execute_callable(context=context, **execute_callable_kwargs)
  File "/home/airflow/.local/lib/python3.10/site-packages/airflow/operators/bash.py", line 212, in execute
    raise AirflowException(
airflow.exceptions.AirflowException: Bash command failed. The command returned a non-zero exit code 127.
[2026-05-16T15:47:58.064+0000] {taskinstance.py:1138} INFO - Marking task as UP_FOR_RETRY. dag_id=thelook_ecommerce_churn_pipeline, task_id=4_push_to_github, execution_date=20260516T154315, start_date=20260516T154757, end_date=20260516T154758
[2026-05-16T15:47:58.132+0000] {standard_task_runner.py:107} ERROR - Failed to execute job 3 for task 4_push_to_github (Bash command failed. The command returned a non-zero exit code 127.; 48)
[2026-05-16T15:47:58.158+0000] {local_task_job_runner.py:234} INFO - Task exited with return code 1
[2026-05-16T15:47:58.253+0000] {taskinstance.py:3280} INFO - 0 downstream tasks scheduled from follow-on schedule check
