[2026-05-17T08:51:32.671+0000] {taskinstance.py:1956} INFO - Dependencies all met for dep_context=non-requeueable deps ti=<TaskInstance: thelook_ecommerce_churn_pipeline.1_extract_bigquery_to_duckdb manual__2026-05-17T08:51:13.757592+00:00 [queued]>
[2026-05-17T08:51:32.712+0000] {taskinstance.py:1956} INFO - Dependencies all met for dep_context=requeueable deps ti=<TaskInstance: thelook_ecommerce_churn_pipeline.1_extract_bigquery_to_duckdb manual__2026-05-17T08:51:13.757592+00:00 [queued]>
[2026-05-17T08:51:32.714+0000] {taskinstance.py:2170} INFO - Starting attempt 1 of 2
[2026-05-17T08:51:32.807+0000] {taskinstance.py:2191} INFO - Executing <Task(BashOperator): 1_extract_bigquery_to_duckdb> on 2026-05-17 08:51:13.757592+00:00
[2026-05-17T08:51:32.828+0000] {standard_task_runner.py:60} INFO - Started process 70 to run task
[2026-05-17T08:51:32.841+0000] {standard_task_runner.py:87} INFO - Running: ['airflow', 'tasks', 'run', 'thelook_ecommerce_churn_pipeline', '1_extract_bigquery_to_duckdb', 'manual__2026-05-17T08:51:13.757592+00:00', '--job-id', '21', '--raw', '--subdir', 'DAGS_FOLDER/churn_pipeline_dag.py', '--cfg-path', '/tmp/tmp0nfp0io2']
[2026-05-17T08:51:32.851+0000] {standard_task_runner.py:88} INFO - Job 21: Subtask 1_extract_bigquery_to_duckdb
[2026-05-17T08:51:32.967+0000] {logging_mixin.py:188} WARNING - /home/airflow/.local/lib/python3.10/site-packages/airflow/settings.py:194 DeprecationWarning: The sql_alchemy_conn option in [core] has been moved to the sql_alchemy_conn option in [database] - the old setting has been used, but please update your config.
[2026-05-17T08:51:33.139+0000] {task_command.py:423} INFO - Running <TaskInstance: thelook_ecommerce_churn_pipeline.1_extract_bigquery_to_duckdb manual__2026-05-17T08:51:13.757592+00:00 [running]> on host 8dcafd7b7b97
[2026-05-17T08:51:33.436+0000] {taskinstance.py:2480} INFO - Exporting env vars: AIRFLOW_CTX_DAG_OWNER='reyhan_mauluddi' AIRFLOW_CTX_DAG_ID='thelook_ecommerce_churn_pipeline' AIRFLOW_CTX_TASK_ID='1_extract_bigquery_to_duckdb' AIRFLOW_CTX_EXECUTION_DATE='2026-05-17T08:51:13.757592+00:00' AIRFLOW_CTX_TRY_NUMBER='1' AIRFLOW_CTX_DAG_RUN_ID='manual__2026-05-17T08:51:13.757592+00:00'
[2026-05-17T08:51:33.439+0000] {subprocess.py:63} INFO - Tmp dir root location: /tmp
[2026-05-17T08:51:33.445+0000] {subprocess.py:75} INFO - Running command: ['/usr/bin/bash', '-c', 'python3 /opt/airflow/scripts/extract.py']
[2026-05-17T08:51:33.469+0000] {subprocess.py:86} INFO - Output:
[2026-05-17T08:52:33.582+0000] {subprocess.py:93} INFO - 🚀 Memulai proses Ingestion dari BigQuery ke DuckDB...
[2026-05-17T08:52:33.589+0000] {subprocess.py:93} INFO - 
[2026-05-17T08:52:33.592+0000] {subprocess.py:93} INFO - 📥 Mengambil tabel: orders...
[2026-05-17T08:52:33.593+0000] {subprocess.py:93} INFO - ✅ raw_orders berhasil dibuat (125075 instance).
[2026-05-17T08:52:33.595+0000] {subprocess.py:93} INFO - 📥 Mengambil tabel: order_items...
[2026-05-17T08:52:33.596+0000] {subprocess.py:93} INFO - ✅ raw_order_items berhasil dibuat (181063 instance).
[2026-05-17T08:52:33.597+0000] {subprocess.py:93} INFO - 📥 Mengambil tabel: products...
[2026-05-17T08:52:33.602+0000] {subprocess.py:93} INFO - ✅ raw_products berhasil dibuat (29120 instance).
[2026-05-17T08:52:33.607+0000] {subprocess.py:93} INFO - 📥 Mengambil tabel: users...
[2026-05-17T08:52:33.608+0000] {subprocess.py:93} INFO - ✅ raw_users berhasil dibuat (100000 instance).
[2026-05-17T08:52:33.610+0000] {subprocess.py:93} INFO - 📥 Mengambil tabel: inventory_items...
[2026-05-17T08:52:33.611+0000] {subprocess.py:93} INFO - ✅ raw_inventory_items berhasil dibuat (488965 instance).
[2026-05-17T08:52:33.614+0000] {subprocess.py:93} INFO - 
[2026-05-17T08:52:33.615+0000] {subprocess.py:93} INFO - ✨ Semua tabel berhasil dipindahkan ke DuckDB!
[2026-05-17T08:52:33.971+0000] {subprocess.py:97} INFO - Command exited with return code 0
[2026-05-17T08:52:34.075+0000] {taskinstance.py:1138} INFO - Marking task as SUCCESS. dag_id=thelook_ecommerce_churn_pipeline, task_id=1_extract_bigquery_to_duckdb, execution_date=20260517T085113, start_date=20260517T085132, end_date=20260517T085234
[2026-05-17T08:52:34.241+0000] {local_task_job_runner.py:234} INFO - Task exited with return code 0
[2026-05-17T08:52:34.319+0000] {taskinstance.py:3280} INFO - 1 downstream tasks scheduled from follow-on schedule check
