[2026-05-17T10:17:33.778+0000] {taskinstance.py:1956} INFO - Dependencies all met for dep_context=non-requeueable deps ti=<TaskInstance: thelook_ecommerce_churn_pipeline.1_extract_bigquery_to_duckdb manual__2026-05-17T10:17:28.647248+00:00 [queued]>
[2026-05-17T10:17:33.796+0000] {taskinstance.py:1956} INFO - Dependencies all met for dep_context=requeueable deps ti=<TaskInstance: thelook_ecommerce_churn_pipeline.1_extract_bigquery_to_duckdb manual__2026-05-17T10:17:28.647248+00:00 [queued]>
[2026-05-17T10:17:33.797+0000] {taskinstance.py:2170} INFO - Starting attempt 1 of 2
[2026-05-17T10:17:33.844+0000] {taskinstance.py:2191} INFO - Executing <Task(BashOperator): 1_extract_bigquery_to_duckdb> on 2026-05-17 10:17:28.647248+00:00
[2026-05-17T10:17:33.849+0000] {standard_task_runner.py:60} INFO - Started process 92 to run task
[2026-05-17T10:17:33.858+0000] {standard_task_runner.py:87} INFO - Running: ['airflow', 'tasks', 'run', 'thelook_ecommerce_churn_pipeline', '1_extract_bigquery_to_duckdb', 'manual__2026-05-17T10:17:28.647248+00:00', '--job-id', '44', '--raw', '--subdir', 'DAGS_FOLDER/churn_pipeline_dag.py', '--cfg-path', '/tmp/tmpj2a0b_5m']
[2026-05-17T10:17:33.860+0000] {standard_task_runner.py:88} INFO - Job 44: Subtask 1_extract_bigquery_to_duckdb
[2026-05-17T10:17:33.910+0000] {logging_mixin.py:188} WARNING - /home/airflow/.local/lib/python3.10/site-packages/airflow/settings.py:194 DeprecationWarning: The sql_alchemy_conn option in [core] has been moved to the sql_alchemy_conn option in [database] - the old setting has been used, but please update your config.
[2026-05-17T10:17:33.986+0000] {task_command.py:423} INFO - Running <TaskInstance: thelook_ecommerce_churn_pipeline.1_extract_bigquery_to_duckdb manual__2026-05-17T10:17:28.647248+00:00 [running]> on host 868b2b363ed4
[2026-05-17T10:17:34.179+0000] {taskinstance.py:2480} INFO - Exporting env vars: AIRFLOW_CTX_DAG_OWNER='reyhan_mauluddi' AIRFLOW_CTX_DAG_ID='thelook_ecommerce_churn_pipeline' AIRFLOW_CTX_TASK_ID='1_extract_bigquery_to_duckdb' AIRFLOW_CTX_EXECUTION_DATE='2026-05-17T10:17:28.647248+00:00' AIRFLOW_CTX_TRY_NUMBER='1' AIRFLOW_CTX_DAG_RUN_ID='manual__2026-05-17T10:17:28.647248+00:00'
[2026-05-17T10:17:34.181+0000] {subprocess.py:63} INFO - Tmp dir root location: /tmp
[2026-05-17T10:17:34.182+0000] {subprocess.py:75} INFO - Running command: ['/usr/bin/bash', '-c', 'python3 /opt/airflow/scripts/extract.py']
[2026-05-17T10:17:34.197+0000] {subprocess.py:86} INFO - Output:
[2026-05-17T10:18:06.323+0000] {subprocess.py:93} INFO - 🚀 Memulai proses Ingestion dari BigQuery ke DuckDB...
[2026-05-17T10:18:06.324+0000] {subprocess.py:93} INFO - 
[2026-05-17T10:18:06.325+0000] {subprocess.py:93} INFO - 📥 Mengambil tabel: orders...
[2026-05-17T10:18:06.326+0000] {subprocess.py:93} INFO - ✅ raw_orders berhasil dibuat (125075 instance).
[2026-05-17T10:18:06.326+0000] {subprocess.py:93} INFO - 📥 Mengambil tabel: order_items...
[2026-05-17T10:18:06.329+0000] {subprocess.py:93} INFO - ✅ raw_order_items berhasil dibuat (181063 instance).
[2026-05-17T10:18:06.331+0000] {subprocess.py:93} INFO - 📥 Mengambil tabel: products...
[2026-05-17T10:18:06.332+0000] {subprocess.py:93} INFO - ✅ raw_products berhasil dibuat (29120 instance).
[2026-05-17T10:18:06.333+0000] {subprocess.py:93} INFO - 📥 Mengambil tabel: users...
[2026-05-17T10:18:06.334+0000] {subprocess.py:93} INFO - ✅ raw_users berhasil dibuat (100000 instance).
[2026-05-17T10:18:06.335+0000] {subprocess.py:93} INFO - 📥 Mengambil tabel: inventory_items...
[2026-05-17T10:18:06.336+0000] {subprocess.py:93} INFO - ✅ raw_inventory_items berhasil dibuat (488965 instance).
[2026-05-17T10:18:06.336+0000] {subprocess.py:93} INFO - 
[2026-05-17T10:18:06.337+0000] {subprocess.py:93} INFO - ✨ Semua tabel berhasil dipindahkan ke DuckDB!
[2026-05-17T10:18:06.553+0000] {subprocess.py:97} INFO - Command exited with return code 0
[2026-05-17T10:18:06.616+0000] {taskinstance.py:1138} INFO - Marking task as SUCCESS. dag_id=thelook_ecommerce_churn_pipeline, task_id=1_extract_bigquery_to_duckdb, execution_date=20260517T101728, start_date=20260517T101733, end_date=20260517T101806
[2026-05-17T10:18:06.696+0000] {local_task_job_runner.py:234} INFO - Task exited with return code 0
[2026-05-17T10:18:06.742+0000] {taskinstance.py:3280} INFO - 1 downstream tasks scheduled from follow-on schedule check
