[2026-05-16T15:48:38.163+0000] {taskinstance.py:1956} INFO - Dependencies all met for dep_context=non-requeueable deps ti=<TaskInstance: thelook_ecommerce_churn_pipeline.1_extract_bigquery_to_duckdb manual__2026-05-16T15:43:15.859814+00:00 [queued]>
[2026-05-16T15:48:38.202+0000] {taskinstance.py:1956} INFO - Dependencies all met for dep_context=requeueable deps ti=<TaskInstance: thelook_ecommerce_churn_pipeline.1_extract_bigquery_to_duckdb manual__2026-05-16T15:43:15.859814+00:00 [queued]>
[2026-05-16T15:48:38.203+0000] {taskinstance.py:2170} INFO - Starting attempt 2 of 2
[2026-05-16T15:48:38.260+0000] {taskinstance.py:2191} INFO - Executing <Task(BashOperator): 1_extract_bigquery_to_duckdb> on 2026-05-16 15:43:15.859814+00:00
[2026-05-16T15:48:38.270+0000] {standard_task_runner.py:60} INFO - Started process 57 to run task
[2026-05-16T15:48:38.277+0000] {standard_task_runner.py:87} INFO - Running: ['airflow', 'tasks', 'run', 'thelook_ecommerce_churn_pipeline', '1_extract_bigquery_to_duckdb', 'manual__2026-05-16T15:43:15.859814+00:00', '--job-id', '4', '--raw', '--subdir', 'DAGS_FOLDER/churn_pipeline_dag.py', '--cfg-path', '/tmp/tmpovzsxfko']
[2026-05-16T15:48:38.280+0000] {standard_task_runner.py:88} INFO - Job 4: Subtask 1_extract_bigquery_to_duckdb
[2026-05-16T15:48:38.344+0000] {logging_mixin.py:188} WARNING - /home/airflow/.local/lib/python3.10/site-packages/airflow/settings.py:194 DeprecationWarning: The sql_alchemy_conn option in [core] has been moved to the sql_alchemy_conn option in [database] - the old setting has been used, but please update your config.
[2026-05-16T15:48:38.468+0000] {task_command.py:423} INFO - Running <TaskInstance: thelook_ecommerce_churn_pipeline.1_extract_bigquery_to_duckdb manual__2026-05-16T15:43:15.859814+00:00 [running]> on host b0e8162c703a
[2026-05-16T15:48:38.652+0000] {taskinstance.py:2480} INFO - Exporting env vars: AIRFLOW_CTX_DAG_OWNER='reyhan_mauluddi' AIRFLOW_CTX_DAG_ID='thelook_ecommerce_churn_pipeline' AIRFLOW_CTX_TASK_ID='1_extract_bigquery_to_duckdb' AIRFLOW_CTX_EXECUTION_DATE='2026-05-16T15:43:15.859814+00:00' AIRFLOW_CTX_TRY_NUMBER='2' AIRFLOW_CTX_DAG_RUN_ID='manual__2026-05-16T15:43:15.859814+00:00'
[2026-05-16T15:48:38.655+0000] {subprocess.py:63} INFO - Tmp dir root location: /tmp
[2026-05-16T15:48:38.657+0000] {subprocess.py:75} INFO - Running command: ['/usr/bin/bash', '-c', '/opt/airflow/project_env/bin/python /opt/airflow/scripts/extract.py']
[2026-05-16T15:48:38.670+0000] {subprocess.py:86} INFO - Output:
[2026-05-16T15:48:38.674+0000] {subprocess.py:93} INFO - /usr/bin/bash: line 1: /opt/airflow/project_env/bin/python: No such file or directory
[2026-05-16T15:48:38.675+0000] {subprocess.py:97} INFO - Command exited with return code 127
[2026-05-16T15:48:38.699+0000] {taskinstance.py:2698} ERROR - Task failed with exception
Traceback (most recent call last):
  File "/home/airflow/.local/lib/python3.10/site-packages/airflow/models/taskinstance.py", line 433, in _execute_task
    result = execute_callable(context=context, **execute_callable_kwargs)
  File "/home/airflow/.local/lib/python3.10/site-packages/airflow/operators/bash.py", line 212, in execute
    raise AirflowException(
airflow.exceptions.AirflowException: Bash command failed. The command returned a non-zero exit code 127.
[2026-05-16T15:48:38.706+0000] {taskinstance.py:1138} INFO - Marking task as FAILED. dag_id=thelook_ecommerce_churn_pipeline, task_id=1_extract_bigquery_to_duckdb, execution_date=20260516T154315, start_date=20260516T154838, end_date=20260516T154838
[2026-05-16T15:48:38.766+0000] {standard_task_runner.py:107} ERROR - Failed to execute job 4 for task 1_extract_bigquery_to_duckdb (Bash command failed. The command returned a non-zero exit code 127.; 57)
[2026-05-16T15:48:38.813+0000] {local_task_job_runner.py:234} INFO - Task exited with return code 1
[2026-05-16T15:48:39.082+0000] {taskinstance.py:3280} INFO - 0 downstream tasks scheduled from follow-on schedule check
