[2026-05-17T10:34:44.310+0000] {taskinstance.py:1956} INFO - Dependencies all met for dep_context=non-requeueable deps ti=<TaskInstance: thelook_ecommerce_churn_pipeline.2_transform_and_feature_engineering manual__2026-05-17T10:34:01.917499+00:00 [queued]>
[2026-05-17T10:34:44.325+0000] {taskinstance.py:1956} INFO - Dependencies all met for dep_context=requeueable deps ti=<TaskInstance: thelook_ecommerce_churn_pipeline.2_transform_and_feature_engineering manual__2026-05-17T10:34:01.917499+00:00 [queued]>
[2026-05-17T10:34:44.326+0000] {taskinstance.py:2170} INFO - Starting attempt 1 of 2
[2026-05-17T10:34:44.368+0000] {taskinstance.py:2191} INFO - Executing <Task(BashOperator): 2_transform_and_feature_engineering> on 2026-05-17 10:34:01.917499+00:00
[2026-05-17T10:34:44.374+0000] {standard_task_runner.py:60} INFO - Started process 190 to run task
[2026-05-17T10:34:44.379+0000] {standard_task_runner.py:87} INFO - Running: ['airflow', 'tasks', 'run', 'thelook_ecommerce_churn_pipeline', '2_transform_and_feature_engineering', 'manual__2026-05-17T10:34:01.917499+00:00', '--job-id', '52', '--raw', '--subdir', 'DAGS_FOLDER/churn_pipeline_dag.py', '--cfg-path', '/tmp/tmph3sk236p']
[2026-05-17T10:34:44.381+0000] {standard_task_runner.py:88} INFO - Job 52: Subtask 2_transform_and_feature_engineering
[2026-05-17T10:34:44.419+0000] {logging_mixin.py:188} WARNING - /home/airflow/.local/lib/python3.10/site-packages/airflow/settings.py:194 DeprecationWarning: The sql_alchemy_conn option in [core] has been moved to the sql_alchemy_conn option in [database] - the old setting has been used, but please update your config.
[2026-05-17T10:34:44.490+0000] {task_command.py:423} INFO - Running <TaskInstance: thelook_ecommerce_churn_pipeline.2_transform_and_feature_engineering manual__2026-05-17T10:34:01.917499+00:00 [running]> on host b1bece16dd7e
[2026-05-17T10:34:44.615+0000] {taskinstance.py:2480} INFO - Exporting env vars: AIRFLOW_CTX_DAG_OWNER='reyhan_mauluddi' AIRFLOW_CTX_DAG_ID='thelook_ecommerce_churn_pipeline' AIRFLOW_CTX_TASK_ID='2_transform_and_feature_engineering' AIRFLOW_CTX_EXECUTION_DATE='2026-05-17T10:34:01.917499+00:00' AIRFLOW_CTX_TRY_NUMBER='1' AIRFLOW_CTX_DAG_RUN_ID='manual__2026-05-17T10:34:01.917499+00:00'
[2026-05-17T10:34:44.616+0000] {subprocess.py:63} INFO - Tmp dir root location: /tmp
[2026-05-17T10:34:44.617+0000] {subprocess.py:75} INFO - Running command: ['/usr/bin/bash', '-c', 'python3 /opt/airflow/scripts/transform.py']
[2026-05-17T10:34:44.626+0000] {subprocess.py:86} INFO - Output:
[2026-05-17T10:35:37.024+0000] {subprocess.py:93} INFO - ✅ Berhasil terhubung ke database DuckDB di /opt/airflow/duckdb/dev.duckdb.
[2026-05-17T10:35:37.027+0000] {subprocess.py:93} INFO - ✅ Dataframe orders telah siap.
[2026-05-17T10:35:37.028+0000] {subprocess.py:93} INFO - ✅ Dataframe order_items telah siap.
[2026-05-17T10:35:37.029+0000] {subprocess.py:93} INFO - ✅ Dataframe products telah siap.
[2026-05-17T10:35:37.030+0000] {subprocess.py:93} INFO - ✅ Dataframe users telah siap.
[2026-05-17T10:35:37.031+0000] {subprocess.py:93} INFO - ✅ Dataframe inventory_items telah siap.
[2026-05-17T10:35:37.032+0000] {subprocess.py:93} INFO - ✅ Dataframe events telah siap.
[2026-05-17T10:35:37.033+0000] {subprocess.py:93} INFO - Last order date (Today): 2026-05-17 00:39:41.438497+00:00
[2026-05-17T10:35:37.034+0000] {subprocess.py:93} INFO - Presentase: is_churn
[2026-05-17T10:35:37.038+0000] {subprocess.py:93} INFO - 1    68.201237
[2026-05-17T10:35:37.039+0000] {subprocess.py:93} INFO - 0    31.798763
[2026-05-17T10:35:37.040+0000] {subprocess.py:93} INFO - Name: proportion, dtype: float64
[2026-05-17T10:35:37.041+0000] {subprocess.py:93} INFO - ✅ Dataframe df_final sudah siap untuk modeling.
[2026-05-17T10:35:37.042+0000] {subprocess.py:93} INFO - ✅ Dataframe df_final berhasil disimpan ke DuckDB sebagai analytics_cust_churn.
[2026-05-17T10:35:37.043+0000] {subprocess.py:93} INFO - ✅ Dataframe prod_gab untuk produk analisis dengan file prod_analysis.csv berhasil disimpan ke /opt/airflow/prod_analysis.csv.
[2026-05-17T10:35:38.515+0000] {subprocess.py:97} INFO - Command exited with return code 0
[2026-05-17T10:35:38.604+0000] {taskinstance.py:1138} INFO - Marking task as SUCCESS. dag_id=thelook_ecommerce_churn_pipeline, task_id=2_transform_and_feature_engineering, execution_date=20260517T103401, start_date=20260517T103444, end_date=20260517T103538
[2026-05-17T10:35:38.676+0000] {local_task_job_runner.py:234} INFO - Task exited with return code 0
[2026-05-17T10:35:38.750+0000] {taskinstance.py:3280} INFO - 1 downstream tasks scheduled from follow-on schedule check
