[2026-05-17T10:05:53.473+0000] {taskinstance.py:1956} INFO - Dependencies all met for dep_context=non-requeueable deps ti=<TaskInstance: thelook_ecommerce_churn_pipeline.3_ml_retrain_and_predict manual__2026-05-17T09:53:50.490661+00:00 [queued]>
[2026-05-17T10:05:53.617+0000] {taskinstance.py:1956} INFO - Dependencies all met for dep_context=requeueable deps ti=<TaskInstance: thelook_ecommerce_churn_pipeline.3_ml_retrain_and_predict manual__2026-05-17T09:53:50.490661+00:00 [queued]>
[2026-05-17T10:05:53.619+0000] {taskinstance.py:2170} INFO - Starting attempt 6 of 7
[2026-05-17T10:05:53.925+0000] {taskinstance.py:2191} INFO - Executing <Task(BashOperator): 3_ml_retrain_and_predict> on 2026-05-17 09:53:50.490661+00:00
[2026-05-17T10:05:53.970+0000] {standard_task_runner.py:60} INFO - Started process 295 to run task
[2026-05-17T10:05:54.022+0000] {standard_task_runner.py:87} INFO - Running: ['airflow', 'tasks', 'run', 'thelook_ecommerce_churn_pipeline', '3_ml_retrain_and_predict', 'manual__2026-05-17T09:53:50.490661+00:00', '--job-id', '38', '--raw', '--subdir', 'DAGS_FOLDER/churn_pipeline_dag.py', '--cfg-path', '/tmp/tmpf539nbcz']
[2026-05-17T10:05:54.041+0000] {standard_task_runner.py:88} INFO - Job 38: Subtask 3_ml_retrain_and_predict
[2026-05-17T10:05:55.214+0000] {logging_mixin.py:188} WARNING - /home/airflow/.local/lib/python3.10/site-packages/airflow/settings.py:194 DeprecationWarning: The sql_alchemy_conn option in [core] has been moved to the sql_alchemy_conn option in [database] - the old setting has been used, but please update your config.
[2026-05-17T10:05:55.783+0000] {task_command.py:423} INFO - Running <TaskInstance: thelook_ecommerce_churn_pipeline.3_ml_retrain_and_predict manual__2026-05-17T09:53:50.490661+00:00 [running]> on host 21f78e748bcb
[2026-05-17T10:05:56.800+0000] {taskinstance.py:2480} INFO - Exporting env vars: AIRFLOW_CTX_DAG_OWNER='reyhan_mauluddi' AIRFLOW_CTX_DAG_ID='thelook_ecommerce_churn_pipeline' AIRFLOW_CTX_TASK_ID='3_ml_retrain_and_predict' AIRFLOW_CTX_EXECUTION_DATE='2026-05-17T09:53:50.490661+00:00' AIRFLOW_CTX_TRY_NUMBER='6' AIRFLOW_CTX_DAG_RUN_ID='manual__2026-05-17T09:53:50.490661+00:00'
[2026-05-17T10:05:56.803+0000] {subprocess.py:63} INFO - Tmp dir root location: /tmp
[2026-05-17T10:05:56.809+0000] {subprocess.py:75} INFO - Running command: ['/usr/bin/bash', '-c', 'python3 /opt/airflow/scripts/ml.py']
[2026-05-17T10:05:56.855+0000] {subprocess.py:86} INFO - Output:
[2026-05-17T10:06:01.515+0000] {subprocess.py:93} INFO - ❌ Gagal memuat data dari DuckDB: Catalog Error: Table with name analytics_customer_churn does not exist!
[2026-05-17T10:06:01.516+0000] {subprocess.py:93} INFO - Did you mean "analytics_cust_churn"?
[2026-05-17T10:06:01.517+0000] {subprocess.py:93} INFO - 
[2026-05-17T10:06:01.517+0000] {subprocess.py:93} INFO - LINE 1: SELECT * FROM analytics_customer_churn
[2026-05-17T10:06:01.518+0000] {subprocess.py:93} INFO -                       ^
[2026-05-17T10:06:01.518+0000] {subprocess.py:93} INFO - Traceback (most recent call last):
[2026-05-17T10:06:01.519+0000] {subprocess.py:93} INFO -   File "/opt/airflow/scripts/ml.py", line 36, in <module>
[2026-05-17T10:06:01.520+0000] {subprocess.py:93} INFO -     raise e
[2026-05-17T10:06:01.520+0000] {subprocess.py:93} INFO -   File "/opt/airflow/scripts/ml.py", line 32, in <module>
[2026-05-17T10:06:01.521+0000] {subprocess.py:93} INFO -     df_final = con.execute("SELECT * FROM analytics_customer_churn").df()
[2026-05-17T10:06:01.522+0000] {subprocess.py:93} INFO - _duckdb.CatalogException: Catalog Error: Table with name analytics_customer_churn does not exist!
[2026-05-17T10:06:01.522+0000] {subprocess.py:93} INFO - Did you mean "analytics_cust_churn"?
[2026-05-17T10:06:01.523+0000] {subprocess.py:93} INFO - 
[2026-05-17T10:06:01.523+0000] {subprocess.py:93} INFO - LINE 1: SELECT * FROM analytics_customer_churn
[2026-05-17T10:06:01.524+0000] {subprocess.py:93} INFO -                       ^
[2026-05-17T10:06:01.820+0000] {subprocess.py:97} INFO - Command exited with return code 1
[2026-05-17T10:06:01.839+0000] {taskinstance.py:2698} ERROR - Task failed with exception
Traceback (most recent call last):
  File "/home/airflow/.local/lib/python3.10/site-packages/airflow/models/taskinstance.py", line 433, in _execute_task
    result = execute_callable(context=context, **execute_callable_kwargs)
  File "/home/airflow/.local/lib/python3.10/site-packages/airflow/operators/bash.py", line 212, in execute
    raise AirflowException(
airflow.exceptions.AirflowException: Bash command failed. The command returned a non-zero exit code 1.
[2026-05-17T10:06:01.845+0000] {taskinstance.py:1138} INFO - Marking task as UP_FOR_RETRY. dag_id=thelook_ecommerce_churn_pipeline, task_id=3_ml_retrain_and_predict, execution_date=20260517T095350, start_date=20260517T100553, end_date=20260517T100601
[2026-05-17T10:06:01.913+0000] {standard_task_runner.py:107} ERROR - Failed to execute job 38 for task 3_ml_retrain_and_predict (Bash command failed. The command returned a non-zero exit code 1.; 295)
[2026-05-17T10:06:01.954+0000] {local_task_job_runner.py:234} INFO - Task exited with return code 1
[2026-05-17T10:06:01.997+0000] {taskinstance.py:3280} INFO - 0 downstream tasks scheduled from follow-on schedule check
