[2026-05-17T10:03:28.036+0000] {taskinstance.py:1956} INFO - Dependencies all met for dep_context=non-requeueable deps ti=<TaskInstance: thelook_ecommerce_churn_pipeline.3_ml_retrain_and_predict manual__2026-05-17T09:53:50.490661+00:00 [queued]>
[2026-05-17T10:03:28.087+0000] {taskinstance.py:1956} INFO - Dependencies all met for dep_context=requeueable deps ti=<TaskInstance: thelook_ecommerce_churn_pipeline.3_ml_retrain_and_predict manual__2026-05-17T09:53:50.490661+00:00 [queued]>
[2026-05-17T10:03:28.089+0000] {taskinstance.py:2170} INFO - Starting attempt 3 of 4
[2026-05-17T10:03:28.200+0000] {taskinstance.py:2191} INFO - Executing <Task(BashOperator): 3_ml_retrain_and_predict> on 2026-05-17 09:53:50.490661+00:00
[2026-05-17T10:03:28.220+0000] {standard_task_runner.py:60} INFO - Started process 240 to run task
[2026-05-17T10:03:28.235+0000] {standard_task_runner.py:87} INFO - Running: ['airflow', 'tasks', 'run', 'thelook_ecommerce_churn_pipeline', '3_ml_retrain_and_predict', 'manual__2026-05-17T09:53:50.490661+00:00', '--job-id', '35', '--raw', '--subdir', 'DAGS_FOLDER/churn_pipeline_dag.py', '--cfg-path', '/tmp/tmpj_4dot4g']
[2026-05-17T10:03:28.248+0000] {standard_task_runner.py:88} INFO - Job 35: Subtask 3_ml_retrain_and_predict
[2026-05-17T10:03:28.482+0000] {logging_mixin.py:188} WARNING - /home/airflow/.local/lib/python3.10/site-packages/airflow/settings.py:194 DeprecationWarning: The sql_alchemy_conn option in [core] has been moved to the sql_alchemy_conn option in [database] - the old setting has been used, but please update your config.
[2026-05-17T10:03:29.117+0000] {task_command.py:423} INFO - Running <TaskInstance: thelook_ecommerce_churn_pipeline.3_ml_retrain_and_predict manual__2026-05-17T09:53:50.490661+00:00 [running]> on host 21f78e748bcb
[2026-05-17T10:03:30.784+0000] {taskinstance.py:2480} INFO - Exporting env vars: AIRFLOW_CTX_DAG_OWNER='reyhan_mauluddi' AIRFLOW_CTX_DAG_ID='thelook_ecommerce_churn_pipeline' AIRFLOW_CTX_TASK_ID='3_ml_retrain_and_predict' AIRFLOW_CTX_EXECUTION_DATE='2026-05-17T09:53:50.490661+00:00' AIRFLOW_CTX_TRY_NUMBER='3' AIRFLOW_CTX_DAG_RUN_ID='manual__2026-05-17T09:53:50.490661+00:00'
[2026-05-17T10:03:30.788+0000] {subprocess.py:63} INFO - Tmp dir root location: /tmp
[2026-05-17T10:03:30.791+0000] {subprocess.py:75} INFO - Running command: ['/usr/bin/bash', '-c', 'python3 /opt/airflow/scripts/ml.py']
[2026-05-17T10:03:30.865+0000] {subprocess.py:86} INFO - Output:
[2026-05-17T10:03:37.346+0000] {subprocess.py:93} INFO - ❌ Gagal memuat data dari DuckDB: name 'duckdb' is not defined
[2026-05-17T10:03:37.347+0000] {subprocess.py:93} INFO - Traceback (most recent call last):
[2026-05-17T10:03:37.347+0000] {subprocess.py:93} INFO -   File "/opt/airflow/scripts/ml.py", line 35, in <module>
[2026-05-17T10:03:37.350+0000] {subprocess.py:93} INFO -     raise e
[2026-05-17T10:03:37.350+0000] {subprocess.py:93} INFO -   File "/opt/airflow/scripts/ml.py", line 30, in <module>
[2026-05-17T10:03:37.353+0000] {subprocess.py:93} INFO -     con = duckdb.connect(database_path, read_only = True)
[2026-05-17T10:03:37.354+0000] {subprocess.py:93} INFO - NameError: name 'duckdb' is not defined
[2026-05-17T10:03:37.737+0000] {subprocess.py:97} INFO - Command exited with return code 1
[2026-05-17T10:03:37.761+0000] {taskinstance.py:2698} ERROR - Task failed with exception
Traceback (most recent call last):
  File "/home/airflow/.local/lib/python3.10/site-packages/airflow/models/taskinstance.py", line 433, in _execute_task
    result = execute_callable(context=context, **execute_callable_kwargs)
  File "/home/airflow/.local/lib/python3.10/site-packages/airflow/operators/bash.py", line 212, in execute
    raise AirflowException(
airflow.exceptions.AirflowException: Bash command failed. The command returned a non-zero exit code 1.
[2026-05-17T10:03:37.770+0000] {taskinstance.py:1138} INFO - Marking task as UP_FOR_RETRY. dag_id=thelook_ecommerce_churn_pipeline, task_id=3_ml_retrain_and_predict, execution_date=20260517T095350, start_date=20260517T100328, end_date=20260517T100337
[2026-05-17T10:03:37.866+0000] {standard_task_runner.py:107} ERROR - Failed to execute job 35 for task 3_ml_retrain_and_predict (Bash command failed. The command returned a non-zero exit code 1.; 240)
[2026-05-17T10:03:37.920+0000] {local_task_job_runner.py:234} INFO - Task exited with return code 1
[2026-05-17T10:03:38.029+0000] {taskinstance.py:3280} INFO - 0 downstream tasks scheduled from follow-on schedule check
