[2026-05-16T16:41:09.307+0000] {taskinstance.py:1956} INFO - Dependencies all met for dep_context=non-requeueable deps ti=<TaskInstance: thelook_ecommerce_churn_pipeline.2_transform_and_feature_engineering manual__2026-05-16T16:21:26.846581+00:00 [queued]>
[2026-05-16T16:41:09.376+0000] {taskinstance.py:1956} INFO - Dependencies all met for dep_context=requeueable deps ti=<TaskInstance: thelook_ecommerce_churn_pipeline.2_transform_and_feature_engineering manual__2026-05-16T16:21:26.846581+00:00 [queued]>
[2026-05-16T16:41:09.380+0000] {taskinstance.py:2170} INFO - Starting attempt 2 of 3
[2026-05-16T16:41:09.565+0000] {taskinstance.py:2191} INFO - Executing <Task(BashOperator): 2_transform_and_feature_engineering> on 2026-05-16 16:21:26.846581+00:00
[2026-05-16T16:41:09.585+0000] {standard_task_runner.py:60} INFO - Started process 396 to run task
[2026-05-16T16:41:09.611+0000] {standard_task_runner.py:87} INFO - Running: ['airflow', 'tasks', 'run', 'thelook_ecommerce_churn_pipeline', '2_transform_and_feature_engineering', 'manual__2026-05-16T16:21:26.846581+00:00', '--job-id', '17', '--raw', '--subdir', 'DAGS_FOLDER/churn_pipeline_dag.py', '--cfg-path', '/tmp/tmp3366uv66']
[2026-05-16T16:41:09.617+0000] {standard_task_runner.py:88} INFO - Job 17: Subtask 2_transform_and_feature_engineering
[2026-05-16T16:41:09.743+0000] {logging_mixin.py:188} WARNING - /home/airflow/.local/lib/python3.10/site-packages/airflow/settings.py:194 DeprecationWarning: The sql_alchemy_conn option in [core] has been moved to the sql_alchemy_conn option in [database] - the old setting has been used, but please update your config.
[2026-05-16T16:41:09.948+0000] {task_command.py:423} INFO - Running <TaskInstance: thelook_ecommerce_churn_pipeline.2_transform_and_feature_engineering manual__2026-05-16T16:21:26.846581+00:00 [running]> on host 8dcafd7b7b97
[2026-05-16T16:41:10.364+0000] {taskinstance.py:2480} INFO - Exporting env vars: AIRFLOW_CTX_DAG_OWNER='reyhan_mauluddi' AIRFLOW_CTX_DAG_ID='thelook_ecommerce_churn_pipeline' AIRFLOW_CTX_TASK_ID='2_transform_and_feature_engineering' AIRFLOW_CTX_EXECUTION_DATE='2026-05-16T16:21:26.846581+00:00' AIRFLOW_CTX_TRY_NUMBER='2' AIRFLOW_CTX_DAG_RUN_ID='manual__2026-05-16T16:21:26.846581+00:00'
[2026-05-16T16:41:10.369+0000] {subprocess.py:63} INFO - Tmp dir root location: /tmp
[2026-05-16T16:41:10.373+0000] {subprocess.py:75} INFO - Running command: ['/usr/bin/bash', '-c', 'python3 /opt/airflow/scripts/transform.py']
[2026-05-16T16:41:10.393+0000] {subprocess.py:86} INFO - Output:
[2026-05-16T16:42:46.956+0000] {subprocess.py:93} INFO - ✅ Berhasil terhubung ke database DuckDB di /opt/airflow/duckdb/dev.duckdb.
[2026-05-16T16:42:46.979+0000] {subprocess.py:93} INFO - ✅ Dataframe orders telah siap.
[2026-05-16T16:42:46.981+0000] {subprocess.py:93} INFO - ✅ Dataframe order_items telah siap.
[2026-05-16T16:42:46.983+0000] {subprocess.py:93} INFO - ✅ Dataframe products telah siap.
[2026-05-16T16:42:46.985+0000] {subprocess.py:93} INFO - ✅ Dataframe users telah siap.
[2026-05-16T16:42:46.992+0000] {subprocess.py:93} INFO - ✅ Dataframe inventory_items telah siap.
[2026-05-16T16:42:46.993+0000] {subprocess.py:93} INFO - ✅ Dataframe events telah siap.
[2026-05-16T16:42:46.994+0000] {subprocess.py:93} INFO - Last order date (Today): 2026-05-16 00:29:05.986035+00:00
[2026-05-16T16:42:46.996+0000] {subprocess.py:93} INFO - Presentase: is_churn
[2026-05-16T16:42:46.997+0000] {subprocess.py:93} INFO - 1    68.073761
[2026-05-16T16:42:46.998+0000] {subprocess.py:93} INFO - 0    31.926239
[2026-05-16T16:42:46.999+0000] {subprocess.py:93} INFO - Name: proportion, dtype: float64
[2026-05-16T16:42:47.000+0000] {subprocess.py:93} INFO - ✅ Dataframe df_final sudah siap untuk modeling.
[2026-05-16T16:42:47.002+0000] {subprocess.py:93} INFO - ✅ Dataframe df_final berhasil disimpan ke DuckDB sebagai analytics_cust_churn.
[2026-05-16T16:42:47.005+0000] {subprocess.py:93} INFO - ✅ Dataframe prod_gab untuk produk analisis dengan file prod_analysis.csv berhasil disimpan ke /opt/airflow/prod_analysis.csv.
[2026-05-16T16:42:56.149+0000] {subprocess.py:97} INFO - Command exited with return code 0
[2026-05-16T16:42:56.892+0000] {taskinstance.py:1138} INFO - Marking task as SUCCESS. dag_id=thelook_ecommerce_churn_pipeline, task_id=2_transform_and_feature_engineering, execution_date=20260516T162126, start_date=20260516T164109, end_date=20260516T164256
[2026-05-16T16:42:57.138+0000] {local_task_job_runner.py:234} INFO - Task exited with return code 0
[2026-05-16T16:42:57.398+0000] {taskinstance.py:3280} INFO - 1 downstream tasks scheduled from follow-on schedule check
