[2026-05-17T10:48:00.978+0000] {taskinstance.py:1956} INFO - Dependencies all met for dep_context=non-requeueable deps ti=<TaskInstance: thelook_ecommerce_churn_pipeline.4_push_results_to_github manual__2026-05-17T10:34:01.917499+00:00 [queued]>
[2026-05-17T10:48:01.005+0000] {taskinstance.py:1956} INFO - Dependencies all met for dep_context=requeueable deps ti=<TaskInstance: thelook_ecommerce_churn_pipeline.4_push_results_to_github manual__2026-05-17T10:34:01.917499+00:00 [queued]>
[2026-05-17T10:48:01.007+0000] {taskinstance.py:2170} INFO - Starting attempt 5 of 6
[2026-05-17T10:48:01.064+0000] {taskinstance.py:2191} INFO - Executing <Task(BashOperator): 4_push_results_to_github> on 2026-05-17 10:34:01.917499+00:00
[2026-05-17T10:48:01.080+0000] {standard_task_runner.py:60} INFO - Started process 322 to run task
[2026-05-17T10:48:01.095+0000] {standard_task_runner.py:87} INFO - Running: ['airflow', 'tasks', 'run', 'thelook_ecommerce_churn_pipeline', '4_push_results_to_github', 'manual__2026-05-17T10:34:01.917499+00:00', '--job-id', '58', '--raw', '--subdir', 'DAGS_FOLDER/churn_pipeline_dag.py', '--cfg-path', '/tmp/tmpggwkkyu4']
[2026-05-17T10:48:01.102+0000] {standard_task_runner.py:88} INFO - Job 58: Subtask 4_push_results_to_github
[2026-05-17T10:48:01.193+0000] {logging_mixin.py:188} WARNING - /home/airflow/.local/lib/python3.10/site-packages/airflow/settings.py:194 DeprecationWarning: The sql_alchemy_conn option in [core] has been moved to the sql_alchemy_conn option in [database] - the old setting has been used, but please update your config.
[2026-05-17T10:48:01.328+0000] {task_command.py:423} INFO - Running <TaskInstance: thelook_ecommerce_churn_pipeline.4_push_results_to_github manual__2026-05-17T10:34:01.917499+00:00 [running]> on host b1bece16dd7e
[2026-05-17T10:48:01.576+0000] {taskinstance.py:2480} INFO - Exporting env vars: AIRFLOW_CTX_DAG_OWNER='reyhan_mauluddi' AIRFLOW_CTX_DAG_ID='thelook_ecommerce_churn_pipeline' AIRFLOW_CTX_TASK_ID='4_push_results_to_github' AIRFLOW_CTX_EXECUTION_DATE='2026-05-17T10:34:01.917499+00:00' AIRFLOW_CTX_TRY_NUMBER='5' AIRFLOW_CTX_DAG_RUN_ID='manual__2026-05-17T10:34:01.917499+00:00'
[2026-05-17T10:48:01.579+0000] {subprocess.py:63} INFO - Tmp dir root location: /tmp
[2026-05-17T10:48:01.581+0000] {subprocess.py:75} INFO - Running command: ['/usr/bin/bash', '-c', '\n        # 1. Daftarkan github.com ke known_hosts sementara di /tmp agar aman dari prompt yes/no\n        mkdir -p /tmp/.ssh && chmod 700 /tmp/.ssh &&         ssh-keyscan -t rsa github.com >> /tmp/.ssh/known_hosts &&         \n        # 2. Set environment variable Git untuk menggunakan kunci SSH kita\n        export GIT_SSH_COMMAND="ssh -i /home/airflow/.ssh/id_rsa -F /dev/null -o UserKnownHostsFile=/tmp/.ssh/known_hosts" &&         \n        # 3. Jalankan proses Git Push (Ganti path /opt/airflow/dags/your_repo dengan path repo lokal Anda di container)\n        cd /opt/airflow/dags/your_repo &&         git add . &&         git commit -m "auto-update: churn prediction results $(date +\'%Y-%m-%d %H:%M:%S\')" || echo "No changes to commit" &&         git push origin main\n        ']
[2026-05-17T10:48:01.596+0000] {subprocess.py:86} INFO - Output:
[2026-05-17T10:48:02.126+0000] {subprocess.py:93} INFO - # github.com:22 SSH-2.0-8ad108e
[2026-05-17T10:48:02.707+0000] {subprocess.py:93} INFO - /usr/bin/bash: line 7: cd: /opt/airflow/dags/your_repo: No such file or directory
[2026-05-17T10:48:02.708+0000] {subprocess.py:93} INFO - No changes to commit
[2026-05-17T10:48:02.711+0000] {subprocess.py:93} INFO - fatal: not a git repository (or any of the parent directories): .git
[2026-05-17T10:48:02.712+0000] {subprocess.py:97} INFO - Command exited with return code 128
[2026-05-17T10:48:02.727+0000] {taskinstance.py:2698} ERROR - Task failed with exception
Traceback (most recent call last):
  File "/home/airflow/.local/lib/python3.10/site-packages/airflow/models/taskinstance.py", line 433, in _execute_task
    result = execute_callable(context=context, **execute_callable_kwargs)
  File "/home/airflow/.local/lib/python3.10/site-packages/airflow/operators/bash.py", line 212, in execute
    raise AirflowException(
airflow.exceptions.AirflowException: Bash command failed. The command returned a non-zero exit code 128.
[2026-05-17T10:48:02.732+0000] {taskinstance.py:1138} INFO - Marking task as UP_FOR_RETRY. dag_id=thelook_ecommerce_churn_pipeline, task_id=4_push_results_to_github, execution_date=20260517T103401, start_date=20260517T104800, end_date=20260517T104802
[2026-05-17T10:48:02.775+0000] {standard_task_runner.py:107} ERROR - Failed to execute job 58 for task 4_push_results_to_github (Bash command failed. The command returned a non-zero exit code 128.; 322)
[2026-05-17T10:48:02.796+0000] {local_task_job_runner.py:234} INFO - Task exited with return code 1
[2026-05-17T10:48:02.818+0000] {taskinstance.py:3280} INFO - 0 downstream tasks scheduled from follow-on schedule check
