[2026-05-17T10:51:28.613+0000] {taskinstance.py:1956} INFO - Dependencies all met for dep_context=non-requeueable deps ti=<TaskInstance: thelook_ecommerce_churn_pipeline.4_push_results_to_github manual__2026-05-17T10:34:01.917499+00:00 [queued]>
[2026-05-17T10:51:28.638+0000] {taskinstance.py:1956} INFO - Dependencies all met for dep_context=requeueable deps ti=<TaskInstance: thelook_ecommerce_churn_pipeline.4_push_results_to_github manual__2026-05-17T10:34:01.917499+00:00 [queued]>
[2026-05-17T10:51:28.639+0000] {taskinstance.py:2170} INFO - Starting attempt 6 of 7
[2026-05-17T10:51:28.695+0000] {taskinstance.py:2191} INFO - Executing <Task(BashOperator): 4_push_results_to_github> on 2026-05-17 10:34:01.917499+00:00
[2026-05-17T10:51:28.702+0000] {standard_task_runner.py:60} INFO - Started process 341 to run task
[2026-05-17T10:51:28.711+0000] {standard_task_runner.py:87} INFO - Running: ['airflow', 'tasks', 'run', 'thelook_ecommerce_churn_pipeline', '4_push_results_to_github', 'manual__2026-05-17T10:34:01.917499+00:00', '--job-id', '59', '--raw', '--subdir', 'DAGS_FOLDER/churn_pipeline_dag.py', '--cfg-path', '/tmp/tmp6rky1mfm']
[2026-05-17T10:51:28.716+0000] {standard_task_runner.py:88} INFO - Job 59: Subtask 4_push_results_to_github
[2026-05-17T10:51:28.820+0000] {logging_mixin.py:188} WARNING - /home/airflow/.local/lib/python3.10/site-packages/airflow/settings.py:194 DeprecationWarning: The sql_alchemy_conn option in [core] has been moved to the sql_alchemy_conn option in [database] - the old setting has been used, but please update your config.
[2026-05-17T10:51:29.012+0000] {task_command.py:423} INFO - Running <TaskInstance: thelook_ecommerce_churn_pipeline.4_push_results_to_github manual__2026-05-17T10:34:01.917499+00:00 [running]> on host b1bece16dd7e
[2026-05-17T10:51:29.444+0000] {taskinstance.py:2480} INFO - Exporting env vars: AIRFLOW_CTX_DAG_OWNER='reyhan_mauluddi' AIRFLOW_CTX_DAG_ID='thelook_ecommerce_churn_pipeline' AIRFLOW_CTX_TASK_ID='4_push_results_to_github' AIRFLOW_CTX_EXECUTION_DATE='2026-05-17T10:34:01.917499+00:00' AIRFLOW_CTX_TRY_NUMBER='6' AIRFLOW_CTX_DAG_RUN_ID='manual__2026-05-17T10:34:01.917499+00:00'
[2026-05-17T10:51:29.448+0000] {subprocess.py:63} INFO - Tmp dir root location: /tmp
[2026-05-17T10:51:29.456+0000] {subprocess.py:75} INFO - Running command: ['/usr/bin/bash', '-c', '\n        # 1. Daftarkan github.com ke known_hosts sementara di /tmp agar aman dari prompt yes/no\n        mkdir -p /tmp/.ssh && chmod 700 /tmp/.ssh &&         ssh-keyscan -t rsa github.com >> /tmp/.ssh/known_hosts &&         \n        # 2. Set environment variable Git untuk menggunakan kunci SSH kita\n        export GIT_SSH_COMMAND="ssh -i /home/airflow/.ssh/id_rsa -F /dev/null -o UserKnownHostsFile=/tmp/.ssh/known_hosts" &&         \n        # 3. Jalankan proses Git Push (Ganti path /opt/airflow/dags/your_repo dengan path repo lokal Anda di container)\n        cd /opt/airflow/dags &&         git add . &&         git commit -m "auto-update: churn prediction results $(date +\'%Y-%m-%d %H:%M:%S\')" || echo "No changes to commit" &&         git push origin main\n        ']
[2026-05-17T10:51:29.488+0000] {subprocess.py:86} INFO - Output:
[2026-05-17T10:51:30.046+0000] {subprocess.py:93} INFO - # github.com:22 SSH-2.0-8ad108e
[2026-05-17T10:51:31.131+0000] {subprocess.py:93} INFO - [main 058cbde] auto-update: churn prediction results 2026-05-17 10:51:30
[2026-05-17T10:51:31.132+0000] {subprocess.py:93} INFO -  1 file changed, 65 insertions(+)
[2026-05-17T10:51:31.133+0000] {subprocess.py:93} INFO -  create mode 100644 dags/churn_pipeline_dag.py
[2026-05-17T10:51:32.806+0000] {subprocess.py:93} INFO - identity_sign: private key /home/airflow/.ssh/id_rsa contents do not match public
[2026-05-17T10:51:32.807+0000] {subprocess.py:93} INFO - git@github.com: Permission denied (publickey).
[2026-05-17T10:51:32.809+0000] {subprocess.py:93} INFO - fatal: Could not read from remote repository.
[2026-05-17T10:51:32.809+0000] {subprocess.py:93} INFO - 
[2026-05-17T10:51:32.810+0000] {subprocess.py:93} INFO - Please make sure you have the correct access rights
[2026-05-17T10:51:32.811+0000] {subprocess.py:93} INFO - and the repository exists.
[2026-05-17T10:51:32.811+0000] {subprocess.py:97} INFO - Command exited with return code 128
[2026-05-17T10:51:32.827+0000] {taskinstance.py:2698} ERROR - Task failed with exception
Traceback (most recent call last):
  File "/home/airflow/.local/lib/python3.10/site-packages/airflow/models/taskinstance.py", line 433, in _execute_task
    result = execute_callable(context=context, **execute_callable_kwargs)
  File "/home/airflow/.local/lib/python3.10/site-packages/airflow/operators/bash.py", line 212, in execute
    raise AirflowException(
airflow.exceptions.AirflowException: Bash command failed. The command returned a non-zero exit code 128.
[2026-05-17T10:51:32.833+0000] {taskinstance.py:1138} INFO - Marking task as UP_FOR_RETRY. dag_id=thelook_ecommerce_churn_pipeline, task_id=4_push_results_to_github, execution_date=20260517T103401, start_date=20260517T105128, end_date=20260517T105132
[2026-05-17T10:51:32.870+0000] {standard_task_runner.py:107} ERROR - Failed to execute job 59 for task 4_push_results_to_github (Bash command failed. The command returned a non-zero exit code 128.; 341)
[2026-05-17T10:51:32.916+0000] {local_task_job_runner.py:234} INFO - Task exited with return code 1
[2026-05-17T10:51:32.936+0000] {taskinstance.py:3280} INFO - 0 downstream tasks scheduled from follow-on schedule check
