[2026-05-17T11:41:19.699+0000] {taskinstance.py:1956} INFO - Dependencies all met for dep_context=non-requeueable deps ti=<TaskInstance: thelook_ecommerce_churn_pipeline.4_push_results_to_github manual__2026-05-17T10:34:01.917499+00:00 [queued]>
[2026-05-17T11:41:19.714+0000] {taskinstance.py:1956} INFO - Dependencies all met for dep_context=requeueable deps ti=<TaskInstance: thelook_ecommerce_churn_pipeline.4_push_results_to_github manual__2026-05-17T10:34:01.917499+00:00 [queued]>
[2026-05-17T11:41:19.715+0000] {taskinstance.py:2170} INFO - Starting attempt 23 of 23
[2026-05-17T11:41:19.750+0000] {taskinstance.py:2191} INFO - Executing <Task(BashOperator): 4_push_results_to_github> on 2026-05-17 10:34:01.917499+00:00
[2026-05-17T11:41:19.757+0000] {standard_task_runner.py:60} INFO - Started process 743 to run task
[2026-05-17T11:41:19.763+0000] {standard_task_runner.py:87} INFO - Running: ['airflow', 'tasks', 'run', 'thelook_ecommerce_churn_pipeline', '4_push_results_to_github', 'manual__2026-05-17T10:34:01.917499+00:00', '--job-id', '76', '--raw', '--subdir', 'DAGS_FOLDER/churn_pipeline_dag.py', '--cfg-path', '/tmp/tmpee_m7p8p']
[2026-05-17T11:41:19.766+0000] {standard_task_runner.py:88} INFO - Job 76: Subtask 4_push_results_to_github
[2026-05-17T11:41:19.812+0000] {logging_mixin.py:188} WARNING - /home/airflow/.local/lib/python3.10/site-packages/airflow/settings.py:194 DeprecationWarning: The sql_alchemy_conn option in [core] has been moved to the sql_alchemy_conn option in [database] - the old setting has been used, but please update your config.
[2026-05-17T11:41:19.879+0000] {task_command.py:423} INFO - Running <TaskInstance: thelook_ecommerce_churn_pipeline.4_push_results_to_github manual__2026-05-17T10:34:01.917499+00:00 [running]> on host b1bece16dd7e
[2026-05-17T11:41:20.001+0000] {taskinstance.py:2480} INFO - Exporting env vars: AIRFLOW_CTX_DAG_OWNER='reyhan_mauluddi' AIRFLOW_CTX_DAG_ID='thelook_ecommerce_churn_pipeline' AIRFLOW_CTX_TASK_ID='4_push_results_to_github' AIRFLOW_CTX_EXECUTION_DATE='2026-05-17T10:34:01.917499+00:00' AIRFLOW_CTX_TRY_NUMBER='23' AIRFLOW_CTX_DAG_RUN_ID='manual__2026-05-17T10:34:01.917499+00:00'
[2026-05-17T11:41:20.003+0000] {subprocess.py:63} INFO - Tmp dir root location: /tmp
[2026-05-17T11:41:20.005+0000] {subprocess.py:75} INFO - Running command: ['/usr/bin/bash', '-c', '\n        # 1. Sandbox SSH\n        mkdir -p /tmp/.ssh && chmod 700 /tmp/.ssh\n        ssh-keyscan -t rsa github.com >> /tmp/.ssh/known_hosts\n        \n        # 2. Ambil Variable, hapus semua whitespace (spasi/enter), lalu decode\n        RAW_B64="***"\n        CLEAN_B64=$(echo "$RAW_B64" | tr -d \'[:space:]\')\n        echo "$CLEAN_B64" | base64 -d > /tmp/.ssh/id_rsa_tmp\n        \n        # Pastikan ada baris baru di akhir file kunci (beberapa versi OpenSSL mewajibkan ini)\n        echo "" >> /tmp/.ssh/id_rsa_tmp\n        chmod 600 /tmp/.ssh/id_rsa_tmp\n        \n        # 3. Setting Git SSH\n        export GIT_SSH_COMMAND="ssh -i /tmp/.ssh/id_rsa_tmp -F /dev/null -o UserKnownHostsFile=/tmp/.ssh/known_hosts -o IdentitiesOnly=yes -o StrictHostKeyChecking=no"\n        \n        # 4. Push\n        cd /opt/airflow/dags\n        git add .\n        git commit -m "auto-update: churn prediction results $(date +\'%Y-%m-%d %H:%M:%S\')" || echo "No changes to commit"\n        git push origin main\n        \n        EXIT_CODE=$?\n        rm -rf /tmp/.ssh/id_rsa_tmp\n        exit $EXIT_CODE\n        ']
[2026-05-17T11:41:20.014+0000] {subprocess.py:86} INFO - Output:
[2026-05-17T11:41:20.517+0000] {subprocess.py:93} INFO - # github.com:22 SSH-2.0-8ad108e
[2026-05-17T11:41:21.498+0000] {subprocess.py:93} INFO - On branch main
[2026-05-17T11:41:21.499+0000] {subprocess.py:93} INFO - Your branch is ahead of 'origin/main' by 13 commits.
[2026-05-17T11:41:21.499+0000] {subprocess.py:93} INFO -   (use "git push" to publish your local commits)
[2026-05-17T11:41:21.500+0000] {subprocess.py:93} INFO - 
[2026-05-17T11:41:21.501+0000] {subprocess.py:93} INFO - Changes not staged for commit:
[2026-05-17T11:41:21.501+0000] {subprocess.py:93} INFO -   (use "git add <file>..." to update what will be committed)
[2026-05-17T11:41:21.502+0000] {subprocess.py:93} INFO -   (use "git restore <file>..." to discard changes in working directory)
[2026-05-17T11:41:21.503+0000] {subprocess.py:93} INFO - 	modified:   ../.gitignore
[2026-05-17T11:41:21.503+0000] {subprocess.py:93} INFO - 	modified:   ../.vscode/settings.json
[2026-05-17T11:41:21.504+0000] {subprocess.py:93} INFO - 	modified:   ../README.md
[2026-05-17T11:41:21.504+0000] {subprocess.py:93} INFO - 	modified:   "../multipage_app/1_\360\237\222\273\342\200\213Homepage.py"
[2026-05-17T11:41:21.505+0000] {subprocess.py:93} INFO - 	modified:   ../multipage_app/best_model.csv
[2026-05-17T11:41:21.505+0000] {subprocess.py:93} INFO - 	modified:   "../multipage_app/pages/2_\342\232\240\357\270\217\342\200\213Churn.py"
[2026-05-17T11:41:21.505+0000] {subprocess.py:93} INFO - 	modified:   "../multipage_app/pages/3_\360\237\221\244About_me.py"
[2026-05-17T11:41:21.506+0000] {subprocess.py:93} INFO - 	modified:   ../requirements.txt
[2026-05-17T11:41:21.506+0000] {subprocess.py:93} INFO - 	modified:   ../scripts/extract.py
[2026-05-17T11:41:21.507+0000] {subprocess.py:93} INFO - 	modified:   ../scripts/function.py
[2026-05-17T11:41:21.507+0000] {subprocess.py:93} INFO - 	modified:   ../scripts/logs.log
[2026-05-17T11:41:21.508+0000] {subprocess.py:93} INFO - 	modified:   ../scripts/ml.py
[2026-05-17T11:41:21.508+0000] {subprocess.py:93} INFO - 	modified:   ../scripts/transform.py
[2026-05-17T11:41:21.509+0000] {subprocess.py:93} INFO - 
[2026-05-17T11:41:21.509+0000] {subprocess.py:93} INFO - Untracked files:
[2026-05-17T11:41:21.510+0000] {subprocess.py:93} INFO -   (use "git add <file>..." to include in what will be committed)
[2026-05-17T11:41:21.510+0000] {subprocess.py:93} INFO - 	../Dockerfile
[2026-05-17T11:41:21.511+0000] {subprocess.py:93} INFO - 	../airflow-webserver.pid
[2026-05-17T11:41:21.511+0000] {subprocess.py:93} INFO - 	../airflow.cfg
[2026-05-17T11:41:21.512+0000] {subprocess.py:93} INFO - 	../airflow.db
[2026-05-17T11:41:21.512+0000] {subprocess.py:93} INFO - 	../docker-compose.yaml
[2026-05-17T11:41:21.513+0000] {subprocess.py:93} INFO - 	../logs/
[2026-05-17T11:41:21.513+0000] {subprocess.py:93} INFO - 	../webserver_config.py
[2026-05-17T11:41:21.513+0000] {subprocess.py:93} INFO - 
[2026-05-17T11:41:21.514+0000] {subprocess.py:93} INFO - no changes added to commit (use "git add" and/or "git commit -a")
[2026-05-17T11:41:21.514+0000] {subprocess.py:93} INFO - No changes to commit
[2026-05-17T11:41:23.205+0000] {subprocess.py:93} INFO - git@github.com: Permission denied (publickey).
[2026-05-17T11:41:23.206+0000] {subprocess.py:93} INFO - fatal: Could not read from remote repository.
[2026-05-17T11:41:23.208+0000] {subprocess.py:93} INFO - 
[2026-05-17T11:41:23.208+0000] {subprocess.py:93} INFO - Please make sure you have the correct access rights
[2026-05-17T11:41:23.209+0000] {subprocess.py:93} INFO - and the repository exists.
[2026-05-17T11:41:23.212+0000] {subprocess.py:97} INFO - Command exited with return code 128
[2026-05-17T11:41:23.230+0000] {taskinstance.py:2698} ERROR - Task failed with exception
Traceback (most recent call last):
  File "/home/airflow/.local/lib/python3.10/site-packages/airflow/models/taskinstance.py", line 433, in _execute_task
    result = execute_callable(context=context, **execute_callable_kwargs)
  File "/home/airflow/.local/lib/python3.10/site-packages/airflow/operators/bash.py", line 212, in execute
    raise AirflowException(
airflow.exceptions.AirflowException: Bash command failed. The command returned a non-zero exit code 128.
[2026-05-17T11:41:23.236+0000] {taskinstance.py:1138} INFO - Marking task as FAILED. dag_id=thelook_ecommerce_churn_pipeline, task_id=4_push_results_to_github, execution_date=20260517T103401, start_date=20260517T114119, end_date=20260517T114123
[2026-05-17T11:41:23.278+0000] {standard_task_runner.py:107} ERROR - Failed to execute job 76 for task 4_push_results_to_github (Bash command failed. The command returned a non-zero exit code 128.; 743)
[2026-05-17T11:41:23.299+0000] {local_task_job_runner.py:234} INFO - Task exited with return code 1
[2026-05-17T11:41:23.319+0000] {taskinstance.py:3280} INFO - 0 downstream tasks scheduled from follow-on schedule check
