[2026-05-17T11:58:36.739+0000] {taskinstance.py:1956} INFO - Dependencies all met for dep_context=non-requeueable deps ti=<TaskInstance: thelook_ecommerce_churn_pipeline.4_push_results_to_github manual__2026-05-17T10:34:01.917499+00:00 [queued]>
[2026-05-17T11:58:36.776+0000] {taskinstance.py:1956} INFO - Dependencies all met for dep_context=requeueable deps ti=<TaskInstance: thelook_ecommerce_churn_pipeline.4_push_results_to_github manual__2026-05-17T10:34:01.917499+00:00 [queued]>
[2026-05-17T11:58:36.780+0000] {taskinstance.py:2170} INFO - Starting attempt 26 of 27
[2026-05-17T11:58:36.867+0000] {taskinstance.py:2191} INFO - Executing <Task(BashOperator): 4_push_results_to_github> on 2026-05-17 10:34:01.917499+00:00
[2026-05-17T11:58:36.888+0000] {standard_task_runner.py:60} INFO - Started process 850 to run task
[2026-05-17T11:58:36.914+0000] {standard_task_runner.py:87} INFO - Running: ['airflow', 'tasks', 'run', 'thelook_ecommerce_churn_pipeline', '4_push_results_to_github', 'manual__2026-05-17T10:34:01.917499+00:00', '--job-id', '79', '--raw', '--subdir', 'DAGS_FOLDER/churn_pipeline_dag.py', '--cfg-path', '/tmp/tmp7nw9sq2u']
[2026-05-17T11:58:36.923+0000] {standard_task_runner.py:88} INFO - Job 79: Subtask 4_push_results_to_github
[2026-05-17T11:58:37.048+0000] {logging_mixin.py:188} WARNING - /home/airflow/.local/lib/python3.10/site-packages/airflow/settings.py:194 DeprecationWarning: The sql_alchemy_conn option in [core] has been moved to the sql_alchemy_conn option in [database] - the old setting has been used, but please update your config.
[2026-05-17T11:58:37.186+0000] {task_command.py:423} INFO - Running <TaskInstance: thelook_ecommerce_churn_pipeline.4_push_results_to_github manual__2026-05-17T10:34:01.917499+00:00 [running]> on host b1bece16dd7e
[2026-05-17T11:58:37.436+0000] {taskinstance.py:2480} INFO - Exporting env vars: AIRFLOW_CTX_DAG_OWNER='reyhan_mauluddi' AIRFLOW_CTX_DAG_ID='thelook_ecommerce_churn_pipeline' AIRFLOW_CTX_TASK_ID='4_push_results_to_github' AIRFLOW_CTX_EXECUTION_DATE='2026-05-17T10:34:01.917499+00:00' AIRFLOW_CTX_TRY_NUMBER='26' AIRFLOW_CTX_DAG_RUN_ID='manual__2026-05-17T10:34:01.917499+00:00'
[2026-05-17T11:58:37.440+0000] {subprocess.py:63} INFO - Tmp dir root location: /tmp
[2026-05-17T11:58:37.443+0000] {subprocess.py:75} INFO - Running command: ['/usr/bin/bash', '-c', '\n        # Paksa Git menggunakan kunci di /tmp dan abaikan config sistem yang rusak\n        export GIT_SSH_COMMAND="ssh -i /tmp/ssh_key/id_rsa -F /dev/null -o StrictHostKeyChecking=no"\n        \n        cd /opt/airflow/dags\n        git add .\n        git commit -m "auto-update: churn prediction results $(date +\'%Y-%m-%d %H:%M:%S\')" || echo "No changes"\n        git push origin main\n        ']
[2026-05-17T11:58:37.458+0000] {subprocess.py:86} INFO - Output:
[2026-05-17T11:58:38.355+0000] {subprocess.py:93} INFO - [main 1053a2b] auto-update: churn prediction results 2026-05-17 11:58:37
[2026-05-17T11:58:38.356+0000] {subprocess.py:93} INFO -  1 file changed, 6 insertions(+), 3 deletions(-)
[2026-05-17T11:58:40.105+0000] {subprocess.py:93} INFO - git@github.com: Permission denied (publickey).
[2026-05-17T11:58:40.106+0000] {subprocess.py:93} INFO - fatal: Could not read from remote repository.
[2026-05-17T11:58:40.107+0000] {subprocess.py:93} INFO - 
[2026-05-17T11:58:40.108+0000] {subprocess.py:93} INFO - Please make sure you have the correct access rights
[2026-05-17T11:58:40.108+0000] {subprocess.py:93} INFO - and the repository exists.
[2026-05-17T11:58:40.109+0000] {subprocess.py:97} INFO - Command exited with return code 128
[2026-05-17T11:58:40.129+0000] {taskinstance.py:2698} ERROR - Task failed with exception
Traceback (most recent call last):
  File "/home/airflow/.local/lib/python3.10/site-packages/airflow/models/taskinstance.py", line 433, in _execute_task
    result = execute_callable(context=context, **execute_callable_kwargs)
  File "/home/airflow/.local/lib/python3.10/site-packages/airflow/operators/bash.py", line 212, in execute
    raise AirflowException(
airflow.exceptions.AirflowException: Bash command failed. The command returned a non-zero exit code 128.
[2026-05-17T11:58:40.135+0000] {taskinstance.py:1138} INFO - Marking task as UP_FOR_RETRY. dag_id=thelook_ecommerce_churn_pipeline, task_id=4_push_results_to_github, execution_date=20260517T103401, start_date=20260517T115836, end_date=20260517T115840
[2026-05-17T11:58:40.200+0000] {standard_task_runner.py:107} ERROR - Failed to execute job 79 for task 4_push_results_to_github (Bash command failed. The command returned a non-zero exit code 128.; 850)
[2026-05-17T11:58:40.217+0000] {local_task_job_runner.py:234} INFO - Task exited with return code 1
[2026-05-17T11:58:40.238+0000] {taskinstance.py:3280} INFO - 0 downstream tasks scheduled from follow-on schedule check
