[2026-05-17T10:55:29.773+0000] {taskinstance.py:1956} INFO - Dependencies all met for dep_context=non-requeueable deps ti=<TaskInstance: thelook_ecommerce_churn_pipeline.4_push_results_to_github manual__2026-05-17T10:34:01.917499+00:00 [queued]>
[2026-05-17T10:55:29.922+0000] {taskinstance.py:1956} INFO - Dependencies all met for dep_context=requeueable deps ti=<TaskInstance: thelook_ecommerce_churn_pipeline.4_push_results_to_github manual__2026-05-17T10:34:01.917499+00:00 [queued]>
[2026-05-17T10:55:29.930+0000] {taskinstance.py:2170} INFO - Starting attempt 9 of 10
[2026-05-17T10:55:30.432+0000] {taskinstance.py:2191} INFO - Executing <Task(BashOperator): 4_push_results_to_github> on 2026-05-17 10:34:01.917499+00:00
[2026-05-17T10:55:30.488+0000] {standard_task_runner.py:60} INFO - Started process 400 to run task
[2026-05-17T10:55:30.522+0000] {standard_task_runner.py:87} INFO - Running: ['airflow', 'tasks', 'run', 'thelook_ecommerce_churn_pipeline', '4_push_results_to_github', 'manual__2026-05-17T10:34:01.917499+00:00', '--job-id', '62', '--raw', '--subdir', 'DAGS_FOLDER/churn_pipeline_dag.py', '--cfg-path', '/tmp/tmprxdl6ir1']
[2026-05-17T10:55:30.541+0000] {standard_task_runner.py:88} INFO - Job 62: Subtask 4_push_results_to_github
[2026-05-17T10:55:31.088+0000] {logging_mixin.py:188} WARNING - /home/airflow/.local/lib/python3.10/site-packages/airflow/settings.py:194 DeprecationWarning: The sql_alchemy_conn option in [core] has been moved to the sql_alchemy_conn option in [database] - the old setting has been used, but please update your config.
[2026-05-17T10:55:31.629+0000] {task_command.py:423} INFO - Running <TaskInstance: thelook_ecommerce_churn_pipeline.4_push_results_to_github manual__2026-05-17T10:34:01.917499+00:00 [running]> on host b1bece16dd7e
[2026-05-17T10:55:32.449+0000] {taskinstance.py:2480} INFO - Exporting env vars: AIRFLOW_CTX_DAG_OWNER='reyhan_mauluddi' AIRFLOW_CTX_DAG_ID='thelook_ecommerce_churn_pipeline' AIRFLOW_CTX_TASK_ID='4_push_results_to_github' AIRFLOW_CTX_EXECUTION_DATE='2026-05-17T10:34:01.917499+00:00' AIRFLOW_CTX_TRY_NUMBER='9' AIRFLOW_CTX_DAG_RUN_ID='manual__2026-05-17T10:34:01.917499+00:00'
[2026-05-17T10:55:32.454+0000] {subprocess.py:63} INFO - Tmp dir root location: /tmp
[2026-05-17T10:55:32.479+0000] {subprocess.py:75} INFO - Running command: ['/usr/bin/bash', '-c', '\n        # 1. Mengamankan jabat tangan host GitHub\n        mkdir -p /tmp/.ssh && chmod 700 /tmp/.ssh &&         ssh-keyscan -t rsa github.com >> /tmp/.ssh/known_hosts &&         \n        # 2. Amankan pasangan kunci: Pindahkan sementara file .pub yang tidak cocok agar tidak merusak autentikasi\n        if [ -f /home/airflow/.ssh/id_rsa.pub ]; then             mv /home/airflow/.ssh/id_rsa.pub /tmp/id_rsa.pub.bak;         fi &&         \n        # 3. Set environment variable SSH\n        export GIT_SSH_COMMAND="ssh -i /home/airflow/.ssh/id_rsa -F /dev/null -o UserKnownHostsFile=/tmp/.ssh/known_hosts -o IdentitiesOnly=yes" &&         \n        # 4. Masuk ke root folder dags tempat repositori git Anda berada\n        cd /opt/airflow/dags &&         \n        # 5. Jalankan proses Git Commit dan Push\n        git add . &&         git commit -m "auto-update: churn prediction results $(date +\'%Y-%m-%d %H:%M:%S\')" || echo "No changes to commit" &&         git push origin main;         \n        # 6. Kembalikan file .pub ke tempat semula (baik sukses maupun gagal push)\n        EXIT_CODE=$?;         if [ -f /tmp/id_rsa.pub.bak ]; then             mv /tmp/id_rsa.pub.bak /home/airflow/.ssh/id_rsa.pub;         fi;         exit $EXIT_CODE\n        ']
[2026-05-17T10:55:32.532+0000] {subprocess.py:86} INFO - Output:
[2026-05-17T10:55:33.131+0000] {subprocess.py:93} INFO - # github.com:22 SSH-2.0-8ad108e
[2026-05-17T10:55:35.102+0000] {subprocess.py:93} INFO - [main 458f09d] auto-update: churn prediction results 2026-05-17 10:55:34
[2026-05-17T10:55:35.104+0000] {subprocess.py:93} INFO -  1 file changed, 16 insertions(+), 4 deletions(-)
[2026-05-17T10:55:37.065+0000] {subprocess.py:93} INFO - git@github.com: Permission denied (publickey).
[2026-05-17T10:55:37.068+0000] {subprocess.py:93} INFO - fatal: Could not read from remote repository.
[2026-05-17T10:55:37.072+0000] {subprocess.py:93} INFO - 
[2026-05-17T10:55:37.074+0000] {subprocess.py:93} INFO - Please make sure you have the correct access rights
[2026-05-17T10:55:37.076+0000] {subprocess.py:93} INFO - and the repository exists.
[2026-05-17T10:55:37.095+0000] {subprocess.py:97} INFO - Command exited with return code 128
[2026-05-17T10:55:37.115+0000] {taskinstance.py:2698} ERROR - Task failed with exception
Traceback (most recent call last):
  File "/home/airflow/.local/lib/python3.10/site-packages/airflow/models/taskinstance.py", line 433, in _execute_task
    result = execute_callable(context=context, **execute_callable_kwargs)
  File "/home/airflow/.local/lib/python3.10/site-packages/airflow/operators/bash.py", line 212, in execute
    raise AirflowException(
airflow.exceptions.AirflowException: Bash command failed. The command returned a non-zero exit code 128.
[2026-05-17T10:55:37.120+0000] {taskinstance.py:1138} INFO - Marking task as UP_FOR_RETRY. dag_id=thelook_ecommerce_churn_pipeline, task_id=4_push_results_to_github, execution_date=20260517T103401, start_date=20260517T105529, end_date=20260517T105537
[2026-05-17T10:55:37.165+0000] {standard_task_runner.py:107} ERROR - Failed to execute job 62 for task 4_push_results_to_github (Bash command failed. The command returned a non-zero exit code 128.; 400)
[2026-05-17T10:55:37.210+0000] {local_task_job_runner.py:234} INFO - Task exited with return code 1
[2026-05-17T10:55:37.242+0000] {taskinstance.py:3280} INFO - 0 downstream tasks scheduled from follow-on schedule check
