[2026-05-17T11:18:01.507+0000] {taskinstance.py:1956} INFO - Dependencies all met for dep_context=non-requeueable deps ti=<TaskInstance: thelook_ecommerce_churn_pipeline.4_push_results_to_github manual__2026-05-17T10:34:01.917499+00:00 [queued]>
[2026-05-17T11:18:01.544+0000] {taskinstance.py:1956} INFO - Dependencies all met for dep_context=requeueable deps ti=<TaskInstance: thelook_ecommerce_churn_pipeline.4_push_results_to_github manual__2026-05-17T10:34:01.917499+00:00 [queued]>
[2026-05-17T11:18:01.546+0000] {taskinstance.py:2170} INFO - Starting attempt 14 of 15
[2026-05-17T11:18:01.632+0000] {taskinstance.py:2191} INFO - Executing <Task(BashOperator): 4_push_results_to_github> on 2026-05-17 10:34:01.917499+00:00
[2026-05-17T11:18:01.645+0000] {standard_task_runner.py:60} INFO - Started process 537 to run task
[2026-05-17T11:18:01.659+0000] {standard_task_runner.py:87} INFO - Running: ['airflow', 'tasks', 'run', 'thelook_ecommerce_churn_pipeline', '4_push_results_to_github', 'manual__2026-05-17T10:34:01.917499+00:00', '--job-id', '67', '--raw', '--subdir', 'DAGS_FOLDER/churn_pipeline_dag.py', '--cfg-path', '/tmp/tmptn2hsd7v']
[2026-05-17T11:18:01.666+0000] {standard_task_runner.py:88} INFO - Job 67: Subtask 4_push_results_to_github
[2026-05-17T11:18:01.740+0000] {logging_mixin.py:188} WARNING - /home/airflow/.local/lib/python3.10/site-packages/airflow/settings.py:194 DeprecationWarning: The sql_alchemy_conn option in [core] has been moved to the sql_alchemy_conn option in [database] - the old setting has been used, but please update your config.
[2026-05-17T11:18:01.870+0000] {task_command.py:423} INFO - Running <TaskInstance: thelook_ecommerce_churn_pipeline.4_push_results_to_github manual__2026-05-17T10:34:01.917499+00:00 [running]> on host b1bece16dd7e
[2026-05-17T11:18:02.138+0000] {taskinstance.py:2480} INFO - Exporting env vars: AIRFLOW_CTX_DAG_OWNER='reyhan_mauluddi' AIRFLOW_CTX_DAG_ID='thelook_ecommerce_churn_pipeline' AIRFLOW_CTX_TASK_ID='4_push_results_to_github' AIRFLOW_CTX_EXECUTION_DATE='2026-05-17T10:34:01.917499+00:00' AIRFLOW_CTX_TRY_NUMBER='14' AIRFLOW_CTX_DAG_RUN_ID='manual__2026-05-17T10:34:01.917499+00:00'
[2026-05-17T11:18:02.141+0000] {subprocess.py:63} INFO - Tmp dir root location: /tmp
[2026-05-17T11:18:02.143+0000] {subprocess.py:75} INFO - Running command: ['/usr/bin/bash', '-c', '\n        # 1. Buat sandbox SSH yang bersih di /tmp\n        mkdir -p /tmp/.ssh && chmod 700 /tmp/.ssh &&         ssh-keyscan -t rsa github.com >> /tmp/.ssh/known_hosts &&         \n        # 2. Inject private key langsung dari Airflow Variable ke dalam file sandbox\n        echo "$SSH_KEY_FROM_VAR" > /tmp/.ssh/id_rsa_tmp &&         chmod 600 /tmp/.ssh/id_rsa_tmp &&         \n        # 3. Set opsi SSH agar mengabaikan config global bawaan container\n        export GIT_SSH_COMMAND="ssh -i /tmp/.ssh/id_rsa_tmp -F /dev/null -o UserKnownHostsFile=/tmp/.ssh/known_hosts -o IdentitiesOnly=yes" &&         \n        # 4. Jalankan Tes Koneksi ke GitHub\n        echo "=== Mengetes Koneksi SSH ke GitHub ===" &&         $GIT_SSH_COMMAND -T git@github.com || echo "Status tes SSH selesai." &&         echo "======================================" &&         \n        # 5. Masuk ke root folder dags tempat repositori git berada\n        cd /opt/airflow/dags &&         \n        # 6. Jalankan proses Git Commit dan Push\n        git add . &&         git commit -m "auto-update: churn prediction results $(date +\'%Y-%m-%d %H:%M:%S\')" || echo "No changes to commit" &&         git push origin main;         \n        # 7. Hapus kunci dari /tmp setelah selesai demi keamanan lingkungan run-time\n        EXIT_CODE=$?;         rm -rf /tmp/.ssh/id_rsa_tmp;         exit $EXIT_CODE\n        ']
[2026-05-17T11:18:02.155+0000] {subprocess.py:86} INFO - Output:
[2026-05-17T11:18:02.709+0000] {subprocess.py:93} INFO - # github.com:22 SSH-2.0-8ad108e
[2026-05-17T11:18:03.286+0000] {subprocess.py:93} INFO - === Mengetes Koneksi SSH ke GitHub ===
[2026-05-17T11:18:04.646+0000] {subprocess.py:93} INFO - Load key "/tmp/.ssh/id_rsa_tmp": error in libcrypto
[2026-05-17T11:18:04.647+0000] {subprocess.py:93} INFO - git@github.com: Permission denied (publickey).
[2026-05-17T11:18:04.648+0000] {subprocess.py:93} INFO - Status tes SSH selesai.
[2026-05-17T11:18:04.649+0000] {subprocess.py:93} INFO - ======================================
[2026-05-17T11:18:05.104+0000] {subprocess.py:93} INFO - [main 247c938] auto-update: churn prediction results 2026-05-17 11:18:04
[2026-05-17T11:18:05.104+0000] {subprocess.py:93} INFO -  1 file changed, 13 insertions(+), 8 deletions(-)
[2026-05-17T11:18:06.532+0000] {subprocess.py:93} INFO - Load key "/tmp/.ssh/id_rsa_tmp": error in libcrypto
[2026-05-17T11:18:06.533+0000] {subprocess.py:93} INFO - git@github.com: Permission denied (publickey).
[2026-05-17T11:18:06.535+0000] {subprocess.py:93} INFO - fatal: Could not read from remote repository.
[2026-05-17T11:18:06.536+0000] {subprocess.py:93} INFO - 
[2026-05-17T11:18:06.537+0000] {subprocess.py:93} INFO - Please make sure you have the correct access rights
[2026-05-17T11:18:06.539+0000] {subprocess.py:93} INFO - and the repository exists.
[2026-05-17T11:18:06.540+0000] {subprocess.py:97} INFO - Command exited with return code 128
[2026-05-17T11:18:06.562+0000] {taskinstance.py:2698} ERROR - Task failed with exception
Traceback (most recent call last):
  File "/home/airflow/.local/lib/python3.10/site-packages/airflow/models/taskinstance.py", line 433, in _execute_task
    result = execute_callable(context=context, **execute_callable_kwargs)
  File "/home/airflow/.local/lib/python3.10/site-packages/airflow/operators/bash.py", line 212, in execute
    raise AirflowException(
airflow.exceptions.AirflowException: Bash command failed. The command returned a non-zero exit code 128.
[2026-05-17T11:18:06.569+0000] {taskinstance.py:1138} INFO - Marking task as UP_FOR_RETRY. dag_id=thelook_ecommerce_churn_pipeline, task_id=4_push_results_to_github, execution_date=20260517T103401, start_date=20260517T111801, end_date=20260517T111806
[2026-05-17T11:18:06.610+0000] {standard_task_runner.py:107} ERROR - Failed to execute job 67 for task 4_push_results_to_github (Bash command failed. The command returned a non-zero exit code 128.; 537)
[2026-05-17T11:18:06.656+0000] {local_task_job_runner.py:234} INFO - Task exited with return code 1
[2026-05-17T11:18:06.683+0000] {taskinstance.py:3280} INFO - 0 downstream tasks scheduled from follow-on schedule check
