[2026-05-17T11:19:47.140+0000] {taskinstance.py:1956} INFO - Dependencies all met for dep_context=non-requeueable deps ti=<TaskInstance: thelook_ecommerce_churn_pipeline.4_push_results_to_github manual__2026-05-17T10:34:01.917499+00:00 [queued]>
[2026-05-17T11:19:47.165+0000] {taskinstance.py:1956} INFO - Dependencies all met for dep_context=requeueable deps ti=<TaskInstance: thelook_ecommerce_churn_pipeline.4_push_results_to_github manual__2026-05-17T10:34:01.917499+00:00 [queued]>
[2026-05-17T11:19:47.166+0000] {taskinstance.py:2170} INFO - Starting attempt 15 of 16
[2026-05-17T11:19:47.227+0000] {taskinstance.py:2191} INFO - Executing <Task(BashOperator): 4_push_results_to_github> on 2026-05-17 10:34:01.917499+00:00
[2026-05-17T11:19:47.236+0000] {standard_task_runner.py:60} INFO - Started process 560 to run task
[2026-05-17T11:19:47.246+0000] {standard_task_runner.py:87} INFO - Running: ['airflow', 'tasks', 'run', 'thelook_ecommerce_churn_pipeline', '4_push_results_to_github', 'manual__2026-05-17T10:34:01.917499+00:00', '--job-id', '68', '--raw', '--subdir', 'DAGS_FOLDER/churn_pipeline_dag.py', '--cfg-path', '/tmp/tmpzk00t5o0']
[2026-05-17T11:19:47.250+0000] {standard_task_runner.py:88} INFO - Job 68: Subtask 4_push_results_to_github
[2026-05-17T11:19:47.319+0000] {logging_mixin.py:188} WARNING - /home/airflow/.local/lib/python3.10/site-packages/airflow/settings.py:194 DeprecationWarning: The sql_alchemy_conn option in [core] has been moved to the sql_alchemy_conn option in [database] - the old setting has been used, but please update your config.
[2026-05-17T11:19:47.436+0000] {task_command.py:423} INFO - Running <TaskInstance: thelook_ecommerce_churn_pipeline.4_push_results_to_github manual__2026-05-17T10:34:01.917499+00:00 [running]> on host b1bece16dd7e
[2026-05-17T11:19:47.666+0000] {taskinstance.py:2480} INFO - Exporting env vars: AIRFLOW_CTX_DAG_OWNER='reyhan_mauluddi' AIRFLOW_CTX_DAG_ID='thelook_ecommerce_churn_pipeline' AIRFLOW_CTX_TASK_ID='4_push_results_to_github' AIRFLOW_CTX_EXECUTION_DATE='2026-05-17T10:34:01.917499+00:00' AIRFLOW_CTX_TRY_NUMBER='15' AIRFLOW_CTX_DAG_RUN_ID='manual__2026-05-17T10:34:01.917499+00:00'
[2026-05-17T11:19:47.668+0000] {subprocess.py:63} INFO - Tmp dir root location: /tmp
[2026-05-17T11:19:47.670+0000] {subprocess.py:75} INFO - Running command: ['/usr/bin/bash', '-c', '\n        # 1. Buat sandbox SSH yang bersih di /tmp\n        mkdir -p /tmp/.ssh && chmod 700 /tmp/.ssh &&         ssh-keyscan -t rsa github.com >> /tmp/.ssh/known_hosts &&         \n        # 2. Inject private key langsung dari Airflow Variable ke dalam file sandbox\n        echo "$SSH_KEY_FROM_VAR" > /tmp/.ssh/id_rsa_tmp &&         chmod 600 /tmp/.ssh/id_rsa_tmp &&         \n        # 3. Set opsi SSH agar mengabaikan config global bawaan container\n        export GIT_SSH_COMMAND="ssh -i /tmp/.ssh/id_rsa_tmp -F /dev/null -o UserKnownHostsFile=/tmp/.ssh/known_hosts -o IdentitiesOnly=yes" &&         \n        # 4. Jalankan Tes Koneksi ke GitHub\n        echo "=== Mengetes Koneksi SSH ke GitHub ===" &&         $GIT_SSH_COMMAND -T git@github.com || echo "Status tes SSH selesai." &&         echo "======================================" &&         \n        # 5. Masuk ke root folder dags tempat repositori git berada\n        cd /opt/airflow/dags &&         \n        # 6. Jalankan proses Git Commit dan Push\n        git add . &&         git commit -m "auto-update: churn prediction results $(date +\'%Y-%m-%d %H:%M:%S\')" || echo "No changes to commit" &&         git push origin main;         \n        # 7. Hapus kunci dari /tmp setelah selesai demi keamanan lingkungan run-time\n        EXIT_CODE=$?;         rm -rf /tmp/.ssh/id_rsa_tmp;         exit $EXIT_CODE\n        ']
[2026-05-17T11:19:47.684+0000] {subprocess.py:86} INFO - Output:
[2026-05-17T11:19:48.213+0000] {subprocess.py:93} INFO - # github.com:22 SSH-2.0-8ad108e
[2026-05-17T11:19:48.824+0000] {subprocess.py:93} INFO - === Mengetes Koneksi SSH ke GitHub ===
[2026-05-17T11:19:50.234+0000] {subprocess.py:93} INFO - Load key "/tmp/.ssh/id_rsa_tmp": error in libcrypto
[2026-05-17T11:19:50.236+0000] {subprocess.py:93} INFO - git@github.com: Permission denied (publickey).
[2026-05-17T11:19:50.237+0000] {subprocess.py:93} INFO - Status tes SSH selesai.
[2026-05-17T11:19:50.238+0000] {subprocess.py:93} INFO - ======================================
[2026-05-17T11:19:50.853+0000] {subprocess.py:93} INFO - On branch main
[2026-05-17T11:19:50.854+0000] {subprocess.py:93} INFO - Your branch is ahead of 'origin/main' by 8 commits.
[2026-05-17T11:19:50.855+0000] {subprocess.py:93} INFO -   (use "git push" to publish your local commits)
[2026-05-17T11:19:50.856+0000] {subprocess.py:93} INFO - 
[2026-05-17T11:19:50.857+0000] {subprocess.py:93} INFO - Changes not staged for commit:
[2026-05-17T11:19:50.858+0000] {subprocess.py:93} INFO -   (use "git add <file>..." to update what will be committed)
[2026-05-17T11:19:50.859+0000] {subprocess.py:93} INFO -   (use "git restore <file>..." to discard changes in working directory)
[2026-05-17T11:19:50.860+0000] {subprocess.py:93} INFO - 	modified:   ../.gitignore
[2026-05-17T11:19:50.861+0000] {subprocess.py:93} INFO - 	modified:   ../.vscode/settings.json
[2026-05-17T11:19:50.862+0000] {subprocess.py:93} INFO - 	modified:   ../README.md
[2026-05-17T11:19:50.863+0000] {subprocess.py:93} INFO - 	modified:   "../multipage_app/1_\360\237\222\273\342\200\213Homepage.py"
[2026-05-17T11:19:50.864+0000] {subprocess.py:93} INFO - 	modified:   ../multipage_app/best_model.csv
[2026-05-17T11:19:50.866+0000] {subprocess.py:93} INFO - 	modified:   "../multipage_app/pages/2_\342\232\240\357\270\217\342\200\213Churn.py"
[2026-05-17T11:19:50.867+0000] {subprocess.py:93} INFO - 	modified:   "../multipage_app/pages/3_\360\237\221\244About_me.py"
[2026-05-17T11:19:50.868+0000] {subprocess.py:93} INFO - 	modified:   ../requirements.txt
[2026-05-17T11:19:50.869+0000] {subprocess.py:93} INFO - 	modified:   ../scripts/extract.py
[2026-05-17T11:19:50.870+0000] {subprocess.py:93} INFO - 	modified:   ../scripts/function.py
[2026-05-17T11:19:50.872+0000] {subprocess.py:93} INFO - 	modified:   ../scripts/logs.log
[2026-05-17T11:19:50.874+0000] {subprocess.py:93} INFO - 	modified:   ../scripts/ml.py
[2026-05-17T11:19:50.875+0000] {subprocess.py:93} INFO - 	modified:   ../scripts/transform.py
[2026-05-17T11:19:50.875+0000] {subprocess.py:93} INFO - 
[2026-05-17T11:19:50.876+0000] {subprocess.py:93} INFO - Untracked files:
[2026-05-17T11:19:50.878+0000] {subprocess.py:93} INFO -   (use "git add <file>..." to include in what will be committed)
[2026-05-17T11:19:50.879+0000] {subprocess.py:93} INFO - 	../Dockerfile
[2026-05-17T11:19:50.881+0000] {subprocess.py:93} INFO - 	../airflow-webserver.pid
[2026-05-17T11:19:50.882+0000] {subprocess.py:93} INFO - 	../airflow.cfg
[2026-05-17T11:19:50.883+0000] {subprocess.py:93} INFO - 	../airflow.db
[2026-05-17T11:19:50.884+0000] {subprocess.py:93} INFO - 	../docker-compose.yaml
[2026-05-17T11:19:50.885+0000] {subprocess.py:93} INFO - 	../logs/
[2026-05-17T11:19:50.886+0000] {subprocess.py:93} INFO - 	../webserver_config.py
[2026-05-17T11:19:50.887+0000] {subprocess.py:93} INFO - 
[2026-05-17T11:19:50.888+0000] {subprocess.py:93} INFO - no changes added to commit (use "git add" and/or "git commit -a")
[2026-05-17T11:19:50.889+0000] {subprocess.py:93} INFO - No changes to commit
[2026-05-17T11:19:52.318+0000] {subprocess.py:93} INFO - Load key "/tmp/.ssh/id_rsa_tmp": error in libcrypto
[2026-05-17T11:19:52.319+0000] {subprocess.py:93} INFO - git@github.com: Permission denied (publickey).
[2026-05-17T11:19:52.320+0000] {subprocess.py:93} INFO - fatal: Could not read from remote repository.
[2026-05-17T11:19:52.321+0000] {subprocess.py:93} INFO - 
[2026-05-17T11:19:52.322+0000] {subprocess.py:93} INFO - Please make sure you have the correct access rights
[2026-05-17T11:19:52.323+0000] {subprocess.py:93} INFO - and the repository exists.
[2026-05-17T11:19:52.325+0000] {subprocess.py:97} INFO - Command exited with return code 128
[2026-05-17T11:19:52.363+0000] {taskinstance.py:2698} ERROR - Task failed with exception
Traceback (most recent call last):
  File "/home/airflow/.local/lib/python3.10/site-packages/airflow/models/taskinstance.py", line 433, in _execute_task
    result = execute_callable(context=context, **execute_callable_kwargs)
  File "/home/airflow/.local/lib/python3.10/site-packages/airflow/operators/bash.py", line 212, in execute
    raise AirflowException(
airflow.exceptions.AirflowException: Bash command failed. The command returned a non-zero exit code 128.
[2026-05-17T11:19:52.369+0000] {taskinstance.py:1138} INFO - Marking task as UP_FOR_RETRY. dag_id=thelook_ecommerce_churn_pipeline, task_id=4_push_results_to_github, execution_date=20260517T103401, start_date=20260517T111947, end_date=20260517T111952
[2026-05-17T11:19:52.410+0000] {standard_task_runner.py:107} ERROR - Failed to execute job 68 for task 4_push_results_to_github (Bash command failed. The command returned a non-zero exit code 128.; 560)
[2026-05-17T11:19:52.422+0000] {local_task_job_runner.py:234} INFO - Task exited with return code 1
[2026-05-17T11:19:52.442+0000] {taskinstance.py:3280} INFO - 0 downstream tasks scheduled from follow-on schedule check
