[2026-05-17T11:24:17.366+0000] {taskinstance.py:1956} INFO - Dependencies all met for dep_context=non-requeueable deps ti=<TaskInstance: thelook_ecommerce_churn_pipeline.4_push_results_to_github manual__2026-05-17T10:34:01.917499+00:00 [queued]>
[2026-05-17T11:24:17.394+0000] {taskinstance.py:1956} INFO - Dependencies all met for dep_context=requeueable deps ti=<TaskInstance: thelook_ecommerce_churn_pipeline.4_push_results_to_github manual__2026-05-17T10:34:01.917499+00:00 [queued]>
[2026-05-17T11:24:17.395+0000] {taskinstance.py:2170} INFO - Starting attempt 17 of 18
[2026-05-17T11:24:17.461+0000] {taskinstance.py:2191} INFO - Executing <Task(BashOperator): 4_push_results_to_github> on 2026-05-17 10:34:01.917499+00:00
[2026-05-17T11:24:17.476+0000] {standard_task_runner.py:60} INFO - Started process 607 to run task
[2026-05-17T11:24:17.489+0000] {standard_task_runner.py:87} INFO - Running: ['airflow', 'tasks', 'run', 'thelook_ecommerce_churn_pipeline', '4_push_results_to_github', 'manual__2026-05-17T10:34:01.917499+00:00', '--job-id', '70', '--raw', '--subdir', 'DAGS_FOLDER/churn_pipeline_dag.py', '--cfg-path', '/tmp/tmptculcai8']
[2026-05-17T11:24:17.495+0000] {standard_task_runner.py:88} INFO - Job 70: Subtask 4_push_results_to_github
[2026-05-17T11:24:17.592+0000] {logging_mixin.py:188} WARNING - /home/airflow/.local/lib/python3.10/site-packages/airflow/settings.py:194 DeprecationWarning: The sql_alchemy_conn option in [core] has been moved to the sql_alchemy_conn option in [database] - the old setting has been used, but please update your config.
[2026-05-17T11:24:17.761+0000] {task_command.py:423} INFO - Running <TaskInstance: thelook_ecommerce_churn_pipeline.4_push_results_to_github manual__2026-05-17T10:34:01.917499+00:00 [running]> on host b1bece16dd7e
[2026-05-17T11:24:18.258+0000] {taskinstance.py:2480} INFO - Exporting env vars: AIRFLOW_CTX_DAG_OWNER='reyhan_mauluddi' AIRFLOW_CTX_DAG_ID='thelook_ecommerce_churn_pipeline' AIRFLOW_CTX_TASK_ID='4_push_results_to_github' AIRFLOW_CTX_EXECUTION_DATE='2026-05-17T10:34:01.917499+00:00' AIRFLOW_CTX_TRY_NUMBER='17' AIRFLOW_CTX_DAG_RUN_ID='manual__2026-05-17T10:34:01.917499+00:00'
[2026-05-17T11:24:18.264+0000] {subprocess.py:63} INFO - Tmp dir root location: /tmp
[2026-05-17T11:24:18.267+0000] {subprocess.py:75} INFO - Running command: ['/usr/bin/bash', '-c', '\n        # 1. Buat sandbox SSH yang bersih\n        mkdir -p /tmp/.ssh && chmod 700 /tmp/.ssh &&         ssh-keyscan -t rsa github.com >> /tmp/.ssh/known_hosts &&         \n        # 2. Bongkar kunci dari Base64 kembali ke format asli\n        echo "$SSH_KEY_B64" | base64 -d > /tmp/.ssh/id_rsa_tmp &&         chmod 600 /tmp/.ssh/id_rsa_tmp &&         \n        # 3. Set SSH Command\n        export GIT_SSH_COMMAND="ssh -i /tmp/.ssh/id_rsa_tmp -F /dev/null -o UserKnownHostsFile=/tmp/.ssh/known_hosts -o IdentitiesOnly=yes" &&         \n        echo "=== Mengetes Koneksi SSH ke GitHub ===" &&         $GIT_SSH_COMMAND -T git@github.com || echo "Status tes SSH selesai." &&         echo "======================================" &&         \n        cd /opt/airflow/dags &&         git add . &&         git commit -m "auto-update: churn prediction results $(date +\'%Y-%m-%d %H:%M:%S\')" || echo "No changes to commit" &&         git push origin main;\n        \n        EXIT_CODE=$?;         rm -rf /tmp/.ssh/id_rsa_tmp;         exit $EXIT_CODE\n        ']
[2026-05-17T11:24:18.286+0000] {subprocess.py:86} INFO - Output:
[2026-05-17T11:24:18.813+0000] {subprocess.py:93} INFO - # github.com:22 SSH-2.0-8ad108e
[2026-05-17T11:24:19.411+0000] {subprocess.py:93} INFO - base64: invalid input
[2026-05-17T11:24:19.412+0000] {subprocess.py:93} INFO - Status tes SSH selesai.
[2026-05-17T11:24:19.412+0000] {subprocess.py:93} INFO - ======================================
[2026-05-17T11:24:19.991+0000] {subprocess.py:93} INFO - [main a40317d] auto-update: churn prediction results 2026-05-17 11:24:19
[2026-05-17T11:24:19.992+0000] {subprocess.py:93} INFO -  1 file changed, 4 insertions(+), 4 deletions(-)
[2026-05-17T11:24:20.160+0000] {subprocess.py:93} INFO - Bad owner or permissions on /home/airflow/.ssh/config
[2026-05-17T11:24:20.162+0000] {subprocess.py:93} INFO - fatal: Could not read from remote repository.
[2026-05-17T11:24:20.164+0000] {subprocess.py:93} INFO - 
[2026-05-17T11:24:20.165+0000] {subprocess.py:93} INFO - Please make sure you have the correct access rights
[2026-05-17T11:24:20.175+0000] {subprocess.py:93} INFO - and the repository exists.
[2026-05-17T11:24:20.176+0000] {subprocess.py:97} INFO - Command exited with return code 128
[2026-05-17T11:24:20.225+0000] {taskinstance.py:2698} ERROR - Task failed with exception
Traceback (most recent call last):
  File "/home/airflow/.local/lib/python3.10/site-packages/airflow/models/taskinstance.py", line 433, in _execute_task
    result = execute_callable(context=context, **execute_callable_kwargs)
  File "/home/airflow/.local/lib/python3.10/site-packages/airflow/operators/bash.py", line 212, in execute
    raise AirflowException(
airflow.exceptions.AirflowException: Bash command failed. The command returned a non-zero exit code 128.
[2026-05-17T11:24:20.233+0000] {taskinstance.py:1138} INFO - Marking task as UP_FOR_RETRY. dag_id=thelook_ecommerce_churn_pipeline, task_id=4_push_results_to_github, execution_date=20260517T103401, start_date=20260517T112417, end_date=20260517T112420
[2026-05-17T11:24:20.312+0000] {standard_task_runner.py:107} ERROR - Failed to execute job 70 for task 4_push_results_to_github (Bash command failed. The command returned a non-zero exit code 128.; 607)
[2026-05-17T11:24:20.356+0000] {local_task_job_runner.py:234} INFO - Task exited with return code 1
[2026-05-17T11:24:20.387+0000] {taskinstance.py:3280} INFO - 0 downstream tasks scheduled from follow-on schedule check
