[2026-05-17T10:56:58.763+0000] {taskinstance.py:1956} INFO - Dependencies all met for dep_context=non-requeueable deps ti=<TaskInstance: thelook_ecommerce_churn_pipeline.4_push_results_to_github manual__2026-05-17T10:34:01.917499+00:00 [queued]>
[2026-05-17T10:56:58.823+0000] {taskinstance.py:1956} INFO - Dependencies all met for dep_context=requeueable deps ti=<TaskInstance: thelook_ecommerce_churn_pipeline.4_push_results_to_github manual__2026-05-17T10:34:01.917499+00:00 [queued]>
[2026-05-17T10:56:58.828+0000] {taskinstance.py:2170} INFO - Starting attempt 10 of 11
[2026-05-17T10:56:59.031+0000] {taskinstance.py:2191} INFO - Executing <Task(BashOperator): 4_push_results_to_github> on 2026-05-17 10:34:01.917499+00:00
[2026-05-17T10:56:59.051+0000] {standard_task_runner.py:60} INFO - Started process 421 to run task
[2026-05-17T10:56:59.069+0000] {standard_task_runner.py:87} INFO - Running: ['airflow', 'tasks', 'run', 'thelook_ecommerce_churn_pipeline', '4_push_results_to_github', 'manual__2026-05-17T10:34:01.917499+00:00', '--job-id', '63', '--raw', '--subdir', 'DAGS_FOLDER/churn_pipeline_dag.py', '--cfg-path', '/tmp/tmpzw58qz3x']
[2026-05-17T10:56:59.080+0000] {standard_task_runner.py:88} INFO - Job 63: Subtask 4_push_results_to_github
[2026-05-17T10:56:59.258+0000] {logging_mixin.py:188} WARNING - /home/airflow/.local/lib/python3.10/site-packages/airflow/settings.py:194 DeprecationWarning: The sql_alchemy_conn option in [core] has been moved to the sql_alchemy_conn option in [database] - the old setting has been used, but please update your config.
[2026-05-17T10:56:59.663+0000] {task_command.py:423} INFO - Running <TaskInstance: thelook_ecommerce_churn_pipeline.4_push_results_to_github manual__2026-05-17T10:34:01.917499+00:00 [running]> on host b1bece16dd7e
[2026-05-17T10:57:00.377+0000] {taskinstance.py:2480} INFO - Exporting env vars: AIRFLOW_CTX_DAG_OWNER='reyhan_mauluddi' AIRFLOW_CTX_DAG_ID='thelook_ecommerce_churn_pipeline' AIRFLOW_CTX_TASK_ID='4_push_results_to_github' AIRFLOW_CTX_EXECUTION_DATE='2026-05-17T10:34:01.917499+00:00' AIRFLOW_CTX_TRY_NUMBER='10' AIRFLOW_CTX_DAG_RUN_ID='manual__2026-05-17T10:34:01.917499+00:00'
[2026-05-17T10:57:00.380+0000] {subprocess.py:63} INFO - Tmp dir root location: /tmp
[2026-05-17T10:57:00.383+0000] {subprocess.py:75} INFO - Running command: ['/usr/bin/bash', '-c', '\n        # 1. Mengamankan jabat tangan host GitHub\n        mkdir -p /tmp/.ssh && chmod 700 /tmp/.ssh &&         ssh-keyscan -t rsa github.com >> /tmp/.ssh/known_hosts &&         \n        # 2. Amankan pasangan kunci: Pindahkan sementara file .pub yang mengganggu\n        if [ -f /home/airflow/.ssh/id_rsa.pub ]; then             mv /home/airflow/.ssh/id_rsa.pub /tmp/id_rsa.pub.bak;         fi &&         \n        # 3. Kritis: Paksa permission private key menjadi 600 (Hanya bisa dibaca pemilik)\n        chmod 600 /home/airflow/.ssh/id_rsa &&         \n        # 4. Set environment variable SSH\n        export GIT_SSH_COMMAND="ssh -i /home/airflow/.ssh/id_rsa -F /dev/null -o UserKnownHostsFile=/tmp/.ssh/known_hosts -o IdentitiesOnly=yes" &&         \n        # 5. Jalankan Tes Koneksi ke GitHub untuk debug posisi kunci kita\n        echo "=== Mengetes Koneksi SSH ke GitHub ===" &&         $GIT_SSH_COMMAND -T git@github.com || echo "Status tes SSH selesai." &&         echo "======================================" &&         \n        # 6. Masuk ke root folder dags tempat repositori git Anda berada\n        cd /opt/airflow/dags &&         \n        # 7. Jalankan proses Git Commit dan Push\n        git add . &&         git commit -m "auto-update: churn prediction results $(date +\'%Y-%m-%d %H:%M:%S\')" || echo "No changes to commit" &&         git push origin main;         \n        # 8. Kembalikan file .pub ke tempat semula\n        EXIT_CODE=$?;         if [ -f /tmp/id_rsa.pub.bak ]; then             mv /tmp/id_rsa.pub.bak /home/airflow/.ssh/id_rsa.pub;         fi;         exit $EXIT_CODE\n        ']
[2026-05-17T10:57:00.405+0000] {subprocess.py:86} INFO - Output:
[2026-05-17T10:57:01.062+0000] {subprocess.py:93} INFO - # github.com:22 SSH-2.0-8ad108e
[2026-05-17T10:57:01.667+0000] {subprocess.py:93} INFO - chmod: changing permissions of '/home/airflow/.ssh/id_rsa': Operation not permitted
[2026-05-17T10:57:01.668+0000] {subprocess.py:93} INFO - Status tes SSH selesai.
[2026-05-17T10:57:01.670+0000] {subprocess.py:93} INFO - ======================================
[2026-05-17T10:57:02.479+0000] {subprocess.py:93} INFO - [main 54f79e6] auto-update: churn prediction results 2026-05-17 10:57:01
[2026-05-17T10:57:02.480+0000] {subprocess.py:93} INFO -  1 file changed, 13 insertions(+), 5 deletions(-)
[2026-05-17T10:57:02.576+0000] {subprocess.py:93} INFO - Bad owner or permissions on /home/airflow/.ssh/config
[2026-05-17T10:57:02.578+0000] {subprocess.py:93} INFO - fatal: Could not read from remote repository.
[2026-05-17T10:57:02.579+0000] {subprocess.py:93} INFO - 
[2026-05-17T10:57:02.580+0000] {subprocess.py:93} INFO - Please make sure you have the correct access rights
[2026-05-17T10:57:02.580+0000] {subprocess.py:93} INFO - and the repository exists.
[2026-05-17T10:57:02.592+0000] {subprocess.py:97} INFO - Command exited with return code 128
[2026-05-17T10:57:02.612+0000] {taskinstance.py:2698} ERROR - Task failed with exception
Traceback (most recent call last):
  File "/home/airflow/.local/lib/python3.10/site-packages/airflow/models/taskinstance.py", line 433, in _execute_task
    result = execute_callable(context=context, **execute_callable_kwargs)
  File "/home/airflow/.local/lib/python3.10/site-packages/airflow/operators/bash.py", line 212, in execute
    raise AirflowException(
airflow.exceptions.AirflowException: Bash command failed. The command returned a non-zero exit code 128.
[2026-05-17T10:57:02.619+0000] {taskinstance.py:1138} INFO - Marking task as UP_FOR_RETRY. dag_id=thelook_ecommerce_churn_pipeline, task_id=4_push_results_to_github, execution_date=20260517T103401, start_date=20260517T105658, end_date=20260517T105702
[2026-05-17T10:57:02.681+0000] {standard_task_runner.py:107} ERROR - Failed to execute job 63 for task 4_push_results_to_github (Bash command failed. The command returned a non-zero exit code 128.; 421)
[2026-05-17T10:57:02.709+0000] {local_task_job_runner.py:234} INFO - Task exited with return code 1
[2026-05-17T10:57:02.742+0000] {taskinstance.py:3280} INFO - 0 downstream tasks scheduled from follow-on schedule check
