[2026-05-17T10:43:45.407+0000] {taskinstance.py:1956} INFO - Dependencies all met for dep_context=non-requeueable deps ti=<TaskInstance: thelook_ecommerce_churn_pipeline.4_push_results_to_github manual__2026-05-17T10:34:01.917499+00:00 [queued]>
[2026-05-17T10:43:45.447+0000] {taskinstance.py:1956} INFO - Dependencies all met for dep_context=requeueable deps ti=<TaskInstance: thelook_ecommerce_churn_pipeline.4_push_results_to_github manual__2026-05-17T10:34:01.917499+00:00 [queued]>
[2026-05-17T10:43:45.451+0000] {taskinstance.py:2170} INFO - Starting attempt 4 of 5
[2026-05-17T10:43:45.542+0000] {taskinstance.py:2191} INFO - Executing <Task(BashOperator): 4_push_results_to_github> on 2026-05-17 10:34:01.917499+00:00
[2026-05-17T10:43:45.553+0000] {standard_task_runner.py:60} INFO - Started process 302 to run task
[2026-05-17T10:43:45.569+0000] {standard_task_runner.py:87} INFO - Running: ['airflow', 'tasks', 'run', 'thelook_ecommerce_churn_pipeline', '4_push_results_to_github', 'manual__2026-05-17T10:34:01.917499+00:00', '--job-id', '57', '--raw', '--subdir', 'DAGS_FOLDER/churn_pipeline_dag.py', '--cfg-path', '/tmp/tmpu6vu1eb2']
[2026-05-17T10:43:45.576+0000] {standard_task_runner.py:88} INFO - Job 57: Subtask 4_push_results_to_github
[2026-05-17T10:43:45.782+0000] {logging_mixin.py:188} WARNING - /home/airflow/.local/lib/python3.10/site-packages/airflow/settings.py:194 DeprecationWarning: The sql_alchemy_conn option in [core] has been moved to the sql_alchemy_conn option in [database] - the old setting has been used, but please update your config.
[2026-05-17T10:43:46.095+0000] {task_command.py:423} INFO - Running <TaskInstance: thelook_ecommerce_churn_pipeline.4_push_results_to_github manual__2026-05-17T10:34:01.917499+00:00 [running]> on host b1bece16dd7e
[2026-05-17T10:43:46.417+0000] {taskinstance.py:2480} INFO - Exporting env vars: AIRFLOW_CTX_DAG_OWNER='reyhan_mauluddi' AIRFLOW_CTX_DAG_ID='thelook_ecommerce_churn_pipeline' AIRFLOW_CTX_TASK_ID='4_push_results_to_github' AIRFLOW_CTX_EXECUTION_DATE='2026-05-17T10:34:01.917499+00:00' AIRFLOW_CTX_TRY_NUMBER='4' AIRFLOW_CTX_DAG_RUN_ID='manual__2026-05-17T10:34:01.917499+00:00'
[2026-05-17T10:43:46.420+0000] {subprocess.py:63} INFO - Tmp dir root location: /tmp
[2026-05-17T10:43:46.423+0000] {subprocess.py:75} INFO - Running command: ['/usr/bin/bash', '-c', '\n        # 1. Setup folder SSH tiruan di /tmp\n        mkdir -p /tmp/.ssh && chmod 700 /tmp/.ssh &&         ssh-keyscan -t rsa github.com >> /tmp/.ssh/known_hosts &&         export GIT_SSH_COMMAND="ssh -i ~/.ssh/id_rsa -F /dev/null -o UserKnownHostsFile=/tmp/.ssh/known_hosts" &&         \n        echo "=== CEK 1: Apakah file kunci privat terbaca di dalam kontainer? ===" &&         if [ -f "/home/airflow/.ssh/id_rsa" ]; then\n            echo "✓ File id_rsa DITEMUKAN."\n            head -n 2 /home/airflow/.ssh/id_rsa\n        else\n            echo "✗ File id_rsa TIDAK DITEMUKAN di /home/airflow/.ssh/id_rsa"\n            echo "Isi folder ~/.ssh Anda saat ini adalah:"\n            ls -la ~/.ssh\n        fi &&         \n        echo "=== CEK 2: Test jabat tangan langsung ke GitHub via SSH ===" &&         ssh -T -i ~/.ssh/id_rsa -F /dev/null -o UserKnownHostsFile=/tmp/.ssh/known_hosts -o StrictHostKeyChecking=no git@github.com\n        ']
[2026-05-17T10:43:46.437+0000] {subprocess.py:86} INFO - Output:
[2026-05-17T10:43:47.014+0000] {subprocess.py:93} INFO - # github.com:22 SSH-2.0-8ad108e
[2026-05-17T10:43:47.603+0000] {subprocess.py:93} INFO - === CEK 1: Apakah file kunci privat terbaca di dalam kontainer? ===
[2026-05-17T10:43:47.605+0000] {subprocess.py:93} INFO - ✓ File id_rsa DITEMUKAN.
[2026-05-17T10:43:47.612+0000] {subprocess.py:93} INFO - -----BEGIN OPENSSH PRIVATE KEY-----
[2026-05-17T10:43:47.613+0000] {subprocess.py:93} INFO - b3BlbnNzaC1rZXktdjEAAAAABG5vbmUAAAAEbm9uZQAAAAAAAAABAAABlwAAAAdzc2gtcn
[2026-05-17T10:43:47.617+0000] {subprocess.py:93} INFO - === CEK 2: Test jabat tangan langsung ke GitHub via SSH ===
[2026-05-17T10:43:49.247+0000] {subprocess.py:93} INFO - git@github.com: Permission denied (publickey).
[2026-05-17T10:43:49.251+0000] {subprocess.py:97} INFO - Command exited with return code 255
[2026-05-17T10:43:49.283+0000] {taskinstance.py:2698} ERROR - Task failed with exception
Traceback (most recent call last):
  File "/home/airflow/.local/lib/python3.10/site-packages/airflow/models/taskinstance.py", line 433, in _execute_task
    result = execute_callable(context=context, **execute_callable_kwargs)
  File "/home/airflow/.local/lib/python3.10/site-packages/airflow/operators/bash.py", line 212, in execute
    raise AirflowException(
airflow.exceptions.AirflowException: Bash command failed. The command returned a non-zero exit code 255.
[2026-05-17T10:43:49.289+0000] {taskinstance.py:1138} INFO - Marking task as UP_FOR_RETRY. dag_id=thelook_ecommerce_churn_pipeline, task_id=4_push_results_to_github, execution_date=20260517T103401, start_date=20260517T104345, end_date=20260517T104349
[2026-05-17T10:43:49.329+0000] {standard_task_runner.py:107} ERROR - Failed to execute job 57 for task 4_push_results_to_github (Bash command failed. The command returned a non-zero exit code 255.; 302)
[2026-05-17T10:43:49.338+0000] {local_task_job_runner.py:234} INFO - Task exited with return code 1
[2026-05-17T10:43:49.358+0000] {taskinstance.py:3280} INFO - 0 downstream tasks scheduled from follow-on schedule check
