[2026-05-17T10:42:08.013+0000] {taskinstance.py:1956} INFO - Dependencies all met for dep_context=non-requeueable deps ti=<TaskInstance: thelook_ecommerce_churn_pipeline.4_push_results_to_github manual__2026-05-17T10:34:01.917499+00:00 [queued]>
[2026-05-17T10:42:08.041+0000] {taskinstance.py:1956} INFO - Dependencies all met for dep_context=requeueable deps ti=<TaskInstance: thelook_ecommerce_churn_pipeline.4_push_results_to_github manual__2026-05-17T10:34:01.917499+00:00 [queued]>
[2026-05-17T10:42:08.043+0000] {taskinstance.py:2170} INFO - Starting attempt 3 of 4
[2026-05-17T10:42:08.115+0000] {taskinstance.py:2191} INFO - Executing <Task(BashOperator): 4_push_results_to_github> on 2026-05-17 10:34:01.917499+00:00
[2026-05-17T10:42:08.125+0000] {standard_task_runner.py:60} INFO - Started process 277 to run task
[2026-05-17T10:42:08.138+0000] {standard_task_runner.py:87} INFO - Running: ['airflow', 'tasks', 'run', 'thelook_ecommerce_churn_pipeline', '4_push_results_to_github', 'manual__2026-05-17T10:34:01.917499+00:00', '--job-id', '56', '--raw', '--subdir', 'DAGS_FOLDER/churn_pipeline_dag.py', '--cfg-path', '/tmp/tmpercrdzsq']
[2026-05-17T10:42:08.146+0000] {standard_task_runner.py:88} INFO - Job 56: Subtask 4_push_results_to_github
[2026-05-17T10:42:08.252+0000] {logging_mixin.py:188} WARNING - /home/airflow/.local/lib/python3.10/site-packages/airflow/settings.py:194 DeprecationWarning: The sql_alchemy_conn option in [core] has been moved to the sql_alchemy_conn option in [database] - the old setting has been used, but please update your config.
[2026-05-17T10:42:08.369+0000] {task_command.py:423} INFO - Running <TaskInstance: thelook_ecommerce_churn_pipeline.4_push_results_to_github manual__2026-05-17T10:34:01.917499+00:00 [running]> on host b1bece16dd7e
[2026-05-17T10:42:08.582+0000] {taskinstance.py:2480} INFO - Exporting env vars: AIRFLOW_CTX_DAG_OWNER='reyhan_mauluddi' AIRFLOW_CTX_DAG_ID='thelook_ecommerce_churn_pipeline' AIRFLOW_CTX_TASK_ID='4_push_results_to_github' AIRFLOW_CTX_EXECUTION_DATE='2026-05-17T10:34:01.917499+00:00' AIRFLOW_CTX_TRY_NUMBER='3' AIRFLOW_CTX_DAG_RUN_ID='manual__2026-05-17T10:34:01.917499+00:00'
[2026-05-17T10:42:08.585+0000] {subprocess.py:63} INFO - Tmp dir root location: /tmp
[2026-05-17T10:42:08.587+0000] {subprocess.py:75} INFO - Running command: ['/usr/bin/bash', '-c', '\n        # 1. Setup folder SSH tiruan di /tmp (Tambahan flag -F /dev/null untuk bypass config Windows)\n        mkdir -p /tmp/.ssh && chmod 700 /tmp/.ssh &&         ssh-keyscan -t rsa github.com >> /tmp/.ssh/known_hosts &&         export GIT_SSH_COMMAND="ssh -i ~/.ssh/id_rsa -F /dev/null -o UserKnownHostsFile=/tmp/.ssh/known_hosts" &&         \n        # 2. Cari di mana lokasi folder .git yang sebenarnya\n        echo "=== Mencari lokasi repositori Git ===" &&         if [ -d "/opt/airflow/.git" ]; then\n            cd /opt/airflow\n        elif [ -d "/opt/airflow/mystartup/.git" ]; then\n            cd /opt/airflow/mystartup\n        else\n            TARGET_DIR=$(find /opt/airflow -maxdepth 2 -name ".git" -type d -prune | head -n 1 | sed \'s/\\/\\.git//\')\n            if [ -n "$TARGET_DIR" ]; then\n                cd "$TARGET_DIR"\n            else\n                echo "ERROR: Folder .git tidak ditemukan sama sekali di /opt/airflow" && exit 1\n            fi\n        fi &&         echo "Berhasil masuk ke Git direktori: $(pwd)" &&         \n        # 3. Amankan penandaan kepemilikan direktori kerja sekarang\n        git config --global --add safe.directory "$(pwd)" &&         \n        # 4. Konfigurasi identitas Git lokal\n        git config user.name "Reyhan Airflow Bot" &&         git config user.email "reyhan@example.com" &&         \n        # 5. Eksekusi Git Stage, Commit, dan Push\n        git add multipage_app/model_results.csv multipage_app/model.pkl multipage_app/label_encoder.pkl prod_analysis.csv &&         (git commit -m "🤖 Airflow Lokal Auto-Update: Pipeline & Model Results" || echo "No changes to commit") &&         git push origin main\n        ']
[2026-05-17T10:42:08.602+0000] {subprocess.py:86} INFO - Output:
[2026-05-17T10:42:09.120+0000] {subprocess.py:93} INFO - # github.com:22 SSH-2.0-8ad108e
[2026-05-17T10:42:09.714+0000] {subprocess.py:93} INFO - === Mencari lokasi repositori Git ===
[2026-05-17T10:42:09.718+0000] {subprocess.py:93} INFO - Berhasil masuk ke Git direktori: /opt/airflow
[2026-05-17T10:42:10.996+0000] {subprocess.py:93} INFO - On branch main
[2026-05-17T10:42:10.998+0000] {subprocess.py:93} INFO - Your branch is ahead of 'origin/main' by 1 commit.
[2026-05-17T10:42:10.999+0000] {subprocess.py:93} INFO -   (use "git push" to publish your local commits)
[2026-05-17T10:42:11.001+0000] {subprocess.py:93} INFO - 
[2026-05-17T10:42:11.001+0000] {subprocess.py:93} INFO - Changes not staged for commit:
[2026-05-17T10:42:11.002+0000] {subprocess.py:93} INFO -   (use "git add <file>..." to update what will be committed)
[2026-05-17T10:42:11.003+0000] {subprocess.py:93} INFO -   (use "git restore <file>..." to discard changes in working directory)
[2026-05-17T10:42:11.004+0000] {subprocess.py:93} INFO - 	modified:   .gitignore
[2026-05-17T10:42:11.005+0000] {subprocess.py:93} INFO - 	modified:   .vscode/settings.json
[2026-05-17T10:42:11.005+0000] {subprocess.py:93} INFO - 	modified:   README.md
[2026-05-17T10:42:11.006+0000] {subprocess.py:93} INFO - 	modified:   "multipage_app/1_\360\237\222\273\342\200\213Homepage.py"
[2026-05-17T10:42:11.006+0000] {subprocess.py:93} INFO - 	modified:   multipage_app/best_model.csv
[2026-05-17T10:42:11.007+0000] {subprocess.py:93} INFO - 	modified:   "multipage_app/pages/2_\342\232\240\357\270\217\342\200\213Churn.py"
[2026-05-17T10:42:11.008+0000] {subprocess.py:93} INFO - 	modified:   "multipage_app/pages/3_\360\237\221\244About_me.py"
[2026-05-17T10:42:11.009+0000] {subprocess.py:93} INFO - 	modified:   requirements.txt
[2026-05-17T10:42:11.010+0000] {subprocess.py:93} INFO - 	modified:   scripts/extract.py
[2026-05-17T10:42:11.011+0000] {subprocess.py:93} INFO - 	modified:   scripts/function.py
[2026-05-17T10:42:11.013+0000] {subprocess.py:93} INFO - 	modified:   scripts/logs.log
[2026-05-17T10:42:11.014+0000] {subprocess.py:93} INFO - 	modified:   scripts/ml.py
[2026-05-17T10:42:11.015+0000] {subprocess.py:93} INFO - 	modified:   scripts/transform.py
[2026-05-17T10:42:11.017+0000] {subprocess.py:93} INFO - 
[2026-05-17T10:42:11.019+0000] {subprocess.py:93} INFO - Untracked files:
[2026-05-17T10:42:11.020+0000] {subprocess.py:93} INFO -   (use "git add <file>..." to include in what will be committed)
[2026-05-17T10:42:11.021+0000] {subprocess.py:93} INFO - 	Dockerfile
[2026-05-17T10:42:11.022+0000] {subprocess.py:93} INFO - 	airflow-webserver.pid
[2026-05-17T10:42:11.022+0000] {subprocess.py:93} INFO - 	airflow.cfg
[2026-05-17T10:42:11.023+0000] {subprocess.py:93} INFO - 	airflow.db
[2026-05-17T10:42:11.024+0000] {subprocess.py:93} INFO - 	dags/
[2026-05-17T10:42:11.024+0000] {subprocess.py:93} INFO - 	docker-compose.yaml
[2026-05-17T10:42:11.026+0000] {subprocess.py:93} INFO - 	logs/
[2026-05-17T10:42:11.027+0000] {subprocess.py:93} INFO - 	webserver_config.py
[2026-05-17T10:42:11.028+0000] {subprocess.py:93} INFO - 
[2026-05-17T10:42:11.028+0000] {subprocess.py:93} INFO - no changes added to commit (use "git add" and/or "git commit -a")
[2026-05-17T10:42:11.030+0000] {subprocess.py:93} INFO - No changes to commit
[2026-05-17T10:42:12.839+0000] {subprocess.py:93} INFO - git@github.com: Permission denied (publickey).
[2026-05-17T10:42:12.842+0000] {subprocess.py:93} INFO - fatal: Could not read from remote repository.
[2026-05-17T10:42:12.844+0000] {subprocess.py:93} INFO - 
[2026-05-17T10:42:12.845+0000] {subprocess.py:93} INFO - Please make sure you have the correct access rights
[2026-05-17T10:42:12.846+0000] {subprocess.py:93} INFO - and the repository exists.
[2026-05-17T10:42:12.848+0000] {subprocess.py:97} INFO - Command exited with return code 128
[2026-05-17T10:42:12.879+0000] {taskinstance.py:2698} ERROR - Task failed with exception
Traceback (most recent call last):
  File "/home/airflow/.local/lib/python3.10/site-packages/airflow/models/taskinstance.py", line 433, in _execute_task
    result = execute_callable(context=context, **execute_callable_kwargs)
  File "/home/airflow/.local/lib/python3.10/site-packages/airflow/operators/bash.py", line 212, in execute
    raise AirflowException(
airflow.exceptions.AirflowException: Bash command failed. The command returned a non-zero exit code 128.
[2026-05-17T10:42:12.888+0000] {taskinstance.py:1138} INFO - Marking task as UP_FOR_RETRY. dag_id=thelook_ecommerce_churn_pipeline, task_id=4_push_results_to_github, execution_date=20260517T103401, start_date=20260517T104208, end_date=20260517T104212
[2026-05-17T10:42:12.979+0000] {standard_task_runner.py:107} ERROR - Failed to execute job 56 for task 4_push_results_to_github (Bash command failed. The command returned a non-zero exit code 128.; 277)
[2026-05-17T10:42:13.016+0000] {local_task_job_runner.py:234} INFO - Task exited with return code 1
[2026-05-17T10:42:13.069+0000] {taskinstance.py:3280} INFO - 0 downstream tasks scheduled from follow-on schedule check
