[2026-05-17T11:02:06.362+0000] {taskinstance.py:1956} INFO - Dependencies all met for dep_context=non-requeueable deps ti=<TaskInstance: thelook_ecommerce_churn_pipeline.4_push_results_to_github manual__2026-05-17T10:34:01.917499+00:00 [queued]>
[2026-05-17T11:02:06.379+0000] {taskinstance.py:1956} INFO - Dependencies all met for dep_context=requeueable deps ti=<TaskInstance: thelook_ecommerce_churn_pipeline.4_push_results_to_github manual__2026-05-17T10:34:01.917499+00:00 [queued]>
[2026-05-17T11:02:06.379+0000] {taskinstance.py:2170} INFO - Starting attempt 11 of 11
[2026-05-17T11:02:06.420+0000] {taskinstance.py:2191} INFO - Executing <Task(BashOperator): 4_push_results_to_github> on 2026-05-17 10:34:01.917499+00:00
[2026-05-17T11:02:06.429+0000] {standard_task_runner.py:60} INFO - Started process 449 to run task
[2026-05-17T11:02:06.440+0000] {standard_task_runner.py:87} INFO - Running: ['airflow', 'tasks', 'run', 'thelook_ecommerce_churn_pipeline', '4_push_results_to_github', 'manual__2026-05-17T10:34:01.917499+00:00', '--job-id', '64', '--raw', '--subdir', 'DAGS_FOLDER/churn_pipeline_dag.py', '--cfg-path', '/tmp/tmp3vhhf6c3']
[2026-05-17T11:02:06.444+0000] {standard_task_runner.py:88} INFO - Job 64: Subtask 4_push_results_to_github
[2026-05-17T11:02:06.521+0000] {logging_mixin.py:188} WARNING - /home/airflow/.local/lib/python3.10/site-packages/airflow/settings.py:194 DeprecationWarning: The sql_alchemy_conn option in [core] has been moved to the sql_alchemy_conn option in [database] - the old setting has been used, but please update your config.
[2026-05-17T11:02:06.706+0000] {task_command.py:423} INFO - Running <TaskInstance: thelook_ecommerce_churn_pipeline.4_push_results_to_github manual__2026-05-17T10:34:01.917499+00:00 [running]> on host b1bece16dd7e
[2026-05-17T11:02:06.862+0000] {taskinstance.py:2480} INFO - Exporting env vars: AIRFLOW_CTX_DAG_OWNER='reyhan_mauluddi' AIRFLOW_CTX_DAG_ID='thelook_ecommerce_churn_pipeline' AIRFLOW_CTX_TASK_ID='4_push_results_to_github' AIRFLOW_CTX_EXECUTION_DATE='2026-05-17T10:34:01.917499+00:00' AIRFLOW_CTX_TRY_NUMBER='11' AIRFLOW_CTX_DAG_RUN_ID='manual__2026-05-17T10:34:01.917499+00:00'
[2026-05-17T11:02:06.864+0000] {subprocess.py:63} INFO - Tmp dir root location: /tmp
[2026-05-17T11:02:06.866+0000] {subprocess.py:75} INFO - Running command: ['/usr/bin/bash', '-c', '\n        # 1. Mengamankan jabat tangan host GitHub\n        mkdir -p /tmp/.ssh && chmod 700 /tmp/.ssh &&         ssh-keyscan -t rsa github.com >> /tmp/.ssh/known_hosts &&         \n        # 2. Amankan pasangan kunci: Pindahkan sementara file .pub yang mengganggu\n        if [ -f /home/airflow/.ssh/id_rsa.pub ]; then             mv /home/airflow/.ssh/id_rsa.pub /tmp/id_rsa.pub.bak;         fi &&         \n        # 3. Kritis: Paksa permission private key menjadi 600 (Hanya bisa dibaca pemilik)\n        chmod 600 /home/airflow/.ssh/id_rsa &&         \n        # 4. Set environment variable SSH\n        export GIT_SSH_COMMAND="ssh -i /home/airflow/.ssh/id_rsa -F /dev/null -o UserKnownHostsFile=/tmp/.ssh/known_hosts -o IdentitiesOnly=yes" &&         \n        # 5. Jalankan Tes Koneksi ke GitHub untuk debug posisi kunci kita\n        echo "=== Mengetes Koneksi SSH ke GitHub ===" &&         $GIT_SSH_COMMAND -T git@github.com || echo "Status tes SSH selesai." &&         echo "======================================" &&         \n        # 6. Masuk ke root folder dags tempat repositori git Anda berada\n        cd /opt/airflow/dags &&         \n        # 7. Jalankan proses Git Commit dan Push\n        git add . &&         git commit -m "auto-update: churn prediction results $(date +\'%Y-%m-%d %H:%M:%S\')" || echo "No changes to commit" &&         git push origin main;         \n        # 8. Kembalikan file .pub ke tempat semula\n        EXIT_CODE=$?;         if [ -f /tmp/id_rsa.pub.bak ]; then             mv /tmp/id_rsa.pub.bak /home/airflow/.ssh/id_rsa.pub;         fi;         exit $EXIT_CODE\n        ']
[2026-05-17T11:02:06.880+0000] {subprocess.py:86} INFO - Output:
[2026-05-17T11:02:07.406+0000] {subprocess.py:93} INFO - # github.com:22 SSH-2.0-8ad108e
[2026-05-17T11:02:08.042+0000] {subprocess.py:93} INFO - chmod: changing permissions of '/home/airflow/.ssh/id_rsa': Operation not permitted
[2026-05-17T11:02:08.043+0000] {subprocess.py:93} INFO - Status tes SSH selesai.
[2026-05-17T11:02:08.044+0000] {subprocess.py:93} INFO - ======================================
[2026-05-17T11:02:08.455+0000] {subprocess.py:93} INFO - On branch main
[2026-05-17T11:02:08.456+0000] {subprocess.py:93} INFO - Your branch is ahead of 'origin/main' by 6 commits.
[2026-05-17T11:02:08.457+0000] {subprocess.py:93} INFO -   (use "git push" to publish your local commits)
[2026-05-17T11:02:08.458+0000] {subprocess.py:93} INFO - 
[2026-05-17T11:02:08.458+0000] {subprocess.py:93} INFO - Changes not staged for commit:
[2026-05-17T11:02:08.459+0000] {subprocess.py:93} INFO -   (use "git add <file>..." to update what will be committed)
[2026-05-17T11:02:08.460+0000] {subprocess.py:93} INFO -   (use "git restore <file>..." to discard changes in working directory)
[2026-05-17T11:02:08.460+0000] {subprocess.py:93} INFO - 	modified:   ../.gitignore
[2026-05-17T11:02:08.461+0000] {subprocess.py:93} INFO - 	modified:   ../.vscode/settings.json
[2026-05-17T11:02:08.461+0000] {subprocess.py:93} INFO - 	modified:   ../README.md
[2026-05-17T11:02:08.461+0000] {subprocess.py:93} INFO - 	modified:   "../multipage_app/1_\360\237\222\273\342\200\213Homepage.py"
[2026-05-17T11:02:08.462+0000] {subprocess.py:93} INFO - 	modified:   ../multipage_app/best_model.csv
[2026-05-17T11:02:08.462+0000] {subprocess.py:93} INFO - 	modified:   "../multipage_app/pages/2_\342\232\240\357\270\217\342\200\213Churn.py"
[2026-05-17T11:02:08.463+0000] {subprocess.py:93} INFO - 	modified:   "../multipage_app/pages/3_\360\237\221\244About_me.py"
[2026-05-17T11:02:08.463+0000] {subprocess.py:93} INFO - 	modified:   ../requirements.txt
[2026-05-17T11:02:08.463+0000] {subprocess.py:93} INFO - 	modified:   ../scripts/extract.py
[2026-05-17T11:02:08.464+0000] {subprocess.py:93} INFO - 	modified:   ../scripts/function.py
[2026-05-17T11:02:08.464+0000] {subprocess.py:93} INFO - 	modified:   ../scripts/logs.log
[2026-05-17T11:02:08.465+0000] {subprocess.py:93} INFO - 	modified:   ../scripts/ml.py
[2026-05-17T11:02:08.465+0000] {subprocess.py:93} INFO - 	modified:   ../scripts/transform.py
[2026-05-17T11:02:08.466+0000] {subprocess.py:93} INFO - 
[2026-05-17T11:02:08.466+0000] {subprocess.py:93} INFO - Untracked files:
[2026-05-17T11:02:08.466+0000] {subprocess.py:93} INFO -   (use "git add <file>..." to include in what will be committed)
[2026-05-17T11:02:08.467+0000] {subprocess.py:93} INFO - 	../Dockerfile
[2026-05-17T11:02:08.467+0000] {subprocess.py:93} INFO - 	../airflow-webserver.pid
[2026-05-17T11:02:08.468+0000] {subprocess.py:93} INFO - 	../airflow.cfg
[2026-05-17T11:02:08.468+0000] {subprocess.py:93} INFO - 	../airflow.db
[2026-05-17T11:02:08.469+0000] {subprocess.py:93} INFO - 	../docker-compose.yaml
[2026-05-17T11:02:08.469+0000] {subprocess.py:93} INFO - 	../logs/
[2026-05-17T11:02:08.470+0000] {subprocess.py:93} INFO - 	../webserver_config.py
[2026-05-17T11:02:08.470+0000] {subprocess.py:93} INFO - 
[2026-05-17T11:02:08.470+0000] {subprocess.py:93} INFO - no changes added to commit (use "git add" and/or "git commit -a")
[2026-05-17T11:02:08.471+0000] {subprocess.py:93} INFO - No changes to commit
[2026-05-17T11:02:08.527+0000] {subprocess.py:93} INFO - Bad owner or permissions on /home/airflow/.ssh/config
[2026-05-17T11:02:08.528+0000] {subprocess.py:93} INFO - fatal: Could not read from remote repository.
[2026-05-17T11:02:08.529+0000] {subprocess.py:93} INFO - 
[2026-05-17T11:02:08.531+0000] {subprocess.py:93} INFO - Please make sure you have the correct access rights
[2026-05-17T11:02:08.532+0000] {subprocess.py:93} INFO - and the repository exists.
[2026-05-17T11:02:08.538+0000] {subprocess.py:97} INFO - Command exited with return code 128
[2026-05-17T11:02:08.552+0000] {taskinstance.py:2698} ERROR - Task failed with exception
Traceback (most recent call last):
  File "/home/airflow/.local/lib/python3.10/site-packages/airflow/models/taskinstance.py", line 433, in _execute_task
    result = execute_callable(context=context, **execute_callable_kwargs)
  File "/home/airflow/.local/lib/python3.10/site-packages/airflow/operators/bash.py", line 212, in execute
    raise AirflowException(
airflow.exceptions.AirflowException: Bash command failed. The command returned a non-zero exit code 128.
[2026-05-17T11:02:08.556+0000] {taskinstance.py:1138} INFO - Marking task as FAILED. dag_id=thelook_ecommerce_churn_pipeline, task_id=4_push_results_to_github, execution_date=20260517T103401, start_date=20260517T110206, end_date=20260517T110208
[2026-05-17T11:02:08.591+0000] {standard_task_runner.py:107} ERROR - Failed to execute job 64 for task 4_push_results_to_github (Bash command failed. The command returned a non-zero exit code 128.; 449)
[2026-05-17T11:02:08.626+0000] {local_task_job_runner.py:234} INFO - Task exited with return code 1
[2026-05-17T11:02:08.652+0000] {taskinstance.py:3280} INFO - 0 downstream tasks scheduled from follow-on schedule check
