[2026-05-17T12:20:32.460+0000] {taskinstance.py:1956} INFO - Dependencies all met for dep_context=non-requeueable deps ti=<TaskInstance: thelook_ecommerce_churn_pipeline.4_push_results_to_github manual__2026-05-17T10:34:01.917499+00:00 [queued]>
[2026-05-17T12:20:32.477+0000] {taskinstance.py:1956} INFO - Dependencies all met for dep_context=requeueable deps ti=<TaskInstance: thelook_ecommerce_churn_pipeline.4_push_results_to_github manual__2026-05-17T10:34:01.917499+00:00 [queued]>
[2026-05-17T12:20:32.478+0000] {taskinstance.py:2170} INFO - Starting attempt 29 of 29
[2026-05-17T12:20:32.521+0000] {taskinstance.py:2191} INFO - Executing <Task(BashOperator): 4_push_results_to_github> on 2026-05-17 10:34:01.917499+00:00
[2026-05-17T12:20:32.531+0000] {standard_task_runner.py:60} INFO - Started process 966 to run task
[2026-05-17T12:20:32.541+0000] {standard_task_runner.py:87} INFO - Running: ['airflow', 'tasks', 'run', 'thelook_ecommerce_churn_pipeline', '4_push_results_to_github', 'manual__2026-05-17T10:34:01.917499+00:00', '--job-id', '82', '--raw', '--subdir', 'DAGS_FOLDER/churn_pipeline_dag.py', '--cfg-path', '/tmp/tmpmf7qwua4']
[2026-05-17T12:20:32.545+0000] {standard_task_runner.py:88} INFO - Job 82: Subtask 4_push_results_to_github
[2026-05-17T12:20:32.590+0000] {logging_mixin.py:188} WARNING - /home/airflow/.local/lib/python3.10/site-packages/airflow/settings.py:194 DeprecationWarning: The sql_alchemy_conn option in [core] has been moved to the sql_alchemy_conn option in [database] - the old setting has been used, but please update your config.
[2026-05-17T12:20:32.662+0000] {task_command.py:423} INFO - Running <TaskInstance: thelook_ecommerce_churn_pipeline.4_push_results_to_github manual__2026-05-17T10:34:01.917499+00:00 [running]> on host b1bece16dd7e
[2026-05-17T12:20:32.773+0000] {taskinstance.py:2480} INFO - Exporting env vars: AIRFLOW_CTX_DAG_OWNER='reyhan_mauluddi' AIRFLOW_CTX_DAG_ID='thelook_ecommerce_churn_pipeline' AIRFLOW_CTX_TASK_ID='4_push_results_to_github' AIRFLOW_CTX_EXECUTION_DATE='2026-05-17T10:34:01.917499+00:00' AIRFLOW_CTX_TRY_NUMBER='29' AIRFLOW_CTX_DAG_RUN_ID='manual__2026-05-17T10:34:01.917499+00:00'
[2026-05-17T12:20:32.775+0000] {subprocess.py:63} INFO - Tmp dir root location: /tmp
[2026-05-17T12:20:32.776+0000] {subprocess.py:75} INFO - Running command: ['/usr/bin/bash', '-c', '\n        # Paksa Git menggunakan kunci di /tmp dan abaikan config sistem yang rusak\n        export GIT_SSH_COMMAND="ssh -i /tmp/ssh_key/id_rsa -F /dev/null -o StrictHostKeyChecking=no"\n        \n        cd /opt/airflow\n        \n        # Pastikan branch utama dan fetch updates terbaru\n        git fetch origin\n        git checkout main\n        \n        # Stage dan commit perubahan\n        git add -A\n        git diff --cached --quiet || git commit -m "auto-update: churn prediction results $(date +\'%Y-%m-%d %H:%M:%S\')"\n        \n        # Push ke origin dengan handling retry\n        git push -u origin main || (sleep 5 && git push -u origin main)\n        ']
[2026-05-17T12:20:32.786+0000] {subprocess.py:86} INFO - Output:
[2026-05-17T12:20:34.312+0000] {subprocess.py:93} INFO - Load key "/tmp/ssh_key/id_rsa": error in libcrypto
[2026-05-17T12:20:34.314+0000] {subprocess.py:93} INFO - git@github.com: Permission denied (publickey).
[2026-05-17T12:20:34.316+0000] {subprocess.py:93} INFO - fatal: Could not read from remote repository.
[2026-05-17T12:20:34.319+0000] {subprocess.py:93} INFO - 
[2026-05-17T12:20:34.320+0000] {subprocess.py:93} INFO - Please make sure you have the correct access rights
[2026-05-17T12:20:34.322+0000] {subprocess.py:93} INFO - and the repository exists.
[2026-05-17T12:20:35.329+0000] {subprocess.py:93} INFO - Already on 'main'
[2026-05-17T12:20:35.504+0000] {subprocess.py:93} INFO - M	airflow.db
[2026-05-17T12:20:35.505+0000] {subprocess.py:93} INFO - M	logs/dag_id=thelook_ecommerce_churn_pipeline/run_id=manual__2026-05-17T10:34:01.917499+00:00/task_id=4_push_results_to_github/attempt=28.log
[2026-05-17T12:20:35.508+0000] {subprocess.py:93} INFO - M	logs/dag_processor_manager/dag_processor_manager.log
[2026-05-17T12:20:35.509+0000] {subprocess.py:93} INFO - M	logs/scheduler/2026-05-17/churn_pipeline_dag.py.log
[2026-05-17T12:20:35.510+0000] {subprocess.py:93} INFO - Your branch is ahead of 'origin/main' by 17 commits.
[2026-05-17T12:20:35.511+0000] {subprocess.py:93} INFO -   (use "git push" to publish your local commits)
