[2026-05-17T12:15:10.279+0000] {taskinstance.py:1956} INFO - Dependencies all met for dep_context=non-requeueable deps ti=<TaskInstance: thelook_ecommerce_churn_pipeline.4_push_results_to_github manual__2026-05-17T10:34:01.917499+00:00 [queued]>
[2026-05-17T12:15:10.310+0000] {taskinstance.py:1956} INFO - Dependencies all met for dep_context=requeueable deps ti=<TaskInstance: thelook_ecommerce_churn_pipeline.4_push_results_to_github manual__2026-05-17T10:34:01.917499+00:00 [queued]>
[2026-05-17T12:15:10.312+0000] {taskinstance.py:2170} INFO - Starting attempt 28 of 29
[2026-05-17T12:15:10.383+0000] {taskinstance.py:2191} INFO - Executing <Task(BashOperator): 4_push_results_to_github> on 2026-05-17 10:34:01.917499+00:00
[2026-05-17T12:15:10.398+0000] {standard_task_runner.py:60} INFO - Started process 934 to run task
[2026-05-17T12:15:10.426+0000] {standard_task_runner.py:87} INFO - Running: ['airflow', 'tasks', 'run', 'thelook_ecommerce_churn_pipeline', '4_push_results_to_github', 'manual__2026-05-17T10:34:01.917499+00:00', '--job-id', '81', '--raw', '--subdir', 'DAGS_FOLDER/churn_pipeline_dag.py', '--cfg-path', '/tmp/tmpb6auoo_y']
[2026-05-17T12:15:10.434+0000] {standard_task_runner.py:88} INFO - Job 81: Subtask 4_push_results_to_github
[2026-05-17T12:15:10.527+0000] {logging_mixin.py:188} WARNING - /home/airflow/.local/lib/python3.10/site-packages/airflow/settings.py:194 DeprecationWarning: The sql_alchemy_conn option in [core] has been moved to the sql_alchemy_conn option in [database] - the old setting has been used, but please update your config.
[2026-05-17T12:15:10.690+0000] {task_command.py:423} INFO - Running <TaskInstance: thelook_ecommerce_churn_pipeline.4_push_results_to_github manual__2026-05-17T10:34:01.917499+00:00 [running]> on host b1bece16dd7e
[2026-05-17T12:15:10.958+0000] {taskinstance.py:2480} INFO - Exporting env vars: AIRFLOW_CTX_DAG_OWNER='reyhan_mauluddi' AIRFLOW_CTX_DAG_ID='thelook_ecommerce_churn_pipeline' AIRFLOW_CTX_TASK_ID='4_push_results_to_github' AIRFLOW_CTX_EXECUTION_DATE='2026-05-17T10:34:01.917499+00:00' AIRFLOW_CTX_TRY_NUMBER='28' AIRFLOW_CTX_DAG_RUN_ID='manual__2026-05-17T10:34:01.917499+00:00'
[2026-05-17T12:15:10.961+0000] {subprocess.py:63} INFO - Tmp dir root location: /tmp
[2026-05-17T12:15:10.964+0000] {subprocess.py:75} INFO - Running command: ['/usr/bin/bash', '-c', '\n        # Paksa Git menggunakan kunci di /tmp dan abaikan config sistem yang rusak\n        export GIT_SSH_COMMAND="ssh -i /tmp/ssh_key/id_rsa -F /dev/null -o StrictHostKeyChecking=no"\n        \n        cd /opt/airflow\n        \n        # Pastikan branch utama dan fetch updates terbaru\n        git fetch origin\n        git checkout main\n        \n        # Stage dan commit perubahan\n        git add -A\n        git diff --cached --quiet || git commit -m "auto-update: churn prediction results $(date +\'%Y-%m-%d %H:%M:%S\')"\n        \n        # Push ke origin dengan handling retry\n        git push -u origin main || (sleep 5 && git push -u origin main)\n        ']
[2026-05-17T12:15:10.982+0000] {subprocess.py:86} INFO - Output:
[2026-05-17T12:15:12.623+0000] {subprocess.py:93} INFO - Load key "/tmp/ssh_key/id_rsa": error in libcrypto
[2026-05-17T12:15:12.625+0000] {subprocess.py:93} INFO - git@github.com: Permission denied (publickey).
[2026-05-17T12:15:12.626+0000] {subprocess.py:93} INFO - fatal: Could not read from remote repository.
[2026-05-17T12:15:12.627+0000] {subprocess.py:93} INFO - 
[2026-05-17T12:15:12.628+0000] {subprocess.py:93} INFO - Please make sure you have the correct access rights
[2026-05-17T12:15:12.628+0000] {subprocess.py:93} INFO - and the repository exists.
[2026-05-17T12:15:13.599+0000] {subprocess.py:93} INFO - Already on 'main'
[2026-05-17T12:15:13.923+0000] {subprocess.py:93} INFO - M	.gitignore
[2026-05-17T12:15:13.924+0000] {subprocess.py:93} INFO - M	.vscode/settings.json
[2026-05-17T12:15:13.924+0000] {subprocess.py:93} INFO - M	README.md
[2026-05-17T12:15:13.925+0000] {subprocess.py:93} INFO - M	dags/churn_pipeline_dag.py
[2026-05-17T12:15:13.926+0000] {subprocess.py:93} INFO - M	"multipage_app/1_\360\237\222\273\342\200\213Homepage.py"
[2026-05-17T12:15:13.927+0000] {subprocess.py:93} INFO - M	multipage_app/best_model.csv
[2026-05-17T12:15:13.928+0000] {subprocess.py:93} INFO - M	"multipage_app/pages/2_\342\232\240\357\270\217\342\200\213Churn.py"
[2026-05-17T12:15:13.929+0000] {subprocess.py:93} INFO - M	"multipage_app/pages/3_\360\237\221\244About_me.py"
[2026-05-17T12:15:13.930+0000] {subprocess.py:93} INFO - M	requirements.txt
[2026-05-17T12:15:13.931+0000] {subprocess.py:93} INFO - M	scripts/extract.py
[2026-05-17T12:15:13.932+0000] {subprocess.py:93} INFO - M	scripts/function.py
[2026-05-17T12:15:13.933+0000] {subprocess.py:93} INFO - M	scripts/logs.log
[2026-05-17T12:15:13.935+0000] {subprocess.py:93} INFO - M	scripts/ml.py
[2026-05-17T12:15:13.936+0000] {subprocess.py:93} INFO - M	scripts/transform.py
[2026-05-17T12:15:13.936+0000] {subprocess.py:93} INFO - Your branch is ahead of 'origin/main' by 16 commits.
[2026-05-17T12:15:13.937+0000] {subprocess.py:93} INFO -   (use "git push" to publish your local commits)
[2026-05-17T12:15:21.321+0000] {subprocess.py:93} INFO - [main f343bd0] auto-update: churn prediction results 2026-05-17 12:15:17
[2026-05-17T12:15:21.322+0000] {subprocess.py:93} INFO -  97 files changed, 18051 insertions(+), 5385 deletions(-)
[2026-05-17T12:15:21.323+0000] {subprocess.py:93} INFO -  create mode 100644 Dockerfile
[2026-05-17T12:15:21.325+0000] {subprocess.py:93} INFO -  create mode 100644 airflow-webserver.pid
[2026-05-17T12:15:21.326+0000] {subprocess.py:93} INFO -  create mode 100644 airflow.cfg
[2026-05-17T12:15:21.328+0000] {subprocess.py:93} INFO -  create mode 100644 airflow.db
[2026-05-17T12:15:21.329+0000] {subprocess.py:93} INFO -  create mode 100644 docker-compose.yaml
[2026-05-17T12:15:21.330+0000] {subprocess.py:93} INFO -  create mode 100644 logs/dag_id=thelook_ecommerce_churn_pipeline/run_id=manual__2026-05-16T15:43:15.859814+00:00/task_id=1_extract_bigquery_to_duckdb/attempt=1.log
[2026-05-17T12:15:21.331+0000] {subprocess.py:93} INFO -  create mode 100644 logs/dag_id=thelook_ecommerce_churn_pipeline/run_id=manual__2026-05-16T15:43:15.859814+00:00/task_id=1_extract_bigquery_to_duckdb/attempt=2.log
[2026-05-17T12:15:21.331+0000] {subprocess.py:93} INFO -  create mode 100644 logs/dag_id=thelook_ecommerce_churn_pipeline/run_id=manual__2026-05-16T15:43:15.859814+00:00/task_id=4_push_to_github/attempt=1.log
[2026-05-17T12:15:21.333+0000] {subprocess.py:93} INFO -  create mode 100644 logs/dag_id=thelook_ecommerce_churn_pipeline/run_id=manual__2026-05-16T16:06:01.866587+00:00/task_id=1_extract_bigquery_to_duckdb/attempt=1.log
[2026-05-17T12:15:21.334+0000] {subprocess.py:93} INFO -  create mode 100644 logs/dag_id=thelook_ecommerce_churn_pipeline/run_id=manual__2026-05-16T16:06:01.866587+00:00/task_id=1_extract_bigquery_to_duckdb/attempt=2.log
[2026-05-17T12:15:21.335+0000] {subprocess.py:93} INFO -  create mode 100644 logs/dag_id=thelook_ecommerce_churn_pipeline/run_id=manual__2026-05-16T16:21:26.846581+00:00/task_id=1_extract_bigquery_to_duckdb/attempt=1.log
[2026-05-17T12:15:21.336+0000] {subprocess.py:93} INFO -  create mode 100644 logs/dag_id=thelook_ecommerce_churn_pipeline/run_id=manual__2026-05-16T16:21:26.846581+00:00/task_id=1_extract_bigquery_to_duckdb/attempt=2.log
[2026-05-17T12:15:21.337+0000] {subprocess.py:93} INFO -  create mode 100644 logs/dag_id=thelook_ecommerce_churn_pipeline/run_id=manual__2026-05-16T16:21:26.846581+00:00/task_id=1_extract_bigquery_to_duckdb/attempt=3.log
[2026-05-17T12:15:21.339+0000] {subprocess.py:93} INFO -  create mode 100644 logs/dag_id=thelook_ecommerce_churn_pipeline/run_id=manual__2026-05-16T16:21:26.846581+00:00/task_id=2_transform_and_feature_engineering/attempt=1.log
[2026-05-17T12:15:21.340+0000] {subprocess.py:93} INFO -  create mode 100644 logs/dag_id=thelook_ecommerce_churn_pipeline/run_id=manual__2026-05-16T16:21:26.846581+00:00/task_id=2_transform_and_feature_engineering/attempt=2.log
[2026-05-17T12:15:21.345+0000] {subprocess.py:93} INFO -  create mode 100644 logs/dag_id=thelook_ecommerce_churn_pipeline/run_id=manual__2026-05-16T16:21:26.846581+00:00/task_id=3_ml_retrain_and_predict/attempt=1.log
[2026-05-17T12:15:21.349+0000] {subprocess.py:93} INFO -  create mode 100644 logs/dag_id=thelook_ecommerce_churn_pipeline/run_id=manual__2026-05-16T16:21:26.846581+00:00/task_id=3_ml_retrain_and_predict/attempt=2.log
[2026-05-17T12:15:21.351+0000] {subprocess.py:93} INFO -  create mode 100644 logs/dag_id=thelook_ecommerce_churn_pipeline/run_id=manual__2026-05-16T16:21:26.846581+00:00/task_id=3_ml_retrain_and_predict/attempt=3.log
[2026-05-17T12:15:21.354+0000] {subprocess.py:93} INFO -  create mode 100644 logs/dag_id=thelook_ecommerce_churn_pipeline/run_id=manual__2026-05-16T16:21:26.846581+00:00/task_id=3_ml_retrain_and_predict/attempt=4.log
[2026-05-17T12:15:21.355+0000] {subprocess.py:93} INFO -  create mode 100644 logs/dag_id=thelook_ecommerce_churn_pipeline/run_id=manual__2026-05-16T16:21:26.846581+00:00/task_id=3_ml_retrain_and_predict/attempt=5.log
[2026-05-17T12:15:21.357+0000] {subprocess.py:93} INFO -  create mode 100644 logs/dag_id=thelook_ecommerce_churn_pipeline/run_id=manual__2026-05-16T16:21:26.846581+00:00/task_id=3_ml_retrain_and_predict/attempt=6.log
[2026-05-17T12:15:21.359+0000] {subprocess.py:93} INFO -  create mode 100644 logs/dag_id=thelook_ecommerce_churn_pipeline/run_id=manual__2026-05-17T08:51:13.757592+00:00/task_id=1_extract_bigquery_to_duckdb/attempt=1.log
[2026-05-17T12:15:21.359+0000] {subprocess.py:93} INFO -  create mode 100644 logs/dag_id=thelook_ecommerce_churn_pipeline/run_id=manual__2026-05-17T08:51:13.757592+00:00/task_id=2_transform_and_feature_engineering/attempt=1.log
[2026-05-17T12:15:21.360+0000] {subprocess.py:93} INFO -  create mode 100644 logs/dag_id=thelook_ecommerce_churn_pipeline/run_id=manual__2026-05-17T08:51:13.757592+00:00/task_id=3_ml_retrain_and_predict/attempt=1.log
[2026-05-17T12:15:21.362+0000] {subprocess.py:93} INFO -  create mode 100644 logs/dag_id=thelook_ecommerce_churn_pipeline/run_id=manual__2026-05-17T08:51:13.757592+00:00/task_id=3_ml_retrain_and_predict/attempt=2.log
[2026-05-17T12:15:21.363+0000] {subprocess.py:93} INFO -  create mode 100644 logs/dag_id=thelook_ecommerce_churn_pipeline/run_id=manual__2026-05-17T09:16:44.504411+00:00/task_id=1_extract_bigquery_to_duckdb/attempt=1.log
[2026-05-17T12:15:21.364+0000] {subprocess.py:93} INFO -  create mode 100644 logs/dag_id=thelook_ecommerce_churn_pipeline/run_id=manual__2026-05-17T09:16:44.504411+00:00/task_id=2_transform_and_feature_engineering/attempt=1.log
[2026-05-17T12:15:21.366+0000] {subprocess.py:93} INFO -  create mode 100644 logs/dag_id=thelook_ecommerce_churn_pipeline/run_id=manual__2026-05-17T09:16:44.504411+00:00/task_id=3_ml_retrain_and_predict/attempt=1.log
[2026-05-17T12:15:21.367+0000] {subprocess.py:93} INFO -  create mode 100644 logs/dag_id=thelook_ecommerce_churn_pipeline/run_id=manual__2026-05-17T09:16:44.504411+00:00/task_id=3_ml_retrain_and_predict/attempt=2.log
[2026-05-17T12:15:21.368+0000] {subprocess.py:93} INFO -  create mode 100644 logs/dag_id=thelook_ecommerce_churn_pipeline/run_id=manual__2026-05-17T09:53:50.490661+00:00/task_id=1_extract_bigquery_to_duckdb/attempt=1.log
[2026-05-17T12:15:21.369+0000] {subprocess.py:93} INFO -  create mode 100644 logs/dag_id=thelook_ecommerce_churn_pipeline/run_id=manual__2026-05-17T09:53:50.490661+00:00/task_id=2_transform_and_feature_engineering/attempt=1.log
[2026-05-17T12:15:21.369+0000] {subprocess.py:93} INFO -  create mode 100644 logs/dag_id=thelook_ecommerce_churn_pipeline/run_id=manual__2026-05-17T09:53:50.490661+00:00/task_id=3_ml_retrain_and_predict/attempt=1.log
[2026-05-17T12:15:21.370+0000] {subprocess.py:93} INFO -  create mode 100644 logs/dag_id=thelook_ecommerce_churn_pipeline/run_id=manual__2026-05-17T09:53:50.490661+00:00/task_id=3_ml_retrain_and_predict/attempt=2.log
[2026-05-17T12:15:21.371+0000] {subprocess.py:93} INFO -  create mode 100644 logs/dag_id=thelook_ecommerce_churn_pipeline/run_id=manual__2026-05-17T09:53:50.490661+00:00/task_id=3_ml_retrain_and_predict/attempt=3.log
[2026-05-17T12:15:21.372+0000] {subprocess.py:93} INFO -  create mode 100644 logs/dag_id=thelook_ecommerce_churn_pipeline/run_id=manual__2026-05-17T09:53:50.490661+00:00/task_id=3_ml_retrain_and_predict/attempt=4.log
[2026-05-17T12:15:21.373+0000] {subprocess.py:93} INFO -  create mode 100644 logs/dag_id=thelook_ecommerce_churn_pipeline/run_id=manual__2026-05-17T09:53:50.490661+00:00/task_id=3_ml_retrain_and_predict/attempt=5.log
[2026-05-17T12:15:21.374+0000] {subprocess.py:93} INFO -  create mode 100644 logs/dag_id=thelook_ecommerce_churn_pipeline/run_id=manual__2026-05-17T09:53:50.490661+00:00/task_id=3_ml_retrain_and_predict/attempt=6.log
[2026-05-17T12:15:21.376+0000] {subprocess.py:93} INFO -  create mode 100644 logs/dag_id=thelook_ecommerce_churn_pipeline/run_id=manual__2026-05-17T09:53:50.490661+00:00/task_id=3_ml_retrain_and_predict/attempt=7.log
[2026-05-17T12:15:21.377+0000] {subprocess.py:93} INFO -  create mode 100644 logs/dag_id=thelook_ecommerce_churn_pipeline/run_id=manual__2026-05-17T09:53:50.490661+00:00/task_id=4_push_results_to_github/attempt=1.log
[2026-05-17T12:15:21.378+0000] {subprocess.py:93} INFO -  create mode 100644 logs/dag_id=thelook_ecommerce_churn_pipeline/run_id=manual__2026-05-17T09:53:50.490661+00:00/task_id=4_push_results_to_github/attempt=2.log
[2026-05-17T12:15:21.379+0000] {subprocess.py:93} INFO -  create mode 100644 logs/dag_id=thelook_ecommerce_churn_pipeline/run_id=manual__2026-05-17T09:53:50.490661+00:00/task_id=4_push_results_to_github/attempt=3.log
[2026-05-17T12:15:21.380+0000] {subprocess.py:93} INFO -  create mode 100644 logs/dag_id=thelook_ecommerce_churn_pipeline/run_id=manual__2026-05-17T10:17:28.647248+00:00/task_id=1_extract_bigquery_to_duckdb/attempt=1.log
[2026-05-17T12:15:21.381+0000] {subprocess.py:93} INFO -  create mode 100644 logs/dag_id=thelook_ecommerce_churn_pipeline/run_id=manual__2026-05-17T10:17:28.647248+00:00/task_id=2_transform_and_feature_engineering/attempt=1.log
[2026-05-17T12:15:21.382+0000] {subprocess.py:93} INFO -  create mode 100644 logs/dag_id=thelook_ecommerce_churn_pipeline/run_id=manual__2026-05-17T10:17:28.647248+00:00/task_id=3_ml_retrain_and_predict/attempt=1.log
[2026-05-17T12:15:21.383+0000] {subprocess.py:93} INFO -  create mode 100644 logs/dag_id=thelook_ecommerce_churn_pipeline/run_id=manual__2026-05-17T10:17:28.647248+00:00/task_id=4_push_results_to_github/attempt=1.log
[2026-05-17T12:15:21.383+0000] {subprocess.py:93} INFO -  create mode 100644 logs/dag_id=thelook_ecommerce_churn_pipeline/run_id=manual__2026-05-17T10:17:28.647248+00:00/task_id=4_push_results_to_github/attempt=2.log
[2026-05-17T12:15:21.384+0000] {subprocess.py:93} INFO -  create mode 100644 logs/dag_id=thelook_ecommerce_churn_pipeline/run_id=manual__2026-05-17T10:17:28.647248+00:00/task_id=4_push_results_to_github/attempt=3.log
[2026-05-17T12:15:21.385+0000] {subprocess.py:93} INFO -  create mode 100644 logs/dag_id=thelook_ecommerce_churn_pipeline/run_id=manual__2026-05-17T10:34:01.917499+00:00/task_id=1_extract_bigquery_to_duckdb/attempt=1.log
[2026-05-17T12:15:21.386+0000] {subprocess.py:93} INFO -  create mode 100644 logs/dag_id=thelook_ecommerce_churn_pipeline/run_id=manual__2026-05-17T10:34:01.917499+00:00/task_id=2_transform_and_feature_engineering/attempt=1.log
[2026-05-17T12:15:21.387+0000] {subprocess.py:93} INFO -  create mode 100644 logs/dag_id=thelook_ecommerce_churn_pipeline/run_id=manual__2026-05-17T10:34:01.917499+00:00/task_id=3_ml_retrain_and_predict/attempt=1.log
[2026-05-17T12:15:21.387+0000] {subprocess.py:93} INFO -  create mode 100644 logs/dag_id=thelook_ecommerce_churn_pipeline/run_id=manual__2026-05-17T10:34:01.917499+00:00/task_id=4_push_results_to_github/attempt=1.log
[2026-05-17T12:15:21.388+0000] {subprocess.py:93} INFO -  create mode 100644 logs/dag_id=thelook_ecommerce_churn_pipeline/run_id=manual__2026-05-17T10:34:01.917499+00:00/task_id=4_push_results_to_github/attempt=10.log
[2026-05-17T12:15:21.389+0000] {subprocess.py:93} INFO -  create mode 100644 logs/dag_id=thelook_ecommerce_churn_pipeline/run_id=manual__2026-05-17T10:34:01.917499+00:00/task_id=4_push_results_to_github/attempt=11.log
[2026-05-17T12:15:21.390+0000] {subprocess.py:93} INFO -  create mode 100644 logs/dag_id=thelook_ecommerce_churn_pipeline/run_id=manual__2026-05-17T10:34:01.917499+00:00/task_id=4_push_results_to_github/attempt=12.log
[2026-05-17T12:15:21.391+0000] {subprocess.py:93} INFO -  create mode 100644 logs/dag_id=thelook_ecommerce_churn_pipeline/run_id=manual__2026-05-17T10:34:01.917499+00:00/task_id=4_push_results_to_github/attempt=13.log
[2026-05-17T12:15:21.392+0000] {subprocess.py:93} INFO -  create mode 100644 logs/dag_id=thelook_ecommerce_churn_pipeline/run_id=manual__2026-05-17T10:34:01.917499+00:00/task_id=4_push_results_to_github/attempt=14.log
[2026-05-17T12:15:21.393+0000] {subprocess.py:93} INFO -  create mode 100644 logs/dag_id=thelook_ecommerce_churn_pipeline/run_id=manual__2026-05-17T10:34:01.917499+00:00/task_id=4_push_results_to_github/attempt=15.log
[2026-05-17T12:15:21.394+0000] {subprocess.py:93} INFO -  create mode 100644 logs/dag_id=thelook_ecommerce_churn_pipeline/run_id=manual__2026-05-17T10:34:01.917499+00:00/task_id=4_push_results_to_github/attempt=16.log
[2026-05-17T12:15:21.395+0000] {subprocess.py:93} INFO -  create mode 100644 logs/dag_id=thelook_ecommerce_churn_pipeline/run_id=manual__2026-05-17T10:34:01.917499+00:00/task_id=4_push_results_to_github/attempt=17.log
[2026-05-17T12:15:21.400+0000] {subprocess.py:93} INFO -  create mode 100644 logs/dag_id=thelook_ecommerce_churn_pipeline/run_id=manual__2026-05-17T10:34:01.917499+00:00/task_id=4_push_results_to_github/attempt=18.log
[2026-05-17T12:15:21.401+0000] {subprocess.py:93} INFO -  create mode 100644 logs/dag_id=thelook_ecommerce_churn_pipeline/run_id=manual__2026-05-17T10:34:01.917499+00:00/task_id=4_push_results_to_github/attempt=19.log
[2026-05-17T12:15:21.403+0000] {subprocess.py:93} INFO -  create mode 100644 logs/dag_id=thelook_ecommerce_churn_pipeline/run_id=manual__2026-05-17T10:34:01.917499+00:00/task_id=4_push_results_to_github/attempt=2.log
[2026-05-17T12:15:21.404+0000] {subprocess.py:93} INFO -  create mode 100644 logs/dag_id=thelook_ecommerce_churn_pipeline/run_id=manual__2026-05-17T10:34:01.917499+00:00/task_id=4_push_results_to_github/attempt=20.log
[2026-05-17T12:15:21.405+0000] {subprocess.py:93} INFO -  create mode 100644 logs/dag_id=thelook_ecommerce_churn_pipeline/run_id=manual__2026-05-17T10:34:01.917499+00:00/task_id=4_push_results_to_github/attempt=21.log
[2026-05-17T12:15:21.405+0000] {subprocess.py:93} INFO -  create mode 100644 logs/dag_id=thelook_ecommerce_churn_pipeline/run_id=manual__2026-05-17T10:34:01.917499+00:00/task_id=4_push_results_to_github/attempt=22.log
[2026-05-17T12:15:21.407+0000] {subprocess.py:93} INFO -  create mode 100644 logs/dag_id=thelook_ecommerce_churn_pipeline/run_id=manual__2026-05-17T10:34:01.917499+00:00/task_id=4_push_results_to_github/attempt=23.log
[2026-05-17T12:15:21.408+0000] {subprocess.py:93} INFO -  create mode 100644 logs/dag_id=thelook_ecommerce_churn_pipeline/run_id=manual__2026-05-17T10:34:01.917499+00:00/task_id=4_push_results_to_github/attempt=24.log
[2026-05-17T12:15:21.408+0000] {subprocess.py:93} INFO -  create mode 100644 logs/dag_id=thelook_ecommerce_churn_pipeline/run_id=manual__2026-05-17T10:34:01.917499+00:00/task_id=4_push_results_to_github/attempt=25.log
[2026-05-17T12:15:21.410+0000] {subprocess.py:93} INFO -  create mode 100644 logs/dag_id=thelook_ecommerce_churn_pipeline/run_id=manual__2026-05-17T10:34:01.917499+00:00/task_id=4_push_results_to_github/attempt=26.log
[2026-05-17T12:15:21.411+0000] {subprocess.py:93} INFO -  create mode 100644 logs/dag_id=thelook_ecommerce_churn_pipeline/run_id=manual__2026-05-17T10:34:01.917499+00:00/task_id=4_push_results_to_github/attempt=27.log
[2026-05-17T12:15:21.411+0000] {subprocess.py:93} INFO -  create mode 100644 logs/dag_id=thelook_ecommerce_churn_pipeline/run_id=manual__2026-05-17T10:34:01.917499+00:00/task_id=4_push_results_to_github/attempt=28.log
[2026-05-17T12:15:21.412+0000] {subprocess.py:93} INFO -  create mode 100644 logs/dag_id=thelook_ecommerce_churn_pipeline/run_id=manual__2026-05-17T10:34:01.917499+00:00/task_id=4_push_results_to_github/attempt=3.log
[2026-05-17T12:15:21.413+0000] {subprocess.py:93} INFO -  create mode 100644 logs/dag_id=thelook_ecommerce_churn_pipeline/run_id=manual__2026-05-17T10:34:01.917499+00:00/task_id=4_push_results_to_github/attempt=4.log
[2026-05-17T12:15:21.413+0000] {subprocess.py:93} INFO -  create mode 100644 logs/dag_id=thelook_ecommerce_churn_pipeline/run_id=manual__2026-05-17T10:34:01.917499+00:00/task_id=4_push_results_to_github/attempt=5.log
[2026-05-17T12:15:21.414+0000] {subprocess.py:93} INFO -  create mode 100644 logs/dag_id=thelook_ecommerce_churn_pipeline/run_id=manual__2026-05-17T10:34:01.917499+00:00/task_id=4_push_results_to_github/attempt=6.log
[2026-05-17T12:15:21.415+0000] {subprocess.py:93} INFO -  create mode 100644 logs/dag_id=thelook_ecommerce_churn_pipeline/run_id=manual__2026-05-17T10:34:01.917499+00:00/task_id=4_push_results_to_github/attempt=7.log
[2026-05-17T12:15:21.416+0000] {subprocess.py:93} INFO -  create mode 100644 logs/dag_id=thelook_ecommerce_churn_pipeline/run_id=manual__2026-05-17T10:34:01.917499+00:00/task_id=4_push_results_to_github/attempt=8.log
[2026-05-17T12:15:21.417+0000] {subprocess.py:93} INFO -  create mode 100644 logs/dag_id=thelook_ecommerce_churn_pipeline/run_id=manual__2026-05-17T10:34:01.917499+00:00/task_id=4_push_results_to_github/attempt=9.log
[2026-05-17T12:15:21.417+0000] {subprocess.py:93} INFO -  create mode 100644 logs/dag_processor_manager/dag_processor_manager.log
[2026-05-17T12:15:21.418+0000] {subprocess.py:93} INFO -  create mode 100644 logs/scheduler/2026-05-16/churn_pipeline_dag.py.log
[2026-05-17T12:15:21.419+0000] {subprocess.py:93} INFO -  create mode 100644 logs/scheduler/2026-05-17/churn_pipeline_dag.py.log
[2026-05-17T12:15:21.420+0000] {subprocess.py:93} INFO -  create mode 120000 logs/scheduler/latest
[2026-05-17T12:15:21.421+0000] {subprocess.py:93} INFO -  create mode 100644 webserver_config.py
[2026-05-17T12:15:22.824+0000] {subprocess.py:93} INFO - Load key "/tmp/ssh_key/id_rsa": error in libcrypto
[2026-05-17T12:15:22.825+0000] {subprocess.py:93} INFO - git@github.com: Permission denied (publickey).
[2026-05-17T12:15:22.826+0000] {subprocess.py:93} INFO - fatal: Could not read from remote repository.
[2026-05-17T12:15:22.827+0000] {subprocess.py:93} INFO - 
[2026-05-17T12:15:22.828+0000] {subprocess.py:93} INFO - Please make sure you have the correct access rights
[2026-05-17T12:15:22.828+0000] {subprocess.py:93} INFO - and the repository exists.
[2026-05-17T12:15:29.318+0000] {subprocess.py:93} INFO - Load key "/tmp/ssh_key/id_rsa": error in libcrypto
[2026-05-17T12:15:29.319+0000] {subprocess.py:93} INFO - git@github.com: Permission denied (publickey).
[2026-05-17T12:15:29.321+0000] {subprocess.py:93} INFO - fatal: Could not read from remote repository.
[2026-05-17T12:15:29.321+0000] {subprocess.py:93} INFO - 
[2026-05-17T12:15:29.322+0000] {subprocess.py:93} INFO - Please make sure you have the correct access rights
[2026-05-17T12:15:29.323+0000] {subprocess.py:93} INFO - and the repository exists.
[2026-05-17T12:15:29.323+0000] {subprocess.py:97} INFO - Command exited with return code 128
[2026-05-17T12:15:29.338+0000] {taskinstance.py:2698} ERROR - Task failed with exception
Traceback (most recent call last):
  File "/home/airflow/.local/lib/python3.10/site-packages/airflow/models/taskinstance.py", line 433, in _execute_task
    result = execute_callable(context=context, **execute_callable_kwargs)
  File "/home/airflow/.local/lib/python3.10/site-packages/airflow/operators/bash.py", line 212, in execute
    raise AirflowException(
airflow.exceptions.AirflowException: Bash command failed. The command returned a non-zero exit code 128.
[2026-05-17T12:15:29.342+0000] {taskinstance.py:1138} INFO - Marking task as UP_FOR_RETRY. dag_id=thelook_ecommerce_churn_pipeline, task_id=4_push_results_to_github, execution_date=20260517T103401, start_date=20260517T121510, end_date=20260517T121529
[2026-05-17T12:15:29.379+0000] {standard_task_runner.py:107} ERROR - Failed to execute job 81 for task 4_push_results_to_github (Bash command failed. The command returned a non-zero exit code 128.; 934)
[2026-05-17T12:15:29.386+0000] {local_task_job_runner.py:234} INFO - Task exited with return code 1
[2026-05-17T12:15:29.406+0000] {taskinstance.py:3280} INFO - 0 downstream tasks scheduled from follow-on schedule check
