[2026-05-17T11:26:19.402+0000] {taskinstance.py:1956} INFO - Dependencies all met for dep_context=non-requeueable deps ti=<TaskInstance: thelook_ecommerce_churn_pipeline.4_push_results_to_github manual__2026-05-17T10:34:01.917499+00:00 [queued]>
[2026-05-17T11:26:19.431+0000] {taskinstance.py:1956} INFO - Dependencies all met for dep_context=requeueable deps ti=<TaskInstance: thelook_ecommerce_churn_pipeline.4_push_results_to_github manual__2026-05-17T10:34:01.917499+00:00 [queued]>
[2026-05-17T11:26:19.433+0000] {taskinstance.py:2170} INFO - Starting attempt 18 of 19
[2026-05-17T11:26:19.497+0000] {taskinstance.py:2191} INFO - Executing <Task(BashOperator): 4_push_results_to_github> on 2026-05-17 10:34:01.917499+00:00
[2026-05-17T11:26:19.509+0000] {standard_task_runner.py:60} INFO - Started process 629 to run task
[2026-05-17T11:26:19.521+0000] {standard_task_runner.py:87} INFO - Running: ['airflow', 'tasks', 'run', 'thelook_ecommerce_churn_pipeline', '4_push_results_to_github', 'manual__2026-05-17T10:34:01.917499+00:00', '--job-id', '71', '--raw', '--subdir', 'DAGS_FOLDER/churn_pipeline_dag.py', '--cfg-path', '/tmp/tmpwi86z988']
[2026-05-17T11:26:19.525+0000] {standard_task_runner.py:88} INFO - Job 71: Subtask 4_push_results_to_github
[2026-05-17T11:26:19.597+0000] {logging_mixin.py:188} WARNING - /home/airflow/.local/lib/python3.10/site-packages/airflow/settings.py:194 DeprecationWarning: The sql_alchemy_conn option in [core] has been moved to the sql_alchemy_conn option in [database] - the old setting has been used, but please update your config.
[2026-05-17T11:26:19.720+0000] {task_command.py:423} INFO - Running <TaskInstance: thelook_ecommerce_churn_pipeline.4_push_results_to_github manual__2026-05-17T10:34:01.917499+00:00 [running]> on host b1bece16dd7e
[2026-05-17T11:26:19.988+0000] {taskinstance.py:2480} INFO - Exporting env vars: AIRFLOW_CTX_DAG_OWNER='reyhan_mauluddi' AIRFLOW_CTX_DAG_ID='thelook_ecommerce_churn_pipeline' AIRFLOW_CTX_TASK_ID='4_push_results_to_github' AIRFLOW_CTX_EXECUTION_DATE='2026-05-17T10:34:01.917499+00:00' AIRFLOW_CTX_TRY_NUMBER='18' AIRFLOW_CTX_DAG_RUN_ID='manual__2026-05-17T10:34:01.917499+00:00'
[2026-05-17T11:26:19.990+0000] {subprocess.py:63} INFO - Tmp dir root location: /tmp
[2026-05-17T11:26:19.993+0000] {subprocess.py:75} INFO - Running command: ['/usr/bin/bash', '-c', '\n        # 1. Setup sandbox SSH di /tmp (Aman dari isu permission)\n        mkdir -p /tmp/.ssh && chmod 700 /tmp/.ssh &&         ssh-keyscan -t rsa github.com >> /tmp/.ssh/known_hosts &&         \n        # 2. Bongkar Kunci Privat dari Base64\n        # Kami menggunakan <<< "$SSH_KEY_B64" agar format literal terjaga\n        base64 -d <<< "$SSH_KEY_B64" > /tmp/.ssh/id_rsa_tmp &&         chmod 600 /tmp/.ssh/id_rsa_tmp &&         \n        # 3. Konfigurasi SSH Git agar mengabaikan config bawaan container yang rusak\n        export GIT_SSH_COMMAND="ssh -i /tmp/.ssh/id_rsa_tmp -F /dev/null -o UserKnownHostsFile=/tmp/.ssh/known_hosts -o IdentitiesOnly=yes -o StrictHostKeyChecking=no" &&         \n        # 4. Debug: Tes koneksi ke GitHub\n        echo "=== Mengetes Koneksi SSH ke GitHub ===" &&         $GIT_SSH_COMMAND -T git@github.com || echo "Koneksi berhasil diverifikasi." &&         echo "======================================" &&         \n        # 5. Eksekusi Git Push\n        cd /opt/airflow/dags &&         git add . &&         git commit -m "auto-update: churn prediction results $(date +\'%Y-%m-%d %H:%M:%S\')" || echo "No changes to commit" &&         git push origin main;\n        \n        # 6. Cleanup kunci rahasia\n        EXIT_CODE=$?;         rm -rf /tmp/.ssh/id_rsa_tmp;         exit $EXIT_CODE\n        ']
[2026-05-17T11:26:20.016+0000] {subprocess.py:86} INFO - Output:
[2026-05-17T11:26:20.530+0000] {subprocess.py:93} INFO - # github.com:22 SSH-2.0-8ad108e
[2026-05-17T11:26:21.156+0000] {subprocess.py:93} INFO - base64: invalid input
[2026-05-17T11:26:21.156+0000] {subprocess.py:93} INFO - Koneksi berhasil diverifikasi.
[2026-05-17T11:26:21.157+0000] {subprocess.py:93} INFO - ======================================
[2026-05-17T11:26:21.750+0000] {subprocess.py:93} INFO - [main 042fdc2] auto-update: churn prediction results 2026-05-17 11:26:21
[2026-05-17T11:26:21.752+0000] {subprocess.py:93} INFO -  1 file changed, 11 insertions(+), 7 deletions(-)
[2026-05-17T11:26:21.835+0000] {subprocess.py:93} INFO - Bad owner or permissions on /home/airflow/.ssh/config
[2026-05-17T11:26:21.836+0000] {subprocess.py:93} INFO - fatal: Could not read from remote repository.
[2026-05-17T11:26:21.837+0000] {subprocess.py:93} INFO - 
[2026-05-17T11:26:21.838+0000] {subprocess.py:93} INFO - Please make sure you have the correct access rights
[2026-05-17T11:26:21.838+0000] {subprocess.py:93} INFO - and the repository exists.
[2026-05-17T11:26:21.840+0000] {subprocess.py:97} INFO - Command exited with return code 128
[2026-05-17T11:26:21.856+0000] {taskinstance.py:2698} ERROR - Task failed with exception
Traceback (most recent call last):
  File "/home/airflow/.local/lib/python3.10/site-packages/airflow/models/taskinstance.py", line 433, in _execute_task
    result = execute_callable(context=context, **execute_callable_kwargs)
  File "/home/airflow/.local/lib/python3.10/site-packages/airflow/operators/bash.py", line 212, in execute
    raise AirflowException(
airflow.exceptions.AirflowException: Bash command failed. The command returned a non-zero exit code 128.
[2026-05-17T11:26:21.863+0000] {taskinstance.py:1138} INFO - Marking task as UP_FOR_RETRY. dag_id=thelook_ecommerce_churn_pipeline, task_id=4_push_results_to_github, execution_date=20260517T103401, start_date=20260517T112619, end_date=20260517T112621
[2026-05-17T11:26:21.929+0000] {standard_task_runner.py:107} ERROR - Failed to execute job 71 for task 4_push_results_to_github (Bash command failed. The command returned a non-zero exit code 128.; 629)
[2026-05-17T11:26:21.949+0000] {local_task_job_runner.py:234} INFO - Task exited with return code 1
[2026-05-17T11:26:21.981+0000] {taskinstance.py:3280} INFO - 0 downstream tasks scheduled from follow-on schedule check
