[2026-05-17T11:16:05.208+0000] {taskinstance.py:1956} INFO - Dependencies all met for dep_context=non-requeueable deps ti=<TaskInstance: thelook_ecommerce_churn_pipeline.4_push_results_to_github manual__2026-05-17T10:34:01.917499+00:00 [queued]>
[2026-05-17T11:16:05.329+0000] {taskinstance.py:1956} INFO - Dependencies all met for dep_context=requeueable deps ti=<TaskInstance: thelook_ecommerce_churn_pipeline.4_push_results_to_github manual__2026-05-17T10:34:01.917499+00:00 [queued]>
[2026-05-17T11:16:05.330+0000] {taskinstance.py:2170} INFO - Starting attempt 13 of 13
[2026-05-17T11:16:05.575+0000] {taskinstance.py:2191} INFO - Executing <Task(BashOperator): 4_push_results_to_github> on 2026-05-17 10:34:01.917499+00:00
[2026-05-17T11:16:05.608+0000] {standard_task_runner.py:60} INFO - Started process 514 to run task
[2026-05-17T11:16:05.630+0000] {standard_task_runner.py:87} INFO - Running: ['airflow', 'tasks', 'run', 'thelook_ecommerce_churn_pipeline', '4_push_results_to_github', 'manual__2026-05-17T10:34:01.917499+00:00', '--job-id', '66', '--raw', '--subdir', 'DAGS_FOLDER/churn_pipeline_dag.py', '--cfg-path', '/tmp/tmp5twgvn12']
[2026-05-17T11:16:05.644+0000] {standard_task_runner.py:88} INFO - Job 66: Subtask 4_push_results_to_github
[2026-05-17T11:16:05.921+0000] {logging_mixin.py:188} WARNING - /home/airflow/.local/lib/python3.10/site-packages/airflow/settings.py:194 DeprecationWarning: The sql_alchemy_conn option in [core] has been moved to the sql_alchemy_conn option in [database] - the old setting has been used, but please update your config.
[2026-05-17T11:16:06.547+0000] {task_command.py:423} INFO - Running <TaskInstance: thelook_ecommerce_churn_pipeline.4_push_results_to_github manual__2026-05-17T10:34:01.917499+00:00 [running]> on host b1bece16dd7e
[2026-05-17T11:16:07.250+0000] {taskinstance.py:2480} INFO - Exporting env vars: AIRFLOW_CTX_DAG_OWNER='reyhan_mauluddi' AIRFLOW_CTX_DAG_ID='thelook_ecommerce_churn_pipeline' AIRFLOW_CTX_TASK_ID='4_push_results_to_github' AIRFLOW_CTX_EXECUTION_DATE='2026-05-17T10:34:01.917499+00:00' AIRFLOW_CTX_TRY_NUMBER='13' AIRFLOW_CTX_DAG_RUN_ID='manual__2026-05-17T10:34:01.917499+00:00'
[2026-05-17T11:16:07.256+0000] {subprocess.py:63} INFO - Tmp dir root location: /tmp
[2026-05-17T11:16:07.260+0000] {subprocess.py:75} INFO - Running command: ['/usr/bin/bash', '-c', '\n        # 1. Buat sandbox SSH yang bersih di /tmp (100% dikontrol user airflow)\n        mkdir -p /tmp/.ssh && chmod 700 /tmp/.ssh &&         ssh-keyscan -t rsa github.com >> /tmp/.ssh/known_hosts &&         \n        # 2. Salin private key ke sandbox dan amankan permission-nya menjadi 600\n        cp /home/airflow/.ssh/id_rsa /tmp/.ssh/id_rsa_tmp &&         chmod 600 /tmp/.ssh/id_rsa_tmp &&         \n        # 3. Set opsi SSH agar mengabaikan config global (-F /dev/null) \n        # dan arahkan ke kunci privat yang bersih di /tmp\n        export GIT_SSH_COMMAND="ssh -i /tmp/.ssh/id_rsa_tmp -F /dev/null -o UserKnownHostsFile=/tmp/.ssh/known_hosts -o IdentitiesOnly=yes" &&         \n        # 4. Jalankan Tes Koneksi ke GitHub untuk memastikan jabat tangan berhasil\n        echo "=== Mengetes Koneksi SSH ke GitHub ===" &&         $GIT_SSH_COMMAND -T git@github.com || echo "Status tes SSH selesai." &&         echo "======================================" &&         \n        # 5. Masuk ke root folder dags tempat repositori git Anda berada\n        cd /opt/airflow/dags &&         \n        # 6. Jalankan proses Git Commit dan Push\n        git add . &&         git commit -m "auto-update: churn prediction results $(date +\'%Y-%m-%d %H:%M:%S\')" || echo "No changes to commit" &&         git push origin main;         \n        # 7. Bersihkan kunci temporer dari /tmp demi keamanan\n        EXIT_CODE=$?;         rm -rf /tmp/.ssh/id_rsa_tmp;         exit $EXIT_CODE\n        ']
[2026-05-17T11:16:07.312+0000] {subprocess.py:86} INFO - Output:
[2026-05-17T11:16:07.845+0000] {subprocess.py:93} INFO - # github.com:22 SSH-2.0-8ad108e
[2026-05-17T11:16:08.511+0000] {subprocess.py:93} INFO - === Mengetes Koneksi SSH ke GitHub ===
[2026-05-17T11:16:10.332+0000] {subprocess.py:93} INFO - git@github.com: Permission denied (publickey).
[2026-05-17T11:16:10.334+0000] {subprocess.py:93} INFO - Status tes SSH selesai.
[2026-05-17T11:16:10.335+0000] {subprocess.py:93} INFO - ======================================
[2026-05-17T11:16:11.030+0000] {subprocess.py:93} INFO - On branch main
[2026-05-17T11:16:11.032+0000] {subprocess.py:93} INFO - Your branch is ahead of 'origin/main' by 7 commits.
[2026-05-17T11:16:11.033+0000] {subprocess.py:93} INFO -   (use "git push" to publish your local commits)
[2026-05-17T11:16:11.033+0000] {subprocess.py:93} INFO - 
[2026-05-17T11:16:11.034+0000] {subprocess.py:93} INFO - Changes not staged for commit:
[2026-05-17T11:16:11.037+0000] {subprocess.py:93} INFO -   (use "git add <file>..." to update what will be committed)
[2026-05-17T11:16:11.039+0000] {subprocess.py:93} INFO -   (use "git restore <file>..." to discard changes in working directory)
[2026-05-17T11:16:11.040+0000] {subprocess.py:93} INFO - 	modified:   ../.gitignore
[2026-05-17T11:16:11.041+0000] {subprocess.py:93} INFO - 	modified:   ../.vscode/settings.json
[2026-05-17T11:16:11.041+0000] {subprocess.py:93} INFO - 	modified:   ../README.md
[2026-05-17T11:16:11.042+0000] {subprocess.py:93} INFO - 	modified:   "../multipage_app/1_\360\237\222\273\342\200\213Homepage.py"
[2026-05-17T11:16:11.043+0000] {subprocess.py:93} INFO - 	modified:   ../multipage_app/best_model.csv
[2026-05-17T11:16:11.044+0000] {subprocess.py:93} INFO - 	modified:   "../multipage_app/pages/2_\342\232\240\357\270\217\342\200\213Churn.py"
[2026-05-17T11:16:11.045+0000] {subprocess.py:93} INFO - 	modified:   "../multipage_app/pages/3_\360\237\221\244About_me.py"
[2026-05-17T11:16:11.045+0000] {subprocess.py:93} INFO - 	modified:   ../requirements.txt
[2026-05-17T11:16:11.046+0000] {subprocess.py:93} INFO - 	modified:   ../scripts/extract.py
[2026-05-17T11:16:11.047+0000] {subprocess.py:93} INFO - 	modified:   ../scripts/function.py
[2026-05-17T11:16:11.047+0000] {subprocess.py:93} INFO - 	modified:   ../scripts/logs.log
[2026-05-17T11:16:11.048+0000] {subprocess.py:93} INFO - 	modified:   ../scripts/ml.py
[2026-05-17T11:16:11.048+0000] {subprocess.py:93} INFO - 	modified:   ../scripts/transform.py
[2026-05-17T11:16:11.049+0000] {subprocess.py:93} INFO - 
[2026-05-17T11:16:11.050+0000] {subprocess.py:93} INFO - Untracked files:
[2026-05-17T11:16:11.050+0000] {subprocess.py:93} INFO -   (use "git add <file>..." to include in what will be committed)
[2026-05-17T11:16:11.051+0000] {subprocess.py:93} INFO - 	../Dockerfile
[2026-05-17T11:16:11.055+0000] {subprocess.py:93} INFO - 	../airflow-webserver.pid
[2026-05-17T11:16:11.056+0000] {subprocess.py:93} INFO - 	../airflow.cfg
[2026-05-17T11:16:11.057+0000] {subprocess.py:93} INFO - 	../airflow.db
[2026-05-17T11:16:11.058+0000] {subprocess.py:93} INFO - 	../docker-compose.yaml
[2026-05-17T11:16:11.059+0000] {subprocess.py:93} INFO - 	../logs/
[2026-05-17T11:16:11.059+0000] {subprocess.py:93} INFO - 	../webserver_config.py
[2026-05-17T11:16:11.060+0000] {subprocess.py:93} INFO - 
[2026-05-17T11:16:11.061+0000] {subprocess.py:93} INFO - no changes added to commit (use "git add" and/or "git commit -a")
[2026-05-17T11:16:11.062+0000] {subprocess.py:93} INFO - No changes to commit
[2026-05-17T11:16:12.859+0000] {subprocess.py:93} INFO - git@github.com: Permission denied (publickey).
[2026-05-17T11:16:12.869+0000] {subprocess.py:93} INFO - fatal: Could not read from remote repository.
[2026-05-17T11:16:12.871+0000] {subprocess.py:93} INFO - 
[2026-05-17T11:16:12.873+0000] {subprocess.py:93} INFO - Please make sure you have the correct access rights
[2026-05-17T11:16:12.874+0000] {subprocess.py:93} INFO - and the repository exists.
[2026-05-17T11:16:12.875+0000] {subprocess.py:97} INFO - Command exited with return code 128
[2026-05-17T11:16:12.907+0000] {taskinstance.py:2698} ERROR - Task failed with exception
Traceback (most recent call last):
  File "/home/airflow/.local/lib/python3.10/site-packages/airflow/models/taskinstance.py", line 433, in _execute_task
    result = execute_callable(context=context, **execute_callable_kwargs)
  File "/home/airflow/.local/lib/python3.10/site-packages/airflow/operators/bash.py", line 212, in execute
    raise AirflowException(
airflow.exceptions.AirflowException: Bash command failed. The command returned a non-zero exit code 128.
[2026-05-17T11:16:12.917+0000] {taskinstance.py:1138} INFO - Marking task as FAILED. dag_id=thelook_ecommerce_churn_pipeline, task_id=4_push_results_to_github, execution_date=20260517T103401, start_date=20260517T111605, end_date=20260517T111612
[2026-05-17T11:16:12.972+0000] {standard_task_runner.py:107} ERROR - Failed to execute job 66 for task 4_push_results_to_github (Bash command failed. The command returned a non-zero exit code 128.; 514)
[2026-05-17T11:16:12.981+0000] {local_task_job_runner.py:234} INFO - Task exited with return code 1
[2026-05-17T11:16:13.036+0000] {taskinstance.py:3280} INFO - 0 downstream tasks scheduled from follow-on schedule check
