[2026-05-17T10:40:27.140+0000] {taskinstance.py:1956} INFO - Dependencies all met for dep_context=non-requeueable deps ti=<TaskInstance: thelook_ecommerce_churn_pipeline.4_push_results_to_github manual__2026-05-17T10:34:01.917499+00:00 [queued]>
[2026-05-17T10:40:27.171+0000] {taskinstance.py:1956} INFO - Dependencies all met for dep_context=requeueable deps ti=<TaskInstance: thelook_ecommerce_churn_pipeline.4_push_results_to_github manual__2026-05-17T10:34:01.917499+00:00 [queued]>
[2026-05-17T10:40:27.173+0000] {taskinstance.py:2170} INFO - Starting attempt 2 of 3
[2026-05-17T10:40:27.234+0000] {taskinstance.py:2191} INFO - Executing <Task(BashOperator): 4_push_results_to_github> on 2026-05-17 10:34:01.917499+00:00
[2026-05-17T10:40:27.246+0000] {standard_task_runner.py:60} INFO - Started process 251 to run task
[2026-05-17T10:40:27.256+0000] {standard_task_runner.py:87} INFO - Running: ['airflow', 'tasks', 'run', 'thelook_ecommerce_churn_pipeline', '4_push_results_to_github', 'manual__2026-05-17T10:34:01.917499+00:00', '--job-id', '55', '--raw', '--subdir', 'DAGS_FOLDER/churn_pipeline_dag.py', '--cfg-path', '/tmp/tmp0ksuqdl0']
[2026-05-17T10:40:27.261+0000] {standard_task_runner.py:88} INFO - Job 55: Subtask 4_push_results_to_github
[2026-05-17T10:40:27.335+0000] {logging_mixin.py:188} WARNING - /home/airflow/.local/lib/python3.10/site-packages/airflow/settings.py:194 DeprecationWarning: The sql_alchemy_conn option in [core] has been moved to the sql_alchemy_conn option in [database] - the old setting has been used, but please update your config.
[2026-05-17T10:40:27.454+0000] {task_command.py:423} INFO - Running <TaskInstance: thelook_ecommerce_churn_pipeline.4_push_results_to_github manual__2026-05-17T10:34:01.917499+00:00 [running]> on host b1bece16dd7e
[2026-05-17T10:40:27.732+0000] {taskinstance.py:2480} INFO - Exporting env vars: AIRFLOW_CTX_DAG_OWNER='reyhan_mauluddi' AIRFLOW_CTX_DAG_ID='thelook_ecommerce_churn_pipeline' AIRFLOW_CTX_TASK_ID='4_push_results_to_github' AIRFLOW_CTX_EXECUTION_DATE='2026-05-17T10:34:01.917499+00:00' AIRFLOW_CTX_TRY_NUMBER='2' AIRFLOW_CTX_DAG_RUN_ID='manual__2026-05-17T10:34:01.917499+00:00'
[2026-05-17T10:40:27.734+0000] {subprocess.py:63} INFO - Tmp dir root location: /tmp
[2026-05-17T10:40:27.738+0000] {subprocess.py:75} INFO - Running command: ['/usr/bin/bash', '-c', '\n        # 1. Setup folder SSH tiruan di /tmp\n        mkdir -p /tmp/.ssh && chmod 700 /tmp/.ssh &&         ssh-keyscan -t rsa github.com >> /tmp/.ssh/known_hosts &&         export GIT_SSH_COMMAND="ssh -i ~/.ssh/id_rsa -o UserKnownHostsFile=/tmp/.ssh/known_hosts" &&         \n        # 2. Cari di mana lokasi folder .git yang sebenarnya\n        echo "=== Mencari lokasi repositori Git ===" &&         if [ -d "/opt/airflow/.git" ]; then\n            cd /opt/airflow\n        elif [ -d "/opt/airflow/mystartup/.git" ]; then\n            cd /opt/airflow/mystartup\n        else\n            # Jika tidak ketemu di lokasi umum, cari otomatis di subfolder level 1\n            TARGET_DIR=$(find /opt/airflow -maxdepth 2 -name ".git" -type d -prune | head -n 1 | sed \'s/\\/\\.git//\')\n            if [ -n "$TARGET_DIR" ]; then\n                cd "$TARGET_DIR"\n            else\n                echo "ERROR: Folder .git tidak ditemukan sama sekali di /opt/airflow" && exit 1\n            fi\n        fi &&         echo "Berhasil masuk ke Git direktori: $(pwd)" &&         \n        # 3. Amankan penandaan kepemilikan direktori kerja sekarang\n        git config --global --add safe.directory "$(pwd)" &&         \n        # 4. Konfigurasi identitas Git lokal\n        git config user.name "Reyhan Airflow Bot" &&         git config user.email "reyhan@example.com" &&         \n        # 5. Eksekusi Git Stage, Commit, dan Push\n        git add multipage_app/model_results.csv multipage_app/model.pkl multipage_app/label_encoder.pkl prod_analysis.csv &&         (git commit -m "🤖 Airflow Lokal Auto-Update: Pipeline & Model Results" || echo "No changes to commit") &&         git push origin main\n        ']
[2026-05-17T10:40:27.757+0000] {subprocess.py:86} INFO - Output:
[2026-05-17T10:40:28.301+0000] {subprocess.py:93} INFO - # github.com:22 SSH-2.0-8ad108e
[2026-05-17T10:40:28.936+0000] {subprocess.py:93} INFO - === Mencari lokasi repositori Git ===
[2026-05-17T10:40:28.940+0000] {subprocess.py:93} INFO - Berhasil masuk ke Git direktori: /opt/airflow
[2026-05-17T10:40:36.585+0000] {subprocess.py:93} INFO - [main 523ca20] 🤖 Airflow Lokal Auto-Update: Pipeline & Model Results
[2026-05-17T10:40:36.586+0000] {subprocess.py:93} INFO -  4 files changed, 253157 insertions(+), 253912 deletions(-)
[2026-05-17T10:40:36.692+0000] {subprocess.py:93} INFO - Bad owner or permissions on /home/airflow/.ssh/config
[2026-05-17T10:40:36.694+0000] {subprocess.py:93} INFO - fatal: Could not read from remote repository.
[2026-05-17T10:40:36.695+0000] {subprocess.py:93} INFO - 
[2026-05-17T10:40:36.696+0000] {subprocess.py:93} INFO - Please make sure you have the correct access rights
[2026-05-17T10:40:36.697+0000] {subprocess.py:93} INFO - and the repository exists.
[2026-05-17T10:40:36.697+0000] {subprocess.py:97} INFO - Command exited with return code 128
[2026-05-17T10:40:36.715+0000] {taskinstance.py:2698} ERROR - Task failed with exception
Traceback (most recent call last):
  File "/home/airflow/.local/lib/python3.10/site-packages/airflow/models/taskinstance.py", line 433, in _execute_task
    result = execute_callable(context=context, **execute_callable_kwargs)
  File "/home/airflow/.local/lib/python3.10/site-packages/airflow/operators/bash.py", line 212, in execute
    raise AirflowException(
airflow.exceptions.AirflowException: Bash command failed. The command returned a non-zero exit code 128.
[2026-05-17T10:40:36.720+0000] {taskinstance.py:1138} INFO - Marking task as UP_FOR_RETRY. dag_id=thelook_ecommerce_churn_pipeline, task_id=4_push_results_to_github, execution_date=20260517T103401, start_date=20260517T104027, end_date=20260517T104036
[2026-05-17T10:40:36.771+0000] {standard_task_runner.py:107} ERROR - Failed to execute job 55 for task 4_push_results_to_github (Bash command failed. The command returned a non-zero exit code 128.; 251)
[2026-05-17T10:40:36.798+0000] {local_task_job_runner.py:234} INFO - Task exited with return code 1
[2026-05-17T10:40:36.823+0000] {taskinstance.py:3280} INFO - 0 downstream tasks scheduled from follow-on schedule check
