[2026-05-17T10:19:03.073+0000] {taskinstance.py:1956} INFO - Dependencies all met for dep_context=non-requeueable deps ti=<TaskInstance: thelook_ecommerce_churn_pipeline.3_ml_retrain_and_predict manual__2026-05-17T10:17:28.647248+00:00 [queued]>
[2026-05-17T10:19:03.119+0000] {taskinstance.py:1956} INFO - Dependencies all met for dep_context=requeueable deps ti=<TaskInstance: thelook_ecommerce_churn_pipeline.3_ml_retrain_and_predict manual__2026-05-17T10:17:28.647248+00:00 [queued]>
[2026-05-17T10:19:03.121+0000] {taskinstance.py:2170} INFO - Starting attempt 1 of 2
[2026-05-17T10:19:03.229+0000] {taskinstance.py:2191} INFO - Executing <Task(BashOperator): 3_ml_retrain_and_predict> on 2026-05-17 10:17:28.647248+00:00
[2026-05-17T10:19:03.258+0000] {standard_task_runner.py:60} INFO - Started process 204 to run task
[2026-05-17T10:19:03.270+0000] {standard_task_runner.py:87} INFO - Running: ['airflow', 'tasks', 'run', 'thelook_ecommerce_churn_pipeline', '3_ml_retrain_and_predict', 'manual__2026-05-17T10:17:28.647248+00:00', '--job-id', '46', '--raw', '--subdir', 'DAGS_FOLDER/churn_pipeline_dag.py', '--cfg-path', '/tmp/tmpce_n6rfl']
[2026-05-17T10:19:03.276+0000] {standard_task_runner.py:88} INFO - Job 46: Subtask 3_ml_retrain_and_predict
[2026-05-17T10:19:03.372+0000] {logging_mixin.py:188} WARNING - /home/airflow/.local/lib/python3.10/site-packages/airflow/settings.py:194 DeprecationWarning: The sql_alchemy_conn option in [core] has been moved to the sql_alchemy_conn option in [database] - the old setting has been used, but please update your config.
[2026-05-17T10:19:03.659+0000] {task_command.py:423} INFO - Running <TaskInstance: thelook_ecommerce_churn_pipeline.3_ml_retrain_and_predict manual__2026-05-17T10:17:28.647248+00:00 [running]> on host 868b2b363ed4
[2026-05-17T10:19:04.061+0000] {taskinstance.py:2480} INFO - Exporting env vars: AIRFLOW_CTX_DAG_OWNER='reyhan_mauluddi' AIRFLOW_CTX_DAG_ID='thelook_ecommerce_churn_pipeline' AIRFLOW_CTX_TASK_ID='3_ml_retrain_and_predict' AIRFLOW_CTX_EXECUTION_DATE='2026-05-17T10:17:28.647248+00:00' AIRFLOW_CTX_TRY_NUMBER='1' AIRFLOW_CTX_DAG_RUN_ID='manual__2026-05-17T10:17:28.647248+00:00'
[2026-05-17T10:19:04.064+0000] {subprocess.py:63} INFO - Tmp dir root location: /tmp
[2026-05-17T10:19:04.067+0000] {subprocess.py:75} INFO - Running command: ['/usr/bin/bash', '-c', 'python3 /opt/airflow/scripts/ml.py']
[2026-05-17T10:19:04.093+0000] {subprocess.py:86} INFO - Output:
[2026-05-17T10:19:17.796+0000] {subprocess.py:93} INFO - Data analytics_cust_churn berhasil dimuat dari DuckDB.
[2026-05-17T10:19:17.798+0000] {subprocess.py:93} INFO - === Outlier Analysis for: age ===
[2026-05-17T10:19:17.799+0000] {subprocess.py:93} INFO - 
[2026-05-17T10:19:17.800+0000] {subprocess.py:93} INFO - ==============================
[2026-05-17T10:19:17.802+0000] {subprocess.py:93} INFO - 
[2026-05-17T10:19:17.803+0000] {subprocess.py:93} INFO - === Outlier Analysis for: date_diff ===
[2026-05-17T10:19:17.804+0000] {subprocess.py:93} INFO - 
[2026-05-17T10:19:17.805+0000] {subprocess.py:93} INFO - ==============================
[2026-05-17T10:19:17.810+0000] {subprocess.py:93} INFO - 
[2026-05-17T10:19:17.813+0000] {subprocess.py:93} INFO - === Outlier Analysis for: total_order ===
[2026-05-17T10:19:17.815+0000] {subprocess.py:93} INFO - 
[2026-05-17T10:19:17.817+0000] {subprocess.py:93} INFO - ==============================
[2026-05-17T10:19:17.818+0000] {subprocess.py:93} INFO - 
[2026-05-17T10:19:17.820+0000] {subprocess.py:93} INFO - === Outlier Analysis for: total_spend ===
[2026-05-17T10:19:17.821+0000] {subprocess.py:93} INFO - 
[2026-05-17T10:19:17.823+0000] {subprocess.py:93} INFO - ==============================
[2026-05-17T10:19:17.826+0000] {subprocess.py:93} INFO - 
[2026-05-17T10:19:17.828+0000] {subprocess.py:93} INFO - === Outlier Analysis for: avg_order_value ===
[2026-05-17T10:19:17.829+0000] {subprocess.py:93} INFO - 
[2026-05-17T10:19:17.831+0000] {subprocess.py:93} INFO - ==============================
[2026-05-17T10:19:17.832+0000] {subprocess.py:93} INFO - 
[2026-05-17T10:19:17.833+0000] {subprocess.py:93} INFO - === Outlier Analysis for: unique_category_count ===
[2026-05-17T10:19:17.835+0000] {subprocess.py:93} INFO - 
[2026-05-17T10:19:17.836+0000] {subprocess.py:93} INFO - ==============================
[2026-05-17T10:19:17.837+0000] {subprocess.py:93} INFO - 
[2026-05-17T10:19:17.841+0000] {subprocess.py:93} INFO - === Outlier Analysis for: is_churn ===
[2026-05-17T10:19:17.844+0000] {subprocess.py:93} INFO - 
[2026-05-17T10:19:17.846+0000] {subprocess.py:93} INFO - ==============================
[2026-05-17T10:19:17.847+0000] {subprocess.py:93} INFO - 
[2026-05-17T10:19:17.848+0000] {subprocess.py:93} INFO - 
[2026-05-17T10:19:17.849+0000] {subprocess.py:93} INFO - --- Memulai proses modeling dengan LightGBM Classifier ---
[2026-05-17T10:19:17.850+0000] {subprocess.py:93} INFO - --- Hasil Evaluasi LightGBM Classifier ---
[2026-05-17T10:19:17.851+0000] {subprocess.py:93} INFO -               precision    recall  f1-score   support
[2026-05-17T10:19:17.857+0000] {subprocess.py:93} INFO - 
[2026-05-17T10:19:17.860+0000] {subprocess.py:93} INFO -            0       0.42      0.44      0.43      4585
[2026-05-17T10:19:17.861+0000] {subprocess.py:93} INFO -            1       0.73      0.72      0.72      9834
[2026-05-17T10:19:17.863+0000] {subprocess.py:93} INFO - 
[2026-05-17T10:19:17.864+0000] {subprocess.py:93} INFO -     accuracy                           0.63     14419
[2026-05-17T10:19:17.865+0000] {subprocess.py:93} INFO -    macro avg       0.58      0.58      0.58     14419
[2026-05-17T10:19:17.866+0000] {subprocess.py:93} INFO - weighted avg       0.63      0.63      0.63     14419
[2026-05-17T10:19:17.867+0000] {subprocess.py:93} INFO - 
[2026-05-17T10:19:17.868+0000] {subprocess.py:93} INFO - ROC-AUC Score: 0.5876
[2026-05-17T10:19:17.869+0000] {subprocess.py:93} INFO -  Asli |  Tebakan  |  Peluang Churn  | Match
[2026-05-17T10:19:17.870+0000] {subprocess.py:93} INFO - ---------------------------------------------
[2026-05-17T10:19:17.871+0000] {subprocess.py:93} INFO -   1   |     1     |      58.03%     | ✅
[2026-05-17T10:19:17.873+0000] {subprocess.py:93} INFO -   1   |     1     |      54.95%     | ✅
[2026-05-17T10:19:17.875+0000] {subprocess.py:93} INFO -   1   |     1     |      56.50%     | ✅
[2026-05-17T10:19:17.877+0000] {subprocess.py:93} INFO -   1   |     1     |      57.02%     | ✅
[2026-05-17T10:19:17.880+0000] {subprocess.py:93} INFO -   1   |     0     |      46.99%     | ❌
[2026-05-17T10:19:17.881+0000] {subprocess.py:93} INFO -   1   |     1     |      60.11%     | ✅
[2026-05-17T10:19:17.882+0000] {subprocess.py:93} INFO -   1   |     1     |      55.01%     | ✅
[2026-05-17T10:19:17.884+0000] {subprocess.py:93} INFO -   1   |     1     |      56.59%     | ✅
[2026-05-17T10:19:17.885+0000] {subprocess.py:93} INFO -   0   |     0     |      36.33%     | ✅
[2026-05-17T10:19:17.886+0000] {subprocess.py:93} INFO -   1   |     0     |      44.61%     | ❌
[2026-05-17T10:19:17.887+0000] {subprocess.py:93} INFO -   1   |     1     |      55.51%     | ✅
[2026-05-17T10:19:17.888+0000] {subprocess.py:93} INFO -   1   |     1     |      53.13%     | ✅
[2026-05-17T10:19:17.889+0000] {subprocess.py:93} INFO -   0   |     1     |      56.68%     | ❌
[2026-05-17T10:19:17.893+0000] {subprocess.py:93} INFO -   1   |     1     |      55.69%     | ✅
[2026-05-17T10:19:17.895+0000] {subprocess.py:93} INFO -   1   |     1     |      56.78%     | ✅
[2026-05-17T10:19:17.896+0000] {subprocess.py:93} INFO -   0   |     1     |      56.47%     | ❌
[2026-05-17T10:19:17.897+0000] {subprocess.py:93} INFO -   0   |     1     |      55.13%     | ❌
[2026-05-17T10:19:17.897+0000] {subprocess.py:93} INFO -   1   |     1     |      56.03%     | ✅
[2026-05-17T10:19:17.898+0000] {subprocess.py:93} INFO -   0   |     0     |      30.17%     | ✅
[2026-05-17T10:19:17.899+0000] {subprocess.py:93} INFO -   0   |     1     |      56.01%     | ❌
[2026-05-17T10:19:17.900+0000] {subprocess.py:93} INFO - ✅ Hasil prediksi probabilitas dan kelas untuk seluruh data berhasil disimpan ke /opt/airflow/multipage_app/model_results.csv.
[2026-05-17T10:19:17.901+0000] {subprocess.py:93} INFO - 
[2026-05-17T10:19:17.903+0000] {subprocess.py:93} INFO - --- Fitur Paling Berpengaruh ---
[2026-05-17T10:19:17.904+0000] {subprocess.py:93} INFO - city               616
[2026-05-17T10:19:17.905+0000] {subprocess.py:93} INFO - age                506
[2026-05-17T10:19:17.906+0000] {subprocess.py:93} INFO - state              490
[2026-05-17T10:19:17.907+0000] {subprocess.py:93} INFO - total_spend        454
[2026-05-17T10:19:17.908+0000] {subprocess.py:93} INFO - avg_order_value    369
[2026-05-17T10:19:17.911+0000] {subprocess.py:93} INFO - dtype: int32
[2026-05-17T10:19:17.912+0000] {subprocess.py:93} INFO - ✅ Model LightGBM dan Label Encoders berhasil disimpan ke /opt/airflow/multipage_app/model.pkl dan /opt/airflow/multipage_app/label_encoder.pkl.
[2026-05-17T10:19:17.913+0000] {subprocess.py:93} INFO - ✅ Proses modeling selesai dengan sukses!
[2026-05-17T10:19:18.275+0000] {subprocess.py:97} INFO - Command exited with return code 0
[2026-05-17T10:19:18.385+0000] {taskinstance.py:1138} INFO - Marking task as SUCCESS. dag_id=thelook_ecommerce_churn_pipeline, task_id=3_ml_retrain_and_predict, execution_date=20260517T101728, start_date=20260517T101903, end_date=20260517T101918
[2026-05-17T10:19:18.478+0000] {local_task_job_runner.py:234} INFO - Task exited with return code 0
[2026-05-17T10:19:18.537+0000] {taskinstance.py:3280} INFO - 1 downstream tasks scheduled from follow-on schedule check
