[2026-05-17T08:59:37.792+0000] {taskinstance.py:1956} INFO - Dependencies all met for dep_context=non-requeueable deps ti=<TaskInstance: thelook_ecommerce_churn_pipeline.3_ml_retrain_and_predict manual__2026-05-17T08:51:13.757592+00:00 [queued]>
[2026-05-17T08:59:37.823+0000] {taskinstance.py:1956} INFO - Dependencies all met for dep_context=requeueable deps ti=<TaskInstance: thelook_ecommerce_churn_pipeline.3_ml_retrain_and_predict manual__2026-05-17T08:51:13.757592+00:00 [queued]>
[2026-05-17T08:59:37.825+0000] {taskinstance.py:2170} INFO - Starting attempt 2 of 2
[2026-05-17T08:59:37.896+0000] {taskinstance.py:2191} INFO - Executing <Task(BashOperator): 3_ml_retrain_and_predict> on 2026-05-17 08:51:13.757592+00:00
[2026-05-17T08:59:37.912+0000] {standard_task_runner.py:60} INFO - Started process 208 to run task
[2026-05-17T08:59:37.924+0000] {standard_task_runner.py:87} INFO - Running: ['airflow', 'tasks', 'run', 'thelook_ecommerce_churn_pipeline', '3_ml_retrain_and_predict', 'manual__2026-05-17T08:51:13.757592+00:00', '--job-id', '24', '--raw', '--subdir', 'DAGS_FOLDER/churn_pipeline_dag.py', '--cfg-path', '/tmp/tmpk1i1iy3h']
[2026-05-17T08:59:37.937+0000] {standard_task_runner.py:88} INFO - Job 24: Subtask 3_ml_retrain_and_predict
[2026-05-17T08:59:38.046+0000] {logging_mixin.py:188} WARNING - /home/airflow/.local/lib/python3.10/site-packages/airflow/settings.py:194 DeprecationWarning: The sql_alchemy_conn option in [core] has been moved to the sql_alchemy_conn option in [database] - the old setting has been used, but please update your config.
[2026-05-17T08:59:38.218+0000] {task_command.py:423} INFO - Running <TaskInstance: thelook_ecommerce_churn_pipeline.3_ml_retrain_and_predict manual__2026-05-17T08:51:13.757592+00:00 [running]> on host 8dcafd7b7b97
[2026-05-17T08:59:38.467+0000] {taskinstance.py:2480} INFO - Exporting env vars: AIRFLOW_CTX_DAG_OWNER='reyhan_mauluddi' AIRFLOW_CTX_DAG_ID='thelook_ecommerce_churn_pipeline' AIRFLOW_CTX_TASK_ID='3_ml_retrain_and_predict' AIRFLOW_CTX_EXECUTION_DATE='2026-05-17T08:51:13.757592+00:00' AIRFLOW_CTX_TRY_NUMBER='2' AIRFLOW_CTX_DAG_RUN_ID='manual__2026-05-17T08:51:13.757592+00:00'
[2026-05-17T08:59:38.471+0000] {subprocess.py:63} INFO - Tmp dir root location: /tmp
[2026-05-17T08:59:38.474+0000] {subprocess.py:75} INFO - Running command: ['/usr/bin/bash', '-c', 'python3 /opt/airflow/scripts/ml.py']
[2026-05-17T08:59:38.494+0000] {subprocess.py:86} INFO - Output:
[2026-05-17T08:59:42.895+0000] {subprocess.py:93} INFO - Traceback (most recent call last):
[2026-05-17T08:59:42.897+0000] {subprocess.py:93} INFO -   File "/opt/airflow/scripts/ml.py", line 6, in <module>
[2026-05-17T08:59:42.900+0000] {subprocess.py:93} INFO -     from lightgbm import LGBMClassifier
[2026-05-17T08:59:42.901+0000] {subprocess.py:93} INFO -   File "/home/airflow/.local/lib/python3.10/site-packages/lightgbm/__init__.py", line 11, in <module>
[2026-05-17T08:59:42.902+0000] {subprocess.py:93} INFO -     from .basic import Booster, Dataset, Sequence, register_logger
[2026-05-17T08:59:42.903+0000] {subprocess.py:93} INFO -   File "/home/airflow/.local/lib/python3.10/site-packages/lightgbm/basic.py", line 9, in <module>
[2026-05-17T08:59:42.904+0000] {subprocess.py:93} INFO -     from .libpath import _LIB  # isort: skip
[2026-05-17T08:59:42.905+0000] {subprocess.py:93} INFO -   File "/home/airflow/.local/lib/python3.10/site-packages/lightgbm/libpath.py", line 49, in <module>
[2026-05-17T08:59:42.906+0000] {subprocess.py:93} INFO -     _LIB = ctypes.cdll.LoadLibrary(_find_lib_path()[0])
[2026-05-17T08:59:42.907+0000] {subprocess.py:93} INFO -   File "/usr/local/lib/python3.10/ctypes/__init__.py", line 452, in LoadLibrary
[2026-05-17T08:59:42.907+0000] {subprocess.py:93} INFO -     return self._dlltype(name)
[2026-05-17T08:59:42.908+0000] {subprocess.py:93} INFO -   File "/usr/local/lib/python3.10/ctypes/__init__.py", line 374, in __init__
[2026-05-17T08:59:42.909+0000] {subprocess.py:93} INFO -     self._handle = _dlopen(self._name, mode)
[2026-05-17T08:59:42.910+0000] {subprocess.py:93} INFO - OSError: libgomp.so.1: cannot open shared object file: No such file or directory
[2026-05-17T08:59:43.268+0000] {subprocess.py:97} INFO - Command exited with return code 1
[2026-05-17T08:59:43.297+0000] {taskinstance.py:2698} ERROR - Task failed with exception
Traceback (most recent call last):
  File "/home/airflow/.local/lib/python3.10/site-packages/airflow/models/taskinstance.py", line 433, in _execute_task
    result = execute_callable(context=context, **execute_callable_kwargs)
  File "/home/airflow/.local/lib/python3.10/site-packages/airflow/operators/bash.py", line 212, in execute
    raise AirflowException(
airflow.exceptions.AirflowException: Bash command failed. The command returned a non-zero exit code 1.
[2026-05-17T08:59:43.306+0000] {taskinstance.py:1138} INFO - Marking task as FAILED. dag_id=thelook_ecommerce_churn_pipeline, task_id=3_ml_retrain_and_predict, execution_date=20260517T085113, start_date=20260517T085937, end_date=20260517T085943
[2026-05-17T08:59:43.375+0000] {standard_task_runner.py:107} ERROR - Failed to execute job 24 for task 3_ml_retrain_and_predict (Bash command failed. The command returned a non-zero exit code 1.; 208)
[2026-05-17T08:59:43.431+0000] {local_task_job_runner.py:234} INFO - Task exited with return code 1
[2026-05-17T08:59:43.487+0000] {taskinstance.py:3280} INFO - 0 downstream tasks scheduled from follow-on schedule check
